Iteration	Posterior	Likelihood	Prior	mu_plumage
0	-1609.904	-1609.179	-0.7255886	0.7255886
500	-701.1919	-701.1808	-0.01105488	0.01105488
1000	-701.2095	-701.1986	-0.01094995	0.01094995
1500	-701.4672	-701.4553	-0.01190192	0.01190192
2000	-701.1914	-701.1802	-0.01125781	0.01125781
2500	-701.2675	-701.2567	-0.01077218	0.01077218
3000	-701.7681	-701.758	-0.01014771	0.01014771
3500	-701.2687	-701.2571	-0.01155681	0.01155681
4000	-701.1869	-701.1757	-0.01112201	0.01112201
4500	-701.1864	-701.1752	-0.01117628	0.01117628
5000	-701.3837	-701.3732	-0.01056088	0.01056088
5500	-701.2059	-701.1949	-0.01096689	0.01096689
6000	-701.4989	-701.487	-0.01194381	0.01194381
6500	-702.221	-702.2084	-0.01261687	0.01261687
7000	-703.7831	-703.774	-0.009103759	0.009103759
7500	-702.1275	-702.115	-0.01254649	0.01254649
8000	-701.2783	-701.2675	-0.01074769	0.01074769
8500	-701.191	-701.18	-0.01106299	0.01106299
9000	-707.1283	-707.1134	-0.01488105	0.01488105
9500	-701.3013	-701.2906	-0.01069999	0.01069999
10000	-701.9426	-701.9302	-0.01239709	0.01239709
10500	-701.7285	-701.7183	-0.01018153	0.01018153
11000	-701.1876	-701.1765	-0.01110703	0.01110703
11500	-701.1878	-701.1766	-0.01121303	0.01121303
12000	-701.2675	-701.2567	-0.01077221	0.01077221
12500	-704.4971	-704.4883	-0.008860168	0.008860168
13000	-701.2851	-701.2735	-0.0115952	0.0115952
13500	-701.2685	-701.2569	-0.01155622	0.01155622
14000	-702.0255	-702.0155	-0.009953008	0.009953008
14500	-701.2717	-701.2609	-0.01076246	0.01076246
15000	-701.651	-701.6388	-0.0121212	0.0121212
15500	-701.1943	-701.183	-0.01128201	0.01128201
16000	-701.7531	-701.7409	-0.01222518	0.01222518
16500	-701.459	-701.4485	-0.01045878	0.01045878
17000	-701.2433	-701.2325	-0.01083389	0.01083389
17500	-701.1878	-701.1765	-0.01121253	0.01121253
18000	-701.201	-701.19	-0.01099233	0.01099233
18500	-701.4353	-701.4249	-0.01048906	0.01048906
19000	-702.1872	-702.1747	-0.01259179	0.01259179
19500	-701.1955	-701.1845	-0.01102597	0.01102597
20000	-701.5813	-701.571	-0.01032045	0.01032045
20500	-701.1968	-701.1855	-0.01129969	0.01129969
21000	-701.4294	-701.4175	-0.01184891	0.01184891
21500	-701.6092	-701.5972	-0.01207567	0.01207567
22000	-702.0261	-702.0161	-0.009952622	0.009952622
22500	-701.2407	-701.2299	-0.01084122	0.01084122
23000	-701.6184	-701.6063	-0.01208586	0.01208586
23500	-701.1947	-701.1836	-0.01103218	0.01103218
24000	-702.9295	-702.92	-0.009452671	0.009452671
24500	-701.2664	-701.2556	-0.01077485	0.01077485
25000	-701.226	-701.2151	-0.01088709	0.01088709
25500	-701.5924	-701.5821	-0.01030912	0.01030912
26000	-701.5583	-701.548	-0.01034455	0.01034455
26500	-701.3119	-701.3002	-0.01165163	0.01165163
27000	-701.195	-701.1837	-0.01128706	0.01128706
27500	-702.957	-702.9439	-0.01309314	0.01309314
28000	-701.1877	-701.1766	-0.01110506	0.01110506
28500	-701.2841	-701.2734	-0.01073509	0.01073509
29000	-702.6626	-702.653	-0.009581176	0.009581176
29500	-701.3355	-701.3249	-0.01063745	0.01063745
30000	-701.1884	-701.1773	-0.01109301	0.01109301
30500	-703.1621	-703.1488	-0.01320894	0.01320894
31000	-701.5194	-701.509	-0.01038707	0.01038707
31500	-702.294	-702.2842	-0.00978207	0.00978207
32000	-701.6978	-701.6856	-0.0121701	0.0121701
32500	-703.2488	-703.2356	-0.01325634	0.01325634
33000	-701.2756	-701.2641	-0.01157342	0.01157342
33500	-701.1939	-701.1827	-0.01127927	0.01127927
34000	-703.8092	-703.7957	-0.0135436	0.0135436
34500	-701.3545	-701.3439	-0.010606	0.010606
35000	-701.2717	-701.261	-0.0107624	0.0107624
35500	-704.7127	-704.7039	-0.008792777	0.008792777
36000	-701.5137	-701.5018	-0.01196268	0.01196268
36500	-701.9708	-701.9584	-0.01242091	0.01242091
37000	-701.3042	-701.2926	-0.0116362	0.0116362
37500	-702.1563	-702.1438	-0.01256851	0.01256851
38000	-701.2363	-701.2255	-0.01085413	0.01085413
38500	-701.2278	-701.2163	-0.01144003	0.01144003
39000	-701.1971	-701.1861	-0.01101556	0.01101556
39500	-701.3968	-701.385	-0.01179997	0.01179997
40000	-701.7931	-701.7809	-0.0122635	0.0122635
40500	-702.0834	-702.0735	-0.009913843	0.009913843
41000	-701.3215	-701.3098	-0.01167043	0.01167043
41500	-701.2285	-701.2176	-0.01087877	0.01087877
42000	-701.1876	-701.1765	-0.01110575	0.01110575
42500	-701.6702	-701.6599	-0.01023386	0.01023386
43000	-701.9286	-701.9163	-0.01238518	0.01238518
43500	-701.2788	-701.2672	-0.01158076	0.01158076
44000	-701.1862	-701.1751	-0.01116693	0.01116693
44500	-701.6995	-701.6873	-0.01217179	0.01217179
45000	-701.5097	-701.4993	-0.01039811	0.01039811
45500	-701.1878	-701.1767	-0.01110367	0.01110367
46000	-701.4289	-701.4184	-0.0104976	0.0104976
46500	-701.1882	-701.1771	-0.01109668	0.01109668
47000	-702.2618	-702.252	-0.009801273	0.009801273
47500	-701.747	-701.7368	-0.01016557	0.01016557
48000	-701.5089	-701.497	-0.0119566	0.0119566
48500	-701.1952	-701.1839	-0.0112889	0.0112889
49000	-701.2089	-701.1979	-0.01095287	0.01095287
49500	-701.274	-701.2633	-0.0107572	0.0107572
50000	-701.2028	-701.1915	-0.01133583	0.01133583
50500	-704.4983	-704.4894	-0.00885981	0.00885981
51000	-704.175	-704.1613	-0.01371688	0.01371688
51500	-701.197	-701.186	-0.01101607	0.01101607
52000	-701.7649	-701.7527	-0.01223662	0.01223662
52500	-701.712	-701.7018	-0.01019606	0.01019606
53000	-701.1875	-701.1763	-0.01120733	0.01120733
53500	-701.1863	-701.1751	-0.01117331	0.01117331
54000	-701.3084	-701.2977	-0.01068632	0.01068632
54500	-703.551	-703.5376	-0.01341495	0.01341495
55000	-701.2123	-701.201	-0.01138127	0.01138127
55500	-701.2819	-701.2703	-0.01158785	0.01158785
56000	-701.1907	-701.1795	-0.01125083	0.01125083
56500	-701.3154	-701.3037	-0.01165865	0.01165865
57000	-701.3614	-701.3496	-0.01174244	0.01174244
57500	-701.376	-701.3642	-0.01176684	0.01176684
58000	-701.3876	-701.3758	-0.01178558	0.01178558
58500	-701.2439	-701.2331	-0.01083217	0.01083217
59000	-701.5333	-701.5229	-0.01037164	0.01037164
59500	-702.0453	-702.0354	-0.009939464	0.009939464
60000	-701.8506	-701.8383	-0.0123165	0.0123165
60500	-701.4108	-701.4002	-0.0105222	0.0105222
61000	-701.5665	-701.5545	-0.01202681	0.01202681
61500	-701.2812	-701.2697	-0.01158643	0.01158643
62000	-702.1564	-702.1465	-0.009866448	0.009866448
62500	-702.6643	-702.6548	-0.009580274	0.009580274
63000	-701.8127	-701.8004	-0.01228181	0.01228181
63500	-701.3169	-701.3062	-0.01067056	0.01067056
64000	-701.1914	-701.1803	-0.01105958	0.01105958
64500	-702.0567	-702.0468	-0.009931706	0.009931706
65000	-702.2288	-702.219	-0.009821269	0.009821269
65500	-701.2343	-701.2229	-0.01146169	0.01146169
66000	-702.132	-702.1221	-0.00988207	0.00988207
66500	-701.3548	-701.3442	-0.01060555	0.01060555
67000	-701.4804	-701.4685	-0.01191962	0.01191962
67500	-701.1939	-701.1826	-0.01127908	0.01127908
68000	-701.6298	-701.6177	-0.01209834	0.01209834
68500	-701.6154	-701.6051	-0.01028618	0.01028618
69000	-701.4174	-701.4056	-0.01183131	0.01183131
69500	-701.5094	-701.4974	-0.01195719	0.01195719
70000	-701.3351	-701.3234	-0.0116961	0.0116961
70500	-701.2987	-701.2871	-0.01162466	0.01162466
71000	-703.7141	-703.7006	-0.01349688	0.01349688
71500	-701.5365	-701.5245	-0.01199085	0.01199085
72000	-701.4993	-701.4873	-0.01194425	0.01194425
72500	-701.1938	-701.1826	-0.01127847	0.01127847
73000	-701.3263	-701.3147	-0.01167977	0.01167977
73500	-702.1322	-702.1196	-0.01255007	0.01255007
74000	-701.5346	-701.5226	-0.01198862	0.01198862
74500	-701.9866	-701.9766	-0.009980128	0.009980128
75000	-702.8228	-702.8098	-0.01301415	0.01301415
75500	-701.2414	-701.2299	-0.01148336	0.01148336
76000	-701.5009	-701.489	-0.01194639	0.01194639
76500	-701.2081	-701.1972	-0.01095632	0.01095632
77000	-702.978	-702.9685	-0.009430523	0.009430523
77500	-701.9372	-701.9248	-0.01239249	0.01239249
78000	-701.2615	-701.2499	-0.01153869	0.01153869
78500	-701.2207	-701.2092	-0.01141464	0.01141464
79000	-701.3289	-701.3183	-0.01064892	0.01064892
79500	-701.2791	-701.2684	-0.01074593	0.01074593
80000	-701.2982	-701.2866	-0.01162364	0.01162364
80500	-702.4529	-702.4432	-0.009691541	0.009691541
81000	-701.2562	-701.2454	-0.01079963	0.01079963
81500	-701.4707	-701.4588	-0.01190669	0.01190669
82000	-701.1923	-701.1811	-0.01126586	0.01126586
82500	-701.2543	-701.2428	-0.0115199	0.0115199
83000	-701.2122	-701.2013	-0.01093844	0.01093844
83500	-701.5541	-701.5421	-0.0120121	0.0120121
84000	-702.3691	-702.3594	-0.00973842	0.00973842
84500	-701.19	-701.1787	-0.01124274	0.01124274
85000	-701.4023	-701.3905	-0.01180847	0.01180847
85500	-701.4895	-701.4791	-0.01042166	0.01042166
86000	-701.638	-701.6278	-0.01026411	0.01026411
86500	-701.4452	-701.4348	-0.0104762	0.0104762
87000	-701.7294	-701.7192	-0.01018074	0.01018074
87500	-701.7937	-701.7814	-0.012264	0.012264
88000	-702.2762	-702.2636	-0.01265706	0.01265706
88500	-702.591	-702.5814	-0.009617804	0.009617804
89000	-701.7173	-701.7071	-0.01019137	0.01019137
89500	-701.9618	-701.9494	-0.01241333	0.01241333
90000	-701.1871	-701.1759	-0.01119951	0.01119951
90500	-701.4816	-701.4697	-0.01192127	0.01192127
91000	-701.8676	-701.8575	-0.01006781	0.01006781
91500	-701.274	-701.2632	-0.01075734	0.01075734
92000	-701.6013	-701.5892	-0.01206677	0.01206677
92500	-702.4111	-702.3983	-0.0127515	0.0127515
93000	-701.3756	-701.3638	-0.01176616	0.01176616
93500	-702.723	-702.71	-0.01295347	0.01295347
94000	-701.1874	-701.1763	-0.01111019	0.01111019
94500	-701.2074	-701.1961	-0.01135911	0.01135911
95000	-702.4933	-702.4836	-0.009669517	0.009669517
95500	-701.5229	-701.5125	-0.01038318	0.01038318
96000	-701.6043	-701.5922	-0.01207013	0.01207013
96500	-701.1961	-701.185	-0.01102235	0.01102235
97000	-701.2347	-701.2238	-0.01085925	0.01085925
97500	-701.2094	-701.1985	-0.01095049	0.01095049
98000	-701.8593	-701.8492	-0.01007424	0.01007424
98500	-701.2231	-701.2122	-0.01089689	0.01089689
99000	-701.1862	-701.175	-0.01116411	0.01116411
99500	-701.4073	-701.3955	-0.01181613	0.01181613
100000	-701.7018	-701.6897	-0.0121742	0.0121742
100500	-701.2662	-701.2546	-0.01155059	0.01155059
101000	-701.8957	-701.8833	-0.01235659	0.01235659
101500	-702.0775	-702.065	-0.01250755	0.01250755
102000	-701.2042	-701.1932	-0.0109751	0.0109751
102500	-701.5858	-701.5738	-0.01204919	0.01204919
103000	-701.6096	-701.5993	-0.01029187	0.01029187
103500	-701.4763	-701.4659	-0.01043742	0.01043742
104000	-701.1923	-701.181	-0.01126567	0.01126567
104500	-701.8591	-701.849	-0.01007443	0.01007443
105000	-701.4756	-701.4637	-0.01191322	0.01191322
105500	-701.3577	-701.3459	-0.01173616	0.01173616
106000	-702.5922	-702.5793	-0.01287126	0.01287126
106500	-701.2543	-701.2435	-0.01080441	0.01080441
107000	-701.4908	-701.4803	-0.01042014	0.01042014
107500	-701.3313	-701.3196	-0.01168908	0.01168908
108000	-701.304	-701.2924	-0.01163573	0.01163573
108500	-701.2387	-701.2279	-0.01084705	0.01084705
109000	-701.3891	-701.3773	-0.01178796	0.01178796
109500	-701.277	-701.2654	-0.01157664	0.01157664
110000	-702.3287	-702.316	-0.01269439	0.01269439
110500	-701.1882	-701.1771	-0.01109723	0.01109723
111000	-701.5895	-701.5774	-0.0120534	0.0120534
111500	-701.1966	-701.1856	-0.01101862	0.01101862
112000	-701.1976	-701.1863	-0.01130536	0.01130536
112500	-702.1024	-702.0925	-0.009901302	0.009901302
113000	-701.2266	-701.2157	-0.01088497	0.01088497
113500	-702.2874	-702.2777	-0.009785963	0.009785963
114000	-701.8584	-701.846	-0.01232349	0.01232349
114500	-701.5524	-701.5404	-0.01201007	0.01201007
115000	-701.519	-701.507	-0.01196927	0.01196927
115500	-701.1869	-701.1757	-0.0111947	0.0111947
116000	-701.1877	-701.1764	-0.01121069	0.01121069
116500	-701.1865	-701.1754	-0.01118408	0.01118408
117000	-701.1862	-701.1751	-0.01116916	0.01116916
117500	-701.4276	-701.4171	-0.01049932	0.01049932
118000	-701.5653	-701.555	-0.01033713	0.01033713
118500	-701.4857	-701.4738	-0.01192661	0.01192661
119000	-701.3153	-701.3037	-0.01165852	0.01165852
119500	-701.2773	-701.2657	-0.01157725	0.01157725
120000	-701.1871	-701.1759	-0.0111174	0.0111174
120500	-701.2806	-701.269	-0.01158502	0.01158502
121000	-701.1862	-701.1751	-0.01114987	0.01114987
121500	-701.5164	-701.5061	-0.01039045	0.01039045
122000	-701.4944	-701.4824	-0.01193792	0.01193792
122500	-701.7385	-701.7263	-0.01221087	0.01221087
123000	-701.5306	-701.5187	-0.01198373	0.01198373
123500	-701.4358	-701.4253	-0.01048852	0.01048852
124000	-701.1893	-701.1782	-0.01108183	0.01108183
124500	-701.3453	-701.3336	-0.0117146	0.0117146
125000	-702.2045	-702.1947	-0.009836255	0.009836255
125500	-701.5194	-701.5075	-0.01196984	0.01196984
126000	-701.8664	-701.8563	-0.01006877	0.01006877
126500	-701.3725	-701.3619	-0.01057783	0.01057783
127000	-701.2382	-701.2267	-0.01147369	0.01147369
127500	-701.4801	-701.4697	-0.01043282	0.01043282
128000	-701.1955	-701.1842	-0.011291	0.011291
128500	-701.3404	-701.3298	-0.01062921	0.01062921
129000	-701.4367	-701.4248	-0.01185941	0.01185941
129500	-702.0343	-702.0219	-0.0124731	0.0124731
130000	-701.2137	-701.2023	-0.01138719	0.01138719
130500	-701.2841	-701.2734	-0.0107351	0.0107351
131000	-701.43	-701.4181	-0.01184978	0.01184978
131500	-701.4356	-701.4238	-0.01185796	0.01185796
132000	-701.8166	-701.8065	-0.01010791	0.01010791
132500	-702.2102	-702.2003	-0.009832736	0.009832736
133000	-701.5483	-701.538	-0.01035522	0.01035522
133500	-701.3191	-701.3084	-0.01066651	0.01066651
134000	-701.4498	-701.4379	-0.01187803	0.01187803
134500	-701.1862	-701.1751	-0.01115053	0.01115053
135000	-701.7475	-701.7353	-0.01221971	0.01221971
135500	-703.0825	-703.0693	-0.01316465	0.01316465
136000	-701.2078	-701.1969	-0.01095776	0.01095776
136500	-702.0548	-702.0423	-0.01248952	0.01248952
137000	-702.1063	-702.0964	-0.009898767	0.009898767
137500	-701.336	-701.3254	-0.0106367	0.0106367
138000	-701.9321	-701.9197	-0.01238817	0.01238817
138500	-701.3373	-701.3256	-0.01170013	0.01170013
139000	-701.3887	-701.3769	-0.01178735	0.01178735
139500	-702.1266	-702.1141	-0.01254579	0.01254579
140000	-701.4798	-701.4679	-0.01191885	0.01191885
140500	-701.2363	-701.2254	-0.01085439	0.01085439
141000	-702.1959	-702.1861	-0.009841586	0.009841586
141500	-701.3877	-701.3759	-0.01178572	0.01178572
142000	-701.2375	-701.226	-0.0114716	0.0114716
142500	-701.1899	-701.1787	-0.01124189	0.01124189
143000	-701.2292	-701.2177	-0.01144481	0.01144481
143500	-703.1813	-703.168	-0.0132195	0.0132195
144000	-701.1906	-701.1794	-0.01124948	0.01124948
144500	-701.239	-701.2276	-0.01147635	0.01147635
145000	-701.6619	-701.6498	-0.01213281	0.01213281
145500	-701.2256	-701.2142	-0.01143268	0.01143268
146000	-702.4532	-702.4435	-0.009691361	0.009691361
146500	-701.1863	-701.1751	-0.01114636	0.01114636
147000	-701.1862	-701.1751	-0.01114932	0.01114932
147500	-701.2028	-701.1919	-0.01098216	0.01098216
148000	-701.2123	-701.2009	-0.01138102	0.01138102
148500	-701.2854	-701.2747	-0.01073235	0.01073235
149000	-701.1923	-701.1813	-0.0110509	0.0110509
149500	-701.4728	-701.4609	-0.01190947	0.01190947
150000	-701.4344	-701.4225	-0.01185618	0.01185618
150500	-701.2061	-701.1952	-0.01096561	0.01096561
151000	-702.5231	-702.5135	-0.009653512	0.009653512
151500	-701.2374	-701.2266	-0.01085087	0.01085087
152000	-701.6556	-701.6453	-0.01024749	0.01024749
152500	-701.3149	-701.3032	-0.01165761	0.01165761
153000	-703.5899	-703.5765	-0.01343472	0.01343472
153500	-703.4218	-703.4084	-0.01334827	0.01334827
154000	-703.4233	-703.414	-0.009241388	0.009241388
154500	-701.6964	-701.6862	-0.0102099	0.0102099
155000	-701.2113	-701.2004	-0.01094214	0.01094214
155500	-701.7155	-701.7033	-0.01218802	0.01218802
156000	-701.3139	-701.3032	-0.01067604	0.01067604
156500	-701.1945	-701.1832	-0.01128374	0.01128374
157000	-701.8581	-701.848	-0.01007516	0.01007516
157500	-701.3653	-701.3536	-0.01174914	0.01174914
158000	-701.9698	-701.9598	-0.009992047	0.009992047
158500	-701.8588	-701.8488	-0.01007458	0.01007458
159000	-701.6739	-701.6637	-0.01023042	0.01023042
159500	-701.2889	-701.2782	-0.01072498	0.01072498
160000	-701.4306	-701.4187	-0.01185067	0.01185067
160500	-701.1919	-701.1808	-0.01105503	0.01105503
161000	-701.2749	-701.2633	-0.01157169	0.01157169
161500	-701.3729	-701.3623	-0.01057722	0.01057722
162000	-702.1445	-702.1346	-0.00987404	0.00987404
162500	-701.3138	-701.3031	-0.01067627	0.01067627
163000	-701.3457	-701.334	-0.0117153	0.0117153
163500	-702.1744	-702.1619	-0.01258219	0.01258219
164000	-702.1227	-702.1128	-0.009888092	0.009888092
164500	-702.232	-702.2194	-0.01262493	0.01262493
165000	-704.2561	-704.2424	-0.01375405	0.01375405
165500	-702.5948	-702.5852	-0.009615833	0.009615833
166000	-701.2573	-701.2465	-0.01079677	0.01079677
166500	-702.1884	-702.1758	-0.01259265	0.01259265
167000	-701.2079	-701.1966	-0.01136151	0.01136151
167500	-701.7951	-701.7828	-0.01226535	0.01226535
168000	-702.8931	-702.88	-0.01305587	0.01305587
168500	-701.3251	-701.3135	-0.01167747	0.01167747
169000	-703.8875	-703.8785	-0.00906589	0.00906589
169500	-701.2214	-701.21	-0.01141745	0.01141745
170000	-701.6703	-701.6601	-0.0102337	0.0102337
170500	-701.1872	-701.176	-0.01120101	0.01120101
171000	-701.2711	-701.2595	-0.01156261	0.01156261
171500	-701.2025	-701.1915	-0.01098384	0.01098384
172000	-701.34	-701.3294	-0.01062988	0.01062988
172500	-701.2562	-701.2454	-0.01079959	0.01079959
173000	-701.4117	-701.3999	-0.0118228	0.0118228
173500	-701.9237	-701.9113	-0.01238095	0.01238095
174000	-701.1875	-701.1763	-0.01120725	0.01120725
174500	-701.2089	-701.1979	-0.01095299	0.01095299
175000	-701.7958	-701.7857	-0.01012476	0.01012476
175500	-701.1994	-701.188	-0.0113162	0.0113162
176000	-701.2068	-701.1959	-0.01096233	0.01096233
176500	-702.8723	-702.8592	-0.01304358	0.01304358
177000	-703.7883	-703.7747	-0.01353337	0.01353337
177500	-701.7515	-701.7413	-0.01016178	0.01016178
178000	-701.3528	-701.3422	-0.0106088	0.0106088
178500	-701.1922	-701.1811	-0.01105222	0.01105222
179000	-701.588	-701.576	-0.01205174	0.01205174
179500	-701.9443	-701.9319	-0.01239854	0.01239854
180000	-701.5586	-701.5482	-0.01034428	0.01034428
180500	-702.5039	-702.4911	-0.01281383	0.01281383
181000	-701.8756	-701.8633	-0.01233891	0.01233891
181500	-701.2565	-701.245	-0.01152589	0.01152589
182000	-701.2121	-701.2007	-0.01138013	0.01138013
182500	-701.5892	-701.5789	-0.01031243	0.01031243
183000	-702.9254	-702.9159	-0.009454554	0.009454554
183500	-701.6424	-701.6303	-0.01211207	0.01211207
184000	-701.1885	-701.1773	-0.01122406	0.01122406
184500	-701.1935	-701.1823	-0.01127612	0.01127612
185000	-702.629	-702.6194	-0.009598232	0.009598232
185500	-701.7657	-701.7535	-0.0122374	0.0122374
186000	-702.2297	-702.2198	-0.009820764	0.009820764
186500	-701.948	-701.938	-0.01000772	0.01000772
187000	-701.2163	-701.2049	-0.01139781	0.01139781
187500	-701.7337	-701.7235	-0.01017706	0.01017706
188000	-701.1866	-701.1754	-0.01118559	0.01118559
188500	-701.3046	-701.2929	-0.01163686	0.01163686
189000	-701.5049	-701.4945	-0.01040365	0.01040365
189500	-701.459	-701.4471	-0.01189077	0.01189077
190000	-701.2244	-701.2129	-0.01142817	0.01142817
190500	-701.323	-701.3123	-0.01065947	0.01065947
191000	-702.9556	-702.9462	-0.009440684	0.009440684
191500	-702.1524	-702.1399	-0.01256555	0.01256555
192000	-702.2236	-702.211	-0.0126188	0.0126188
192500	-701.1927	-701.1814	-0.01126895	0.01126895
193000	-701.2952	-701.2836	-0.01161727	0.01161727
193500	-701.6509	-701.6388	-0.01212118	0.01212118
194000	-701.2283	-701.2169	-0.01144193	0.01144193
194500	-701.1886	-701.1775	-0.01109086	0.01109086
195000	-701.2753	-701.2638	-0.01157272	0.01157272
195500	-701.6539	-701.6418	-0.01212433	0.01212433
196000	-701.6812	-701.6691	-0.01215305	0.01215305
196500	-701.2431	-701.2316	-0.01148844	0.01148844
197000	-701.4934	-701.4814	-0.01193663	0.01193663
197500	-701.3891	-701.3774	-0.011788	0.011788
198000	-701.3804	-701.3686	-0.01177394	0.01177394
198500	-701.1978	-701.1868	-0.01101116	0.01101116
199000	-702.6547	-702.6451	-0.009585146	0.009585146
199500	-701.5815	-701.5712	-0.01032029	0.01032029
200000	-701.4032	-701.3927	-0.01053273	0.01053273
200500	-701.2365	-701.2256	-0.01085373	0.01085373
201000	-701.1942	-701.1832	-0.01103583	0.01103583
201500	-701.7203	-701.7101	-0.0101887	0.0101887
202000	-702.2035	-702.1909	-0.0126039	0.0126039
202500	-701.587	-701.5767	-0.01031465	0.01031465
203000	-701.4494	-701.4375	-0.01187745	0.01187745
203500	-701.395	-701.3832	-0.01179718	0.01179718
204000	-703.1167	-703.1073	-0.009369013	0.009369013
204500	-701.8987	-701.8887	-0.01004412	0.01004412
205000	-701.248	-701.2372	-0.01082102	0.01082102
205500	-701.2783	-701.2676	-0.01074764	0.01074764
206000	-701.2165	-701.2056	-0.01092121	0.01092121
206500	-701.2006	-701.1896	-0.01099418	0.01099418
207000	-701.228	-701.2165	-0.01144083	0.01144083
207500	-701.2288	-701.2174	-0.0114437	0.0114437
208000	-701.3265	-701.3148	-0.01168009	0.01168009
208500	-702.3199	-702.3101	-0.009766876	0.009766876
209000	-701.4924	-701.4805	-0.0119354	0.0119354
209500	-701.2002	-701.1889	-0.01132144	0.01132144
210000	-701.2127	-701.2018	-0.01093631	0.01093631
210500	-701.2829	-701.2722	-0.01073772	0.01073772
211000	-705.6142	-705.5999	-0.01432487	0.01432487
211500	-701.2033	-701.1923	-0.01097991	0.01097991
212000	-701.6423	-701.6302	-0.01211195	0.01211195
212500	-702.0222	-702.0097	-0.01246326	0.01246326
213000	-701.427	-701.4165	-0.0105001	0.0105001
213500	-701.5346	-701.5226	-0.01198852	0.01198852
214000	-701.8985	-701.8862	-0.01235909	0.01235909
214500	-701.2183	-701.2069	-0.01140573	0.01140573
215000	-701.3913	-701.3808	-0.01054976	0.01054976
215500	-703.5212	-703.512	-0.009202742	0.009202742
216000	-701.1998	-701.1888	-0.01099871	0.01099871
216500	-702.3375	-702.3277	-0.009756613	0.009756613
217000	-701.349	-701.3383	-0.01061499	0.01061499
217500	-701.2036	-701.1926	-0.01097837	0.01097837
218000	-701.2149	-701.2035	-0.01139219	0.01139219
218500	-701.2878	-701.2762	-0.01160116	0.01160116
219000	-701.1883	-701.177	-0.01122077	0.01122077
219500	-701.7063	-701.6961	-0.01020104	0.01020104
220000	-701.6884	-701.6762	-0.01216046	0.01216046
220500	-701.1989	-701.1879	-0.01100401	0.01100401
221000	-702.0396	-702.0271	-0.01247734	0.01247734
221500	-701.5631	-701.5511	-0.01202282	0.01202282
222000	-701.4744	-701.4625	-0.01191158	0.01191158
222500	-701.3577	-701.3471	-0.0106008	0.0106008
223000	-702.8747	-702.8616	-0.013045	0.013045
223500	-701.1866	-701.1755	-0.01112903	0.01112903
224000	-702.5338	-702.5242	-0.009647819	0.009647819
224500	-702.0356	-702.0231	-0.0124741	0.0124741
225000	-701.3739	-701.3633	-0.01057569	0.01057569
225500	-701.212	-701.2006	-0.01137963	0.01137963
226000	-701.8931	-701.8807	-0.0123543	0.0123543
226500	-701.3736	-701.363	-0.01057612	0.01057612
227000	-702.0106	-701.9982	-0.01245383	0.01245383
227500	-701.2598	-701.249	-0.01079075	0.01079075
228000	-704.0972	-704.0882	-0.008992338	0.008992338
228500	-701.1862	-701.175	-0.01116607	0.01116607
229000	-701.1941	-701.183	-0.01103688	0.01103688
229500	-701.4084	-701.3965	-0.01181775	0.01181775
230000	-702.2658	-702.256	-0.009798901	0.009798901
230500	-703.0955	-703.0823	-0.01317197	0.01317197
231000	-701.1874	-701.1762	-0.0111111	0.0111111
231500	-701.2164	-701.205	-0.01139827	0.01139827
232000	-701.3665	-701.356	-0.01058697	0.01058697
232500	-701.5496	-701.5376	-0.01200673	0.01200673
233000	-701.5975	-701.5854	-0.01206246	0.01206246
233500	-701.239	-701.2275	-0.01147614	0.01147614
234000	-701.6707	-701.6605	-0.01023333	0.01023333
234500	-701.9377	-701.9253	-0.0123929	0.0123929
235000	-701.2105	-701.1991	-0.01137334	0.01137334
235500	-701.8915	-701.8791	-0.01235294	0.01235294
236000	-701.22	-701.2086	-0.01141205	0.01141205
236500	-701.2214	-701.2105	-0.01090293	0.01090293
237000	-701.1877	-701.1765	-0.01121106	0.01121106
237500	-701.5268	-701.5148	-0.01197892	0.01197892
238000	-702.0384	-702.0284	-0.00994419	0.00994419
238500	-701.2658	-701.255	-0.01077616	0.01077616
239000	-701.1878	-701.1767	-0.01110371	0.01110371
239500	-701.2664	-701.2549	-0.01155114	0.01155114
240000	-702.4671	-702.4574	-0.009683732	0.009683732
240500	-701.6205	-701.6084	-0.01208814	0.01208814
241000	-701.4548	-701.4443	-0.01046406	0.01046406
241500	-701.5681	-701.5578	-0.01033416	0.01033416
242000	-701.994	-701.984	-0.009974896	0.009974896
242500	-702.0759	-702.0659	-0.009918887	0.009918887
243000	-702.3961	-702.3863	-0.009723155	0.009723155
243500	-701.762	-701.7518	-0.01015288	0.01015288
244000	-701.1955	-701.1842	-0.0112912	0.0112912
244500	-701.2294	-701.218	-0.01144572	0.01144572
245000	-701.1926	-701.1813	-0.01126794	0.01126794
245500	-701.3663	-701.3557	-0.0105873	0.0105873
246000	-701.2022	-701.1912	-0.01098559	0.01098559
246500	-702.7439	-702.7309	-0.01296631	0.01296631
247000	-701.1877	-701.1765	-0.01121136	0.01121136
247500	-701.1921	-701.181	-0.01105337	0.01105337
248000	-705.1589	-705.1502	-0.008660669	0.008660669
248500	-701.4575	-701.4456	-0.01188872	0.01188872
249000	-701.305	-701.2934	-0.0116378	0.0116378
249500	-701.1908	-701.1795	-0.01125113	0.01125113
250000	-701.2153	-701.204	-0.01139387	0.01139387
250500	-701.2372	-701.2257	-0.01147058	0.01147058
251000	-701.3658	-701.354	-0.01174991	0.01174991
251500	-701.4123	-701.4018	-0.01052007	0.01052007
252000	-705.409	-705.4004	-0.008590433	0.008590433
252500	-703.5915	-703.5824	-0.009175556	0.009175556
253000	-701.4358	-701.424	-0.01185824	0.01185824
253500	-701.2162	-701.2053	-0.01092231	0.01092231
254000	-701.3719	-701.3602	-0.01176017	0.01176017
254500	-701.3037	-701.2921	-0.01163518	0.01163518
255000	-701.2064	-701.1954	-0.01096452	0.01096452
255500	-701.2913	-701.2806	-0.01071999	0.01071999
256000	-701.2242	-701.2128	-0.01142773	0.01142773
256500	-702.2695	-702.2568	-0.01265221	0.01265221
257000	-701.7204	-701.7082	-0.01219291	0.01219291
257500	-702.8251	-702.812	-0.01301549	0.01301549
258000	-701.2378	-701.2263	-0.01147262	0.01147262
258500	-701.1978	-701.1865	-0.01130668	0.01130668
259000	-701.4356	-701.4238	-0.01185796	0.01185796
259500	-701.3689	-701.3572	-0.01175517	0.01175517
260000	-701.4032	-701.3914	-0.01180992	0.01180992
260500	-701.2328	-701.2213	-0.01145678	0.01145678
261000	-702.0565	-702.0466	-0.009931846	0.009931846
261500	-701.2245	-701.2131	-0.01142866	0.01142866
262000	-701.1865	-701.1753	-0.01118197	0.01118197
262500	-702.4841	-702.4745	-0.009674476	0.009674476
263000	-701.1905	-701.1794	-0.01106809	0.01106809
263500	-701.2433	-701.2325	-0.01083401	0.01083401
264000	-701.3371	-701.3265	-0.01063479	0.01063479
264500	-705.3194	-705.3052	-0.01420797	0.01420797
265000	-701.3024	-701.2917	-0.01069795	0.01069795
265500	-701.7283	-701.7161	-0.01220078	0.01220078
266000	-701.1976	-701.1866	-0.01101236	0.01101236
266500	-701.3579	-701.3473	-0.01060057	0.01060057
267000	-702.0964	-702.0865	-0.009905252	0.009905252
267500	-701.9047	-701.8946	-0.01003967	0.01003967
268000	-702.1563	-702.1465	-0.009866476	0.009866476
268500	-702.0177	-702.0053	-0.01245962	0.01245962
269000	-701.1871	-701.1759	-0.01119968	0.01119968
269500	-701.5425	-701.5321	-0.01036159	0.01036159
270000	-701.1962	-701.1851	-0.01102171	0.01102171
270500	-701.3204	-701.3088	-0.01166846	0.01166846
271000	-701.3625	-701.3507	-0.01174435	0.01174435
271500	-701.7617	-701.7494	-0.01223349	0.01223349
272000	-701.9033	-701.8909	-0.01236327	0.01236327
272500	-701.5325	-701.5205	-0.01198599	0.01198599
273000	-701.7472	-701.7349	-0.01221938	0.01221938
273500	-701.6895	-701.6773	-0.01216157	0.01216157
274000	-701.4255	-701.415	-0.01050217	0.01050217
274500	-701.7269	-701.7167	-0.01018297	0.01018297
275000	-701.1953	-701.184	-0.01128939	0.01128939
275500	-701.3157	-701.3051	-0.01067263	0.01067263
276000	-701.2684	-701.2576	-0.01077014	0.01077014
276500	-701.398	-701.3862	-0.01180188	0.01180188
277000	-701.3817	-701.3699	-0.01177602	0.01177602
277500	-701.3791	-701.3674	-0.01177197	0.01177197
278000	-702.2068	-702.1942	-0.01260633	0.01260633
278500	-701.1901	-701.1789	-0.01124461	0.01124461
279000	-701.6359	-701.6238	-0.01210498	0.01210498
279500	-701.3336	-701.323	-0.01064075	0.01064075
280000	-701.3584	-701.3478	-0.01059968	0.01059968
280500	-701.766	-701.7538	-0.01223769	0.01223769
281000	-701.2657	-701.2549	-0.01077647	0.01077647
281500	-701.6215	-701.6094	-0.01208929	0.01208929
282000	-702.4043	-702.3946	-0.009718498	0.009718498
282500	-701.1932	-701.182	-0.01127364	0.01127364
283000	-701.4169	-701.4064	-0.01051378	0.01051378
283500	-701.6077	-701.5974	-0.01029381	0.01029381
284000	-701.1863	-701.1751	-0.0111453	0.0111453
284500	-702.2163	-702.2037	-0.01261341	0.01261341
285000	-701.1874	-701.1763	-0.01110943	0.01110943
285500	-702.1897	-702.1771	-0.01259362	0.01259362
286000	-701.607	-701.595	-0.01207322	0.01207322
286500	-702.0448	-702.0349	-0.009939795	0.009939795
287000	-702.2516	-702.2389	-0.01263923	0.01263923
287500	-701.3453	-701.3347	-0.01062101	0.01062101
288000	-704.3012	-704.2923	-0.008923674	0.008923674
288500	-701.4678	-701.4559	-0.01190281	0.01190281
289000	-701.1882	-701.1771	-0.01109723	0.01109723
289500	-702.3756	-702.3659	-0.009734726	0.009734726
290000	-702.201	-702.1911	-0.009838433	0.009838433
290500	-701.5243	-701.5123	-0.01197584	0.01197584
291000	-701.2015	-701.1902	-0.01132852	0.01132852
291500	-701.5094	-701.4974	-0.01195714	0.01195714
292000	-701.5611	-701.5508	-0.01034155	0.01034155
292500	-701.1952	-701.1842	-0.01102832	0.01102832
293000	-701.2204	-701.2095	-0.01090645	0.01090645
293500	-701.1996	-701.1883	-0.01131773	0.01131773
294000	-703.1141	-703.1009	-0.01318236	0.01318236
294500	-701.1986	-701.1873	-0.01131177	0.01131177
295000	-701.345	-701.3333	-0.011714	0.011714
295500	-701.1875	-701.1764	-0.01110866	0.01110866
296000	-701.6331	-701.621	-0.01210193	0.01210193
296500	-703.8765	-703.8629	-0.01357622	0.01357622
297000	-703.8608	-703.8473	-0.01356866	0.01356866
297500	-701.6357	-701.6254	-0.01026641	0.01026641
298000	-701.3481	-701.3375	-0.01061638	0.01061638
298500	-704.4073	-704.3935	-0.01382225	0.01382225
299000	-701.2764	-701.2657	-0.01075185	0.01075185
299500	-702.3166	-702.3068	-0.00976879	0.00976879
300000	-701.2123	-701.2014	-0.01093814	0.01093814
300500	-701.2075	-701.1965	-0.0109592	0.0109592
301000	-701.194	-701.1827	-0.0112795	0.0112795
301500	-701.7703	-701.7581	-0.01224178	0.01224178
302000	-701.3358	-701.3241	-0.0116973	0.0116973
302500	-701.9064	-701.8963	-0.0100384	0.0100384
303000	-701.7237	-701.7135	-0.01018574	0.01018574
303500	-701.187	-701.1758	-0.01119627	0.01119627
304000	-701.2925	-701.2818	-0.01071754	0.01071754
304500	-701.3668	-701.3562	-0.01058652	0.01058652
305000	-701.2676	-701.2569	-0.01077183	0.01077183
305500	-702.0478	-702.0378	-0.009937785	0.009937785
306000	-701.472	-701.4601	-0.01190847	0.01190847
306500	-701.34	-701.3294	-0.01062988	0.01062988
307000	-701.8146	-701.8045	-0.01010954	0.01010954
307500	-702.9189	-702.9059	-0.01307102	0.01307102
308000	-701.3525	-701.3408	-0.01172724	0.01172724
308500	-703.0431	-703.0337	-0.009401302	0.009401302
309000	-703.5556	-703.5464	-0.009189395	0.009189395
309500	-701.7268	-701.7146	-0.01219931	0.01219931
310000	-701.19	-701.179	-0.01107322	0.01107322
310500	-701.2788	-701.268	-0.01074663	0.01074663
311000	-702.8118	-702.7987	-0.01300751	0.01300751
311500	-701.1863	-701.1752	-0.01117583	0.01117583
312000	-702.5486	-702.5357	-0.01284308	0.01284308
312500	-701.7892	-701.7791	-0.0101302	0.0101302
313000	-702.5585	-702.5489	-0.009634776	0.009634776
313500	-701.2923	-701.2816	-0.01071794	0.01071794
314000	-701.2021	-701.1911	-0.01098592	0.01098592
314500	-701.4281	-701.4163	-0.01184713	0.01184713
315000	-701.188	-701.1767	-0.01121588	0.01121588
315500	-701.6428	-701.6306	-0.01211242	0.01211242
316000	-701.5767	-701.5647	-0.0120387	0.0120387
316500	-704.315	-704.3013	-0.01378079	0.01378079
317000	-701.2175	-701.2061	-0.01140261	0.01140261
317500	-701.2029	-701.1919	-0.01098174	0.01098174
318000	-701.6156	-701.6053	-0.01028591	0.01028591
318500	-702.1579	-702.1453	-0.01256968	0.01256968
319000	-701.4713	-701.4609	-0.01044348	0.01044348
319500	-701.3459	-701.3353	-0.01062005	0.01062005
320000	-701.2426	-701.2318	-0.0108359	0.0108359
320500	-701.2711	-701.2603	-0.01076387	0.01076387
321000	-701.2065	-701.1951	-0.0113544	0.0113544
321500	-701.6515	-701.6413	-0.0102513	0.0102513
322000	-706.3499	-706.3353	-0.01460339	0.01460339
322500	-701.7305	-701.7203	-0.01017978	0.01017978
323000	-701.3854	-701.3748	-0.01055848	0.01055848
323500	-701.21	-701.199	-0.0109481	0.0109481
324000	-701.4456	-701.4351	-0.01047574	0.01047574
324500	-702.7091	-702.6962	-0.01294492	0.01294492
325000	-701.1994	-701.1884	-0.01100134	0.01100134
325500	-701.3892	-701.3774	-0.011788	0.011788
326000	-701.2597	-701.2482	-0.01153424	0.01153424
326500	-701.4935	-701.4815	-0.01193675	0.01193675
327000	-701.3193	-701.3077	-0.01166633	0.01166633
327500	-701.4507	-701.4388	-0.01187924	0.01187924
328000	-701.3495	-701.3378	-0.01172199	0.01172199
328500	-703.2231	-703.2099	-0.01324239	0.01324239
329000	-702.3975	-702.3878	-0.009722324	0.009722324
329500	-701.7321	-701.7199	-0.01220453	0.01220453
330000	-701.2638	-701.2522	-0.01154452	0.01154452
330500	-701.2294	-701.2186	-0.0108756	0.0108756
331000	-701.1863	-701.1751	-0.01114498	0.01114498
331500	-701.5157	-701.5053	-0.01039131	0.01039131
332000	-701.5345	-701.5225	-0.01198848	0.01198848
332500	-701.1915	-701.1805	-0.01105822	0.01105822
333000	-701.3612	-701.3495	-0.01174223	0.01174223
333500	-702.2044	-702.1918	-0.01260461	0.01260461
334000	-701.3327	-701.322	-0.01064241	0.01064241
334500	-701.7438	-701.7337	-0.0101683	0.0101683
335000	-701.4009	-701.3904	-0.01053596	0.01053596
335500	-701.1945	-701.1832	-0.0112837	0.0112837
336000	-702.4995	-702.4867	-0.0128109	0.0128109
336500	-701.3641	-701.3535	-0.01059071	0.01059071
337000	-702.4623	-702.4526	-0.009686348	0.009686348
337500	-701.1876	-701.1764	-0.01121047	0.01121047
338000	-701.3885	-701.378	-0.01055386	0.01055386
338500	-701.7961	-701.786	-0.01012453	0.01012453
339000	-701.3306	-701.3189	-0.01168783	0.01168783
339500	-702.3715	-702.3587	-0.01272428	0.01272428
340000	-701.265	-701.2543	-0.01077796	0.01077796
340500	-701.7358	-701.7256	-0.01017522	0.01017522
341000	-701.4401	-701.4296	-0.01048282	0.01048282
341500	-701.65	-701.6397	-0.01025274	0.01025274
342000	-701.1919	-701.1809	-0.0110544	0.0110544
342500	-701.7965	-701.7842	-0.01226664	0.01226664
343000	-701.2184	-701.2075	-0.01091408	0.01091408
343500	-701.2492	-701.2377	-0.01150607	0.01150607
344000	-701.4728	-701.4609	-0.01190955	0.01190955
344500	-701.2842	-701.2735	-0.01073491	0.01073491
345000	-701.2599	-701.2483	-0.01153463	0.01153463
345500	-701.4827	-701.4708	-0.01192265	0.01192265
346000	-701.6309	-701.6207	-0.01027097	0.01027097
346500	-701.1994	-701.1881	-0.01131628	0.01131628
347000	-701.5643	-701.5539	-0.01033823	0.01033823
347500	-701.663	-701.6509	-0.01213398	0.01213398
348000	-702.7769	-702.7639	-0.01298646	0.01298646
348500	-701.6426	-701.6324	-0.01025973	0.01025973
349000	-701.5436	-701.5333	-0.0103603	0.0103603
349500	-701.1865	-701.1753	-0.0111834	0.0111834
350000	-703.9176	-703.9085	-0.009055141	0.009055141
350500	-701.1863	-701.1751	-0.01117087	0.01117087
351000	-701.255	-701.2435	-0.01152176	0.01152176
351500	-701.899	-701.8866	-0.01235949	0.01235949
352000	-701.4517	-701.4412	-0.01046794	0.01046794
352500	-702.0619	-702.0494	-0.01249519	0.01249519
353000	-701.2911	-701.2795	-0.01160849	0.01160849
353500	-702.3247	-702.312	-0.01269157	0.01269157
354000	-701.2551	-701.2443	-0.01080239	0.01080239
354500	-701.2468	-701.2353	-0.01149932	0.01149932
355000	-701.266	-701.2552	-0.01077581	0.01077581
355500	-701.2488	-701.2379	-0.01081902	0.01081902
356000	-704.057	-704.0433	-0.01366202	0.01366202
356500	-701.2789	-701.2681	-0.01074647	0.01074647
357000	-701.2167	-701.2058	-0.0109204	0.0109204
357500	-701.194	-701.183	-0.01103698	0.01103698
358000	-701.1933	-701.182	-0.01127398	0.01127398
358500	-701.204	-701.1931	-0.01097596	0.01097596
359000	-701.5512	-701.5409	-0.0103521	0.0103521
359500	-701.4991	-701.4871	-0.01194399	0.01194399
360000	-701.1876	-701.1765	-0.01110699	0.01110699
360500	-701.1993	-701.188	-0.01131584	0.01131584
361000	-701.9336	-701.9212	-0.0123894	0.0123894
361500	-701.3669	-701.3563	-0.01058636	0.01058636
362000	-701.2814	-701.2698	-0.01158677	0.01158677
362500	-701.2861	-701.2754	-0.01073094	0.01073094
363000	-701.4856	-701.4737	-0.01192652	0.01192652
363500	-701.5508	-701.5387	-0.01200813	0.01200813
364000	-701.243	-701.2322	-0.01083479	0.01083479
364500	-702.1125	-702.0999	-0.01253486	0.01253486
365000	-701.4951	-701.4832	-0.01193887	0.01193887
365500	-701.3533	-701.3416	-0.0117286	0.0117286
366000	-702.0159	-702.006	-0.009959622	0.009959622
366500	-701.2392	-701.2277	-0.01147672	0.01147672
367000	-701.4008	-701.389	-0.01180628	0.01180628
367500	-701.1901	-701.179	-0.01107275	0.01107275
368000	-701.6778	-701.6676	-0.01022681	0.01022681
368500	-701.2669	-701.2562	-0.0107735	0.0107735
369000	-702.9994	-702.9863	-0.01311755	0.01311755
369500	-701.2094	-701.198	-0.01136814	0.01136814
370000	-701.2955	-701.2839	-0.01161794	0.01161794
370500	-701.2375	-701.2266	-0.0108507	0.0108507
371000	-701.566	-701.5556	-0.01033643	0.01033643
371500	-701.3552	-701.3435	-0.01173192	0.01173192
372000	-701.2765	-701.265	-0.01157556	0.01157556
372500	-701.2195	-701.208	-0.01141005	0.01141005
373000	-702.3226	-702.3099	-0.01269013	0.01269013
373500	-701.3787	-701.3681	-0.01056847	0.01056847
374000	-701.2462	-701.2347	-0.01149737	0.01149737
374500	-702.1434	-702.1335	-0.00987476	0.00987476
375000	-701.188	-701.1769	-0.01109893	0.01109893
375500	-703.1607	-703.1474	-0.01320817	0.01320817
376000	-702.5212	-702.5084	-0.01282524	0.01282524
376500	-701.1914	-701.1804	-0.01105906	0.01105906
377000	-701.312	-701.3013	-0.01067952	0.01067952
377500	-701.3952	-701.3847	-0.01054409	0.01054409
378000	-701.4588	-701.4469	-0.01189051	0.01189051
378500	-702.5084	-702.4956	-0.0128168	0.0128168
379000	-701.1943	-701.1832	-0.01103518	0.01103518
379500	-701.8471	-701.8348	-0.01231334	0.01231334
380000	-702.7951	-702.7821	-0.01299747	0.01299747
380500	-701.2559	-701.2444	-0.01152421	0.01152421
381000	-701.1926	-701.1814	-0.01126849	0.01126849
381500	-701.2343	-701.2234	-0.01086039	0.01086039
382000	-701.239	-701.2281	-0.01084637	0.01084637
382500	-701.9352	-701.9252	-0.01001706	0.01001706
383000	-702.4372	-702.4244	-0.01276926	0.01276926
383500	-701.6412	-701.6309	-0.01026109	0.01026109
384000	-701.2583	-701.2475	-0.01079439	0.01079439
384500	-702.6492	-702.6396	-0.009587952	0.009587952
385000	-701.2978	-701.2861	-0.01162269	0.01162269
385500	-702.7743	-702.7613	-0.01298486	0.01298486
386000	-703.3045	-703.2912	-0.01328626	0.01328626
386500	-701.8364	-701.8263	-0.01009217	0.01009217
387000	-701.2654	-701.2546	-0.01077713	0.01077713
387500	-701.188	-701.1769	-0.01110035	0.01110035
388000	-701.4873	-701.4753	-0.01192866	0.01192866
388500	-701.4809	-701.469	-0.01192031	0.01192031
389000	-701.3788	-701.367	-0.01177144	0.01177144
389500	-701.4696	-701.4591	-0.01044565	0.01044565
390000	-701.6765	-701.6663	-0.01022799	0.01022799
390500	-701.7994	-701.7893	-0.01012182	0.01012182
391000	-702.1803	-702.1677	-0.01258656	0.01258656
391500	-701.7225	-701.7103	-0.01219501	0.01219501
392000	-701.2916	-701.2809	-0.01071952	0.01071952
392500	-701.6151	-701.6048	-0.01028642	0.01028642
393000	-703.1088	-703.0956	-0.01317939	0.01317939
393500	-701.247	-701.2362	-0.01082377	0.01082377
394000	-701.2185	-701.2071	-0.01140652	0.01140652
394500	-701.8701	-701.8578	-0.01233399	0.01233399
395000	-701.2611	-701.2496	-0.01153775	0.01153775
395500	-701.204	-701.1926	-0.011342	0.011342
396000	-703.5404	-703.5312	-0.009195264	0.009195264
396500	-701.346	-701.3354	-0.01061981	0.01061981
397000	-703.119	-703.1096	-0.009368024	0.009368024
397500	-702.2675	-702.2549	-0.01265077	0.01265077
398000	-701.1865	-701.1753	-0.01118159	0.01118159
398500	-701.9924	-701.98	-0.01243888	0.01243888
399000	-701.8003	-701.788	-0.01227023	0.01227023
399500	-701.4757	-701.4653	-0.01043815	0.01043815
400000	-701.8382	-701.8259	-0.01230528	0.01230528
400500	-701.6891	-701.6788	-0.01021657	0.01021657
401000	-702.188	-702.1781	-0.009846537	0.009846537
401500	-701.6911	-701.6809	-0.0102147	0.0102147
402000	-701.8492	-701.8391	-0.01008209	0.01008209
402500	-702.418	-702.4052	-0.01275624	0.01275624
403000	-701.342	-701.3303	-0.01170869	0.01170869
403500	-703.5315	-703.5181	-0.01340498	0.01340498
404000	-702.7829	-702.7699	-0.01299011	0.01299011
404500	-701.3559	-701.3442	-0.01173316	0.01173316
405000	-701.2001	-701.1888	-0.01132079	0.01132079
405500	-701.1862	-701.175	-0.01115501	0.01115501
406000	-701.2283	-701.2174	-0.01087943	0.01087943
406500	-701.6148	-701.6027	-0.01208189	0.01208189
407000	-701.2988	-701.2871	-0.01162481	0.01162481
407500	-702.544	-702.5311	-0.01284011	0.01284011
408000	-702.0498	-702.0399	-0.009936372	0.009936372
408500	-701.6695	-701.6593	-0.01023445	0.01023445
409000	-701.548	-701.5376	-0.01035558	0.01035558
409500	-701.1907	-701.1795	-0.01125068	0.01125068
410000	-701.3583	-701.3466	-0.01173723	0.01173723
410500	-701.7404	-701.7281	-0.01221271	0.01221271
411000	-701.1956	-701.1843	-0.01129162	0.01129162
411500	-701.2945	-701.2829	-0.01161585	0.01161585
412000	-701.2439	-701.2324	-0.0114908	0.0114908
412500	-701.4423	-701.4304	-0.01186746	0.01186746
413000	-701.619	-701.6069	-0.01208647	0.01208647
413500	-702.2516	-702.2389	-0.01263922	0.01263922
414000	-703.095	-703.0856	-0.00937846	0.00937846
414500	-701.3804	-701.3698	-0.01056587	0.01056587
415000	-701.2396	-701.2288	-0.0108444	0.0108444
415500	-701.2977	-701.287	-0.01070717	0.01070717
416000	-701.993	-701.9806	-0.01243936	0.01243936
416500	-701.6275	-701.6154	-0.01209587	0.01209587
417000	-701.5699	-701.5596	-0.01033233	0.01033233
417500	-701.1865	-701.1753	-0.01118223	0.01118223
418000	-701.4903	-701.4783	-0.01193258	0.01193258
418500	-701.1927	-701.1817	-0.01104769	0.01104769
419000	-702.7318	-702.7188	-0.01295891	0.01295891
419500	-701.3756	-701.3638	-0.01176615	0.01176615
420000	-701.1874	-701.1762	-0.01120683	0.01120683
420500	-701.1981	-701.1868	-0.01130856	0.01130856
421000	-701.2382	-701.2274	-0.01084852	0.01084852
421500	-703.4108	-703.3975	-0.01334252	0.01334252
422000	-701.2118	-701.2008	-0.01094043	0.01094043
422500	-701.9147	-701.9023	-0.01237316	0.01237316
423000	-701.2164	-701.2055	-0.01092168	0.01092168
423500	-701.4344	-701.4239	-0.01049028	0.01049028
424000	-701.2041	-701.1931	-0.0109756	0.0109756
424500	-705.1319	-705.1232	-0.008668403	0.008668403
425000	-701.3035	-701.2928	-0.01069578	0.01069578
425500	-701.7267	-701.7145	-0.01219918	0.01219918
426000	-701.2123	-701.2014	-0.01093793	0.01093793
426500	-701.3383	-701.3266	-0.01170199	0.01170199
427000	-701.2043	-701.1933	-0.01097487	0.01097487
427500	-701.1923	-701.1812	-0.01105159	0.01105159
428000	-701.1867	-701.1755	-0.01118927	0.01118927
428500	-702.1491	-702.1392	-0.009871102	0.009871102
429000	-701.3351	-701.3234	-0.0116961	0.0116961
429500	-701.7972	-701.7871	-0.01012361	0.01012361
430000	-701.5174	-701.507	-0.01038934	0.01038934
430500	-701.4633	-701.4514	-0.01189668	0.01189668
431000	-701.2352	-701.2237	-0.01146439	0.01146439
431500	-701.83	-701.8199	-0.01009723	0.01009723
432000	-701.6448	-701.6327	-0.01211459	0.01211459
432500	-702.2552	-702.2454	-0.009805244	0.009805244
433000	-702.3244	-702.3117	-0.01269139	0.01269139
433500	-701.3663	-701.3557	-0.01058737	0.01058737
434000	-701.2092	-701.1978	-0.01136744	0.01136744
434500	-704.5925	-704.5837	-0.008830046	0.008830046
435000	-701.8644	-701.8543	-0.01007032	0.01007032
435500	-702.7184	-702.7089	-0.009553265	0.009553265
436000	-701.2017	-701.1904	-0.01132978	0.01132978
436500	-702.1416	-702.129	-0.01255728	0.01255728
437000	-702.7897	-702.7801	-0.009518489	0.009518489
437500	-702.4317	-702.422	-0.00970323	0.00970323
438000	-701.9601	-701.9477	-0.01241191	0.01241191
438500	-701.2283	-701.2168	-0.01144175	0.01144175
439000	-702.7806	-702.7711	-0.009522866	0.009522866
439500	-701.1926	-701.1813	-0.01126786	0.01126786
440000	-702.2115	-702.1989	-0.01260981	0.01260981
440500	-701.4079	-701.3961	-0.01181701	0.01181701
441000	-701.6426	-701.6323	-0.01025975	0.01025975
441500	-701.3728	-701.361	-0.01176161	0.01176161
442000	-701.4887	-701.4783	-0.01042256	0.01042256
442500	-701.1862	-701.175	-0.01116307	0.01116307
443000	-701.2255	-701.2146	-0.01088867	0.01088867
443500	-701.7171	-701.7049	-0.01218964	0.01218964
444000	-701.2246	-701.2132	-0.01142912	0.01142912
444500	-701.1869	-701.1758	-0.01112089	0.01112089
445000	-701.1886	-701.1774	-0.01122603	0.01122603
445500	-702.5169	-702.5073	-0.009656827	0.009656827
446000	-701.1862	-701.1751	-0.01114686	0.01114686
446500	-701.568	-701.556	-0.0120286	0.0120286
447000	-702.2791	-702.2664	-0.0126591	0.0126591
447500	-701.3725	-701.3619	-0.01057786	0.01057786
448000	-701.7648	-701.7547	-0.01015047	0.01015047
448500	-701.2141	-701.2031	-0.01093093	0.01093093
449000	-701.3774	-701.3668	-0.01057041	0.01057041
449500	-701.262	-701.2505	-0.01154011	0.01154011
450000	-701.3817	-701.3699	-0.01177613	0.01177613
450500	-701.9657	-701.9533	-0.01241664	0.01241664
451000	-702.412	-702.4023	-0.009714201	0.009714201
451500	-701.519	-701.5086	-0.01038755	0.01038755
452000	-701.2851	-701.2735	-0.01159509	0.01159509
452500	-701.2793	-701.2677	-0.01158203	0.01158203
453000	-701.1968	-701.1858	-0.01101719	0.01101719
453500	-701.4553	-701.4448	-0.01046341	0.01046341
454000	-701.6123	-701.6002	-0.01207909	0.01207909
454500	-701.3099	-701.2983	-0.01164777	0.01164777
455000	-702.5917	-702.5821	-0.009617451	0.009617451
455500	-701.2691	-701.2583	-0.01076847	0.01076847
456000	-702.9653	-702.9559	-0.009436262	0.009436262
456500	-701.7531	-701.7408	-0.01222514	0.01222514
457000	-702.6216	-702.6087	-0.01289003	0.01289003
457500	-701.2855	-701.2739	-0.01159609	0.01159609
458000	-701.5287	-701.5183	-0.01037672	0.01037672
458500	-702.21	-702.2001	-0.009832857	0.009832857
459000	-702.9002	-702.8872	-0.01306006	0.01306006
459500	-701.9823	-701.9699	-0.01243049	0.01243049
460000	-701.319	-701.3073	-0.01166561	0.01166561
460500	-701.3968	-701.3862	-0.01054191	0.01054191
461000	-702.184	-702.1714	-0.01258938	0.01258938
461500	-701.6055	-701.5934	-0.01207151	0.01207151
462000	-701.7701	-701.76	-0.01014601	0.01014601
462500	-701.1875	-701.1764	-0.01110823	0.01110823
463000	-703.2654	-703.2561	-0.009305749	0.009305749
463500	-702.0112	-702.0012	-0.009962913	0.009962913
464000	-701.1929	-701.1816	-0.0112705	0.0112705
464500	-701.2041	-701.1928	-0.01134284	0.01134284
465000	-701.2789	-701.2673	-0.01158097	0.01158097
465500	-701.3853	-701.3747	-0.01055862	0.01055862
466000	-701.1963	-701.185	-0.01129632	0.01129632
466500	-702.0266	-702.0166	-0.009952252	0.009952252
467000	-701.5461	-701.5357	-0.01035765	0.01035765
467500	-701.3573	-701.3467	-0.01060154	0.01060154
468000	-701.2947	-701.283	-0.01161608	0.01161608
468500	-701.2067	-701.1957	-0.01096298	0.01096298
469000	-701.2769	-701.2653	-0.01157643	0.01157643
469500	-702.0249	-702.015	-0.009953391	0.009953391
470000	-701.3491	-701.3385	-0.01061471	0.01061471
470500	-702.941	-702.9279	-0.01308387	0.01308387
471000	-701.4427	-701.4323	-0.01047944	0.01047944
471500	-701.4916	-701.4797	-0.01193439	0.01193439
472000	-701.2214	-701.21	-0.01141758	0.01141758
472500	-703.0134	-703.0003	-0.01312558	0.01312558
473000	-702.5856	-702.576	-0.009620588	0.009620588
473500	-701.1869	-701.1757	-0.01112235	0.01112235
474000	-701.2173	-701.2064	-0.010918	0.010918
474500	-701.3222	-701.3105	-0.01167185	0.01167185
475000	-701.7768	-701.7666	-0.01014046	0.01014046
475500	-701.6679	-701.6577	-0.01023596	0.01023596
476000	-701.1869	-701.1757	-0.01119524	0.01119524
476500	-702.2012	-702.1886	-0.01260223	0.01260223
477000	-701.7769	-701.7647	-0.0122481	0.0122481
477500	-702.1682	-702.1584	-0.009858929	0.009858929
478000	-702.1719	-702.1621	-0.009856609	0.009856609
478500	-701.3441	-701.3324	-0.01171241	0.01171241
479000	-702.1103	-702.1004	-0.009896129	0.009896129
479500	-701.4818	-701.4699	-0.01192149	0.01192149
480000	-701.7475	-701.7352	-0.01221967	0.01221967
480500	-701.1862	-701.175	-0.01116219	0.01116219
481000	-703.4612	-703.4479	-0.0133688	0.0133688
481500	-701.1983	-701.187	-0.0113096	0.0113096
482000	-702.0668	-702.0568	-0.009924974	0.009924974
482500	-701.187	-701.1758	-0.01119709	0.01119709
483000	-701.7196	-701.7094	-0.01018936	0.01018936
483500	-701.3166	-701.3059	-0.01067103	0.01067103
484000	-702.2541	-702.2443	-0.00980593	0.00980593
484500	-702.1978	-702.1879	-0.009840437	0.009840437
485000	-701.2042	-701.1932	-0.01097526	0.01097526
485500	-701.1892	-701.1781	-0.01108338	0.01108338
486000	-701.414	-701.4022	-0.01182626	0.01182626
486500	-701.2257	-701.2142	-0.01143282	0.01143282
487000	-701.6755	-701.6652	-0.01022896	0.01022896
487500	-701.5358	-701.5238	-0.01198999	0.01198999
488000	-701.1866	-701.1754	-0.01118572	0.01118572
488500	-701.1868	-701.1756	-0.01119209	0.01119209
489000	-701.1869	-701.1757	-0.01119505	0.01119505
489500	-701.2122	-701.2008	-0.01138058	0.01138058
490000	-701.8608	-701.8485	-0.01232572	0.01232572
490500	-701.2269	-701.2154	-0.01143697	0.01143697
491000	-701.733	-701.7228	-0.01017763	0.01017763
491500	-703.3993	-703.39	-0.009250994	0.009250994
492000	-701.2318	-701.221	-0.01086794	0.01086794
492500	-701.246	-701.2352	-0.01082649	0.01082649
493000	-704.5679	-704.554	-0.0138932	0.0138932
493500	-701.2352	-701.2243	-0.01085768	0.01085768
494000	-701.401	-701.3904	-0.01053591	0.01053591
494500	-701.1865	-701.1754	-0.01113365	0.01113365
495000	-701.2382	-701.2267	-0.01147379	0.01147379
495500	-701.8149	-701.8048	-0.01010932	0.01010932
496000	-701.2588	-701.2481	-0.01079301	0.01079301
496500	-701.3104	-701.2988	-0.01164876	0.01164876
497000	-702.0293	-702.0193	-0.009950392	0.009950392
497500	-701.5889	-701.5786	-0.01031267	0.01031267
498000	-701.816	-701.8037	-0.01228487	0.01228487
498500	-702.0724	-702.0599	-0.01250349	0.01250349
499000	-701.1888	-701.1777	-0.01108836	0.01108836
499500	-701.2049	-701.1939	-0.01097155	0.01097155
500000	-701.721	-701.7088	-0.01219348	0.01219348
