Iteration	Replicate_ID	Posterior	Likelihood	Prior	mu_plumage
0	0	-1623.257	-1621.584	-1.672946	1.672946
1	1	-1609.904	-1609.179	-0.7255886	0.7255886
2	0	-702.1586	-702.1487	-0.009865065	0.009865065
3	1	-701.1919	-701.1808	-0.01105488	0.01105488
4	0	-701.1863	-701.1751	-0.01117087	0.01117087
5	1	-701.2095	-701.1986	-0.01094995	0.01094995
6	0	-701.2202	-701.2088	-0.01141309	0.01141309
7	1	-701.4672	-701.4553	-0.01190192	0.01190192
8	0	-701.5099	-701.4979	-0.01195778	0.01195778
9	1	-701.1914	-701.1802	-0.01125781	0.01125781
10	0	-701.572	-701.5616	-0.01033015	0.01033015
11	1	-701.2675	-701.2567	-0.01077218	0.01077218
12	0	-702.5978	-702.5849	-0.01287484	0.01287484
13	1	-701.7681	-701.758	-0.01014771	0.01014771
14	0	-701.7147	-701.7045	-0.01019366	0.01019366
15	1	-701.2687	-701.2571	-0.01155681	0.01155681
16	0	-701.4578	-701.4459	-0.01188906	0.01188906
17	1	-701.1869	-701.1757	-0.01112201	0.01112201
18	0	-701.4422	-701.4303	-0.01186728	0.01186728
19	1	-701.1864	-701.1752	-0.01117628	0.01117628
20	0	-701.7902	-701.7779	-0.01226073	0.01226073
21	1	-701.3837	-701.3732	-0.01056088	0.01056088
22	0	-703.5305	-703.5213	-0.009199107	0.009199107
23	1	-701.2059	-701.1949	-0.01096689	0.01096689
24	0	-701.1895	-701.1784	-0.01107961	0.01107961
25	1	-701.4989	-701.487	-0.01194381	0.01194381
26	0	-701.4413	-701.4294	-0.01186605	0.01186605
27	1	-702.221	-702.2084	-0.01261687	0.01261687
28	0	-701.3446	-701.334	-0.01062211	0.01062211
29	1	-703.7831	-703.774	-0.009103759	0.009103759
30	0	-701.2807	-701.2691	-0.01158526	0.01158526
31	1	-702.1275	-702.115	-0.01254649	0.01254649
32	0	-702.9616	-702.9485	-0.01309582	0.01309582
33	1	-701.2783	-701.2675	-0.01074769	0.01074769
34	0	-702.4516	-702.4419	-0.009692239	0.009692239
35	1	-701.191	-701.18	-0.01106299	0.01106299
36	0	-701.5862	-701.5742	-0.01204964	0.01204964
37	1	-707.1283	-707.1134	-0.01488105	0.01488105
38	0	-701.2683	-701.2567	-0.01155576	0.01155576
39	1	-701.3013	-701.2906	-0.01069999	0.01069999
40	0	-701.2074	-701.1965	-0.01095952	0.01095952
41	1	-701.9426	-701.9302	-0.01239709	0.01239709
42	0	-702.7095	-702.6966	-0.01294519	0.01294519
43	1	-701.7285	-701.7183	-0.01018153	0.01018153
44	0	-702.3496	-702.3369	-0.01270906	0.01270906
45	1	-701.1876	-701.1765	-0.01110703	0.01110703
46	0	-701.5721	-701.5618	-0.01033	0.01033
47	1	-701.1878	-701.1766	-0.01121303	0.01121303
48	0	-701.5665	-701.5545	-0.01202684	0.01202684
49	1	-701.2675	-701.2567	-0.01077221	0.01077221
50	0	-701.274	-701.2633	-0.01075721	0.01075721
51	1	-704.4971	-704.4883	-0.008860168	0.008860168
52	0	-701.1972	-701.1859	-0.01130269	0.01130269
53	1	-701.2851	-701.2735	-0.0115952	0.0115952
54	0	-701.8476	-701.8375	-0.01008338	0.01008338
55	1	-701.2685	-701.2569	-0.01155622	0.01155622
56	0	-701.1973	-701.1863	-0.01101415	0.01101415
57	1	-702.0255	-702.0155	-0.009953008	0.009953008
58	0	-701.1957	-701.1847	-0.0110248	0.0110248
59	1	-701.2717	-701.2609	-0.01076246	0.01076246
60	0	-702.0636	-702.0537	-0.009927098	0.009927098
61	1	-701.651	-701.6388	-0.0121212	0.0121212
62	0	-701.3476	-701.337	-0.01061721	0.01061721
63	1	-701.1943	-701.183	-0.01128201	0.01128201
64	0	-701.2468	-701.2359	-0.01082439	0.01082439
65	1	-701.7531	-701.7409	-0.01222518	0.01222518
66	0	-701.3701	-701.3595	-0.01058143	0.01058143
67	1	-701.459	-701.4485	-0.01045878	0.01045878
68	0	-701.3823	-701.3717	-0.01056306	0.01056306
69	1	-701.2433	-701.2325	-0.01083389	0.01083389
70	0	-704.2547	-704.2458	-0.008939099	0.008939099
71	1	-701.1878	-701.1765	-0.01121253	0.01121253
72	0	-702.0617	-702.0492	-0.01249504	0.01249504
73	1	-701.201	-701.19	-0.01099233	0.01099233
74	0	-701.2668	-701.256	-0.01077379	0.01077379
75	1	-701.4353	-701.4249	-0.01048906	0.01048906
76	0	-701.2016	-701.1906	-0.01098861	0.01098861
77	1	-702.1872	-702.1747	-0.01259179	0.01259179
78	0	-701.255	-701.2435	-0.01152175	0.01152175
79	1	-701.1955	-701.1845	-0.01102597	0.01102597
80	0	-701.2059	-701.1945	-0.01135163	0.01135163
81	1	-701.5813	-701.571	-0.01032045	0.01032045
82	0	-701.2305	-701.2197	-0.01087212	0.01087212
83	1	-701.1968	-701.1855	-0.01129969	0.01129969
84	0	-701.3455	-701.3349	-0.01062067	0.01062067
85	1	-701.4294	-701.4175	-0.01184891	0.01184891
86	0	-701.2009	-701.1899	-0.01099255	0.01099255
87	1	-701.6092	-701.5972	-0.01207567	0.01207567
88	0	-701.6005	-701.5902	-0.010301	0.010301
89	1	-702.0261	-702.0161	-0.009952622	0.009952622
90	0	-701.7804	-701.7682	-0.01225147	0.01225147
91	1	-701.2407	-701.2299	-0.01084122	0.01084122
92	0	-701.202	-701.1907	-0.0113315	0.0113315
93	1	-701.6184	-701.6063	-0.01208586	0.01208586
94	0	-701.2019	-701.1905	-0.01133071	0.01133071
95	1	-701.1947	-701.1836	-0.01103218	0.01103218
96	0	-701.4026	-701.3921	-0.01053355	0.01053355
97	1	-702.9295	-702.92	-0.009452671	0.009452671
98	0	-701.7497	-701.7375	-0.01222186	0.01222186
99	1	-701.2664	-701.2556	-0.01077485	0.01077485
100	0	-701.5592	-701.5489	-0.0103436	0.0103436
101	1	-701.226	-701.2151	-0.01088709	0.01088709
102	0	-701.2461	-701.2353	-0.01082613	0.01082613
103	1	-701.5924	-701.5821	-0.01030912	0.01030912
104	0	-701.4006	-701.3888	-0.01180585	0.01180585
105	1	-701.5583	-701.548	-0.01034455	0.01034455
106	0	-701.3252	-701.3135	-0.01167754	0.01167754
107	1	-701.3119	-701.3002	-0.01165163	0.01165163
108	0	-701.1872	-701.176	-0.01120153	0.01120153
109	1	-701.195	-701.1837	-0.01128706	0.01128706
110	0	-701.1869	-701.1757	-0.01119595	0.01119595
111	1	-702.957	-702.9439	-0.01309314	0.01309314
112	0	-701.5994	-701.5873	-0.01206465	0.01206465
113	1	-701.1877	-701.1766	-0.01110506	0.01110506
114	0	-701.2704	-701.2589	-0.01156101	0.01156101
115	1	-701.2841	-701.2734	-0.01073509	0.01073509
116	0	-701.4133	-701.4015	-0.01182527	0.01182527
117	1	-702.6626	-702.653	-0.009581176	0.009581176
118	0	-702.862	-702.849	-0.01303751	0.01303751
119	1	-701.3355	-701.3249	-0.01063745	0.01063745
120	0	-701.2103	-701.1989	-0.01137229	0.01137229
121	1	-701.1884	-701.1773	-0.01109301	0.01109301
122	0	-701.2513	-701.2405	-0.01081222	0.01081222
123	1	-703.1621	-703.1488	-0.01320894	0.01320894
124	0	-701.24	-701.2285	-0.01147929	0.01147929
125	1	-701.5194	-701.509	-0.01038707	0.01038707
126	0	-701.7989	-701.7867	-0.01226896	0.01226896
127	1	-702.294	-702.2842	-0.00978207	0.00978207
128	0	-701.9431	-701.9307	-0.01239755	0.01239755
129	1	-701.6978	-701.6856	-0.0121701	0.0121701
130	0	-701.2026	-701.1912	-0.01133444	0.01133444
131	1	-703.2488	-703.2356	-0.01325634	0.01325634
132	0	-701.9211	-701.9087	-0.01237869	0.01237869
133	1	-701.2756	-701.2641	-0.01157342	0.01157342
134	0	-702.2352	-702.2254	-0.009817361	0.009817361
135	1	-701.1939	-701.1827	-0.01127927	0.01127927
136	0	-702.4147	-702.402	-0.01275401	0.01275401
137	1	-703.8092	-703.7957	-0.0135436	0.0135436
138	0	-702.685	-702.6755	-0.009569876	0.009569876
139	1	-701.3545	-701.3439	-0.010606	0.010606
140	0	-702.3591	-702.3494	-0.00974415	0.00974415
141	1	-701.2717	-701.261	-0.0107624	0.0107624
142	0	-701.6592	-701.6471	-0.01212995	0.01212995
143	1	-704.7127	-704.7039	-0.008792777	0.008792777
144	0	-701.2037	-701.1927	-0.01097764	0.01097764
145	1	-701.5137	-701.5018	-0.01196268	0.01196268
146	0	-701.1918	-701.1807	-0.01105558	0.01105558
147	1	-701.9708	-701.9584	-0.01242091	0.01242091
148	0	-701.2106	-701.1992	-0.01137378	0.01137378
149	1	-701.3042	-701.2926	-0.0116362	0.0116362
150	0	-701.4585	-701.4481	-0.01045935	0.01045935
151	1	-702.1563	-702.1438	-0.01256851	0.01256851
152	0	-702.1106	-702.0981	-0.01253342	0.01253342
153	1	-701.2363	-701.2255	-0.01085413	0.01085413
154	0	-701.2174	-701.206	-0.01140209	0.01140209
155	1	-701.2278	-701.2163	-0.01144003	0.01144003
156	0	-701.2099	-701.1989	-0.01094855	0.01094855
157	1	-701.1971	-701.1861	-0.01101556	0.01101556
158	0	-701.9498	-701.9374	-0.01240319	0.01240319
159	1	-701.3968	-701.385	-0.01179997	0.01179997
160	0	-701.285	-701.2735	-0.01159505	0.01159505
161	1	-701.7931	-701.7809	-0.0122635	0.0122635
162	0	-701.6161	-701.604	-0.01208332	0.01208332
163	1	-702.0834	-702.0735	-0.009913843	0.009913843
164	0	-701.4795	-701.4675	-0.01191837	0.01191837
165	1	-701.3215	-701.3098	-0.01167043	0.01167043
166	0	-702.205	-702.1924	-0.01260504	0.01260504
167	1	-701.2285	-701.2176	-0.01087877	0.01087877
168	0	-701.4759	-701.4655	-0.01043789	0.01043789
169	1	-701.1876	-701.1765	-0.01110575	0.01110575
170	0	-702.5663	-702.5534	-0.01285458	0.01285458
171	1	-701.6702	-701.6599	-0.01023386	0.01023386
172	0	-701.2341	-701.2226	-0.01146089	0.01146089
173	1	-701.9286	-701.9163	-0.01238518	0.01238518
174	0	-702.069	-702.0591	-0.009923448	0.009923448
175	1	-701.2788	-701.2672	-0.01158076	0.01158076
176	0	-701.215	-701.2041	-0.01092707	0.01092707
177	1	-701.1862	-701.1751	-0.01116693	0.01116693
178	0	-702.5908	-702.5812	-0.00961789	0.00961789
179	1	-701.6995	-701.6873	-0.01217179	0.01217179
180	0	-701.3017	-701.2901	-0.01163098	0.01163098
181	1	-701.5097	-701.4993	-0.01039811	0.01039811
182	0	-701.3205	-701.3088	-0.01166854	0.01166854
183	1	-701.1878	-701.1767	-0.01110367	0.01110367
184	0	-702.0176	-702.0076	-0.009958479	0.009958479
185	1	-701.4289	-701.4184	-0.0104976	0.0104976
186	0	-701.1958	-701.1845	-0.01129317	0.01129317
187	1	-701.1882	-701.1771	-0.01109668	0.01109668
188	0	-708.0175	-708.0023	-0.0151811	0.0151811
189	1	-702.2618	-702.252	-0.009801273	0.009801273
190	0	-701.448	-701.4361	-0.01187544	0.01187544
191	1	-701.747	-701.7368	-0.01016557	0.01016557
192	0	-701.2392	-701.2283	-0.01084574	0.01084574
193	1	-701.5089	-701.497	-0.0119566	0.0119566
194	0	-701.4601	-701.4496	-0.01045742	0.01045742
195	1	-701.1952	-701.1839	-0.0112889	0.0112889
196	0	-701.2357	-701.2249	-0.01085603	0.01085603
197	1	-701.2089	-701.1979	-0.01095287	0.01095287
198	0	-701.6882	-701.6761	-0.01216029	0.01216029
199	1	-701.274	-701.2633	-0.0107572	0.0107572
200	0	-701.189	-701.1779	-0.01108535	0.01108535
201	1	-701.2028	-701.1915	-0.01133583	0.01133583
202	0	-702.5187	-702.5058	-0.01282354	0.01282354
203	1	-704.4983	-704.4894	-0.00885981	0.00885981
204	0	-701.294	-701.2824	-0.01161475	0.01161475
205	1	-704.175	-704.1613	-0.01371688	0.01371688
206	0	-701.8581	-701.848	-0.01007518	0.01007518
207	1	-701.197	-701.186	-0.01101607	0.01101607
208	0	-702.9729	-702.9635	-0.009432805	0.009432805
209	1	-701.7649	-701.7527	-0.01223662	0.01223662
210	0	-702.2821	-702.2694	-0.01266129	0.01266129
211	1	-701.712	-701.7018	-0.01019606	0.01019606
212	0	-701.1881	-701.1769	-0.01121896	0.01121896
213	1	-701.1875	-701.1763	-0.01120733	0.01120733
214	0	-703.1903	-703.181	-0.009337359	0.009337359
215	1	-701.1863	-701.1751	-0.01117331	0.01117331
216	0	-701.3143	-701.3027	-0.0116565	0.0116565
217	1	-701.3084	-701.2977	-0.01068632	0.01068632
218	0	-701.2899	-701.2792	-0.01072288	0.01072288
219	1	-703.551	-703.5376	-0.01341495	0.01341495
220	0	-701.9249	-701.9149	-0.01002461	0.01002461
221	1	-701.2123	-701.201	-0.01138127	0.01138127
222	0	-701.2987	-701.288	-0.01070508	0.01070508
223	1	-701.2819	-701.2703	-0.01158785	0.01158785
224	0	-701.2449	-701.2341	-0.01082948	0.01082948
225	1	-701.1907	-701.1795	-0.01125083	0.01125083
226	0	-701.4983	-701.4864	-0.01194307	0.01194307
227	1	-701.3154	-701.3037	-0.01165865	0.01165865
228	0	-701.5156	-701.5036	-0.01196498	0.01196498
229	1	-701.3614	-701.3496	-0.01174244	0.01174244
230	0	-701.2142	-701.2028	-0.01138922	0.01138922
231	1	-701.376	-701.3642	-0.01176684	0.01176684
232	0	-701.2991	-701.2875	-0.01162557	0.01162557
233	1	-701.3876	-701.3758	-0.01178558	0.01178558
234	0	-701.2233	-701.2124	-0.01089638	0.01089638
235	1	-701.2439	-701.2331	-0.01083217	0.01083217
236	0	-701.4285	-701.418	-0.01049812	0.01049812
237	1	-701.5333	-701.5229	-0.01037164	0.01037164
238	0	-701.1873	-701.1762	-0.01111192	0.01111192
239	1	-702.0453	-702.0354	-0.009939464	0.009939464
240	0	-701.4323	-701.4205	-0.01185322	0.01185322
241	1	-701.8506	-701.8383	-0.0123165	0.0123165
242	0	-701.8776	-701.8653	-0.01234067	0.01234067
243	1	-701.4108	-701.4002	-0.0105222	0.0105222
244	0	-701.4233	-701.4128	-0.01050509	0.01050509
245	1	-701.5665	-701.5545	-0.01202681	0.01202681
246	0	-701.4416	-701.4298	-0.01186653	0.01186653
247	1	-701.2812	-701.2697	-0.01158643	0.01158643
248	0	-701.2168	-701.2059	-0.01091991	0.01091991
249	1	-702.1564	-702.1465	-0.009866448	0.009866448
250	0	-701.9432	-701.9332	-0.01001123	0.01001123
251	1	-702.6643	-702.6548	-0.009580274	0.009580274
252	0	-701.5632	-701.5529	-0.01033934	0.01033934
253	1	-701.8127	-701.8004	-0.01228181	0.01228181
254	0	-701.6971	-701.6849	-0.01216936	0.01216936
255	1	-701.3169	-701.3062	-0.01067056	0.01067056
256	0	-701.9078	-701.8978	-0.0100373	0.0100373
257	1	-701.1914	-701.1803	-0.01105958	0.01105958
258	0	-701.3708	-701.3602	-0.01058038	0.01058038
259	1	-702.0567	-702.0468	-0.009931706	0.009931706
260	0	-701.1914	-701.1803	-0.01105947	0.01105947
261	1	-702.2288	-702.219	-0.009821269	0.009821269
262	0	-701.1862	-701.175	-0.01115241	0.01115241
263	1	-701.2343	-701.2229	-0.01146169	0.01146169
264	0	-701.2898	-701.2791	-0.01072318	0.01072318
265	1	-702.132	-702.1221	-0.00988207	0.00988207
266	0	-702.2545	-702.2418	-0.01264134	0.01264134
267	1	-701.3548	-701.3442	-0.01060555	0.01060555
268	0	-701.482	-701.4716	-0.01043052	0.01043052
269	1	-701.4804	-701.4685	-0.01191962	0.01191962
270	0	-703.719	-703.7055	-0.01349932	0.01349932
271	1	-701.1939	-701.1826	-0.01127908	0.01127908
272	0	-702.582	-702.5692	-0.01286476	0.01286476
273	1	-701.6298	-701.6177	-0.01209834	0.01209834
274	0	-701.5784	-701.5681	-0.0103235	0.0103235
275	1	-701.6154	-701.6051	-0.01028618	0.01028618
276	0	-701.3338	-701.3232	-0.01064043	0.01064043
277	1	-701.4174	-701.4056	-0.01183131	0.01183131
278	0	-703.2102	-703.1969	-0.01323533	0.01323533
279	1	-701.5094	-701.4974	-0.01195719	0.01195719
280	0	-701.6689	-701.6587	-0.010235	0.010235
281	1	-701.3351	-701.3234	-0.0116961	0.0116961
282	0	-703.5763	-703.5629	-0.0134278	0.0134278
283	1	-701.2987	-701.2871	-0.01162466	0.01162466
284	0	-701.2082	-701.1972	-0.01095608	0.01095608
285	1	-703.7141	-703.7006	-0.01349688	0.01349688
286	0	-701.1907	-701.1794	-0.01125024	0.01125024
287	1	-701.5365	-701.5245	-0.01199085	0.01199085
288	0	-702.3246	-702.3149	-0.00976409	0.00976409
289	1	-701.4993	-701.4873	-0.01194425	0.01194425
290	0	-701.1863	-701.1752	-0.0111409	0.0111409
291	1	-701.1938	-701.1826	-0.01127847	0.01127847
292	0	-701.6723	-701.6602	-0.01214376	0.01214376
293	1	-701.3263	-701.3147	-0.01167977	0.01167977
294	0	-701.2219	-701.2104	-0.01141906	0.01141906
295	1	-702.1322	-702.1196	-0.01255007	0.01255007
296	0	-701.2263	-701.2154	-0.01088608	0.01088608
297	1	-701.5346	-701.5226	-0.01198862	0.01198862
298	0	-701.3295	-701.3178	-0.01168572	0.01168572
299	1	-701.9866	-701.9766	-0.009980128	0.009980128
300	0	-701.8507	-701.8384	-0.0123166	0.0123166
301	1	-702.8228	-702.8098	-0.01301415	0.01301415
302	0	-701.2005	-701.1895	-0.01099467	0.01099467
303	1	-701.2414	-701.2299	-0.01148336	0.01148336
304	0	-701.2116	-701.2006	-0.01094124	0.01094124
305	1	-701.5009	-701.489	-0.01194639	0.01194639
306	0	-701.2796	-701.268	-0.01158264	0.01158264
307	1	-701.2081	-701.1972	-0.01095632	0.01095632
308	0	-701.4647	-701.4528	-0.01189849	0.01189849
309	1	-702.978	-702.9685	-0.009430523	0.009430523
310	0	-702.6334	-702.6205	-0.01289752	0.01289752
311	1	-701.9372	-701.9248	-0.01239249	0.01239249
312	0	-701.5164	-701.506	-0.01039052	0.01039052
313	1	-701.2615	-701.2499	-0.01153869	0.01153869
314	0	-701.2483	-701.2375	-0.01082019	0.01082019
315	1	-701.2207	-701.2092	-0.01141464	0.01141464
316	0	-703.021	-703.0079	-0.0131299	0.0131299
317	1	-701.3289	-701.3183	-0.01064892	0.01064892
318	0	-701.2081	-701.1972	-0.01095633	0.01095633
319	1	-701.2791	-701.2684	-0.01074593	0.01074593
320	0	-701.4133	-701.4014	-0.01182513	0.01182513
321	1	-701.2982	-701.2866	-0.01162364	0.01162364
322	0	-701.6279	-701.6176	-0.01027388	0.01027388
323	1	-702.4529	-702.4432	-0.009691541	0.009691541
324	0	-701.496	-701.484	-0.01194001	0.01194001
325	1	-701.2562	-701.2454	-0.01079963	0.01079963
326	0	-701.7001	-701.6899	-0.0102066	0.0102066
327	1	-701.4707	-701.4588	-0.01190669	0.01190669
328	0	-701.1873	-701.1762	-0.0111121	0.0111121
329	1	-701.1923	-701.1811	-0.01126586	0.01126586
330	0	-701.1996	-701.1886	-0.01099998	0.01099998
331	1	-701.2543	-701.2428	-0.0115199	0.0115199
332	0	-701.3821	-701.3716	-0.01056327	0.01056327
333	1	-701.2122	-701.2013	-0.01093844	0.01093844
334	0	-701.3425	-701.3319	-0.0106257	0.0106257
335	1	-701.5541	-701.5421	-0.0120121	0.0120121
336	0	-701.5177	-701.5073	-0.010389	0.010389
337	1	-702.3691	-702.3594	-0.00973842	0.00973842
338	0	-701.3871	-701.3766	-0.01055587	0.01055587
339	1	-701.19	-701.1787	-0.01124274	0.01124274
340	0	-702.0476	-702.0376	-0.009937926	0.009937926
341	1	-701.4023	-701.3905	-0.01180847	0.01180847
342	0	-701.7137	-701.7015	-0.0121862	0.0121862
343	1	-701.4895	-701.4791	-0.01042166	0.01042166
344	0	-702.0391	-702.0291	-0.009943696	0.009943696
345	1	-701.638	-701.6278	-0.01026411	0.01026411
346	0	-701.8532	-701.8409	-0.01231888	0.01231888
347	1	-701.4452	-701.4348	-0.0104762	0.0104762
348	0	-701.3797	-701.368	-0.01177291	0.01177291
349	1	-701.7294	-701.7192	-0.01018074	0.01018074
350	0	-701.1922	-701.1811	-0.01105207	0.01105207
351	1	-701.7937	-701.7814	-0.012264	0.012264
352	0	-701.3381	-701.3275	-0.01063305	0.01063305
353	1	-702.2762	-702.2636	-0.01265706	0.01265706
354	0	-702.9947	-702.9816	-0.01311489	0.01311489
355	1	-702.591	-702.5814	-0.009617804	0.009617804
356	0	-701.3703	-701.3586	-0.01175751	0.01175751
357	1	-701.7173	-701.7071	-0.01019137	0.01019137
358	0	-701.5896	-701.5775	-0.01205349	0.01205349
359	1	-701.9618	-701.9494	-0.01241333	0.01241333
360	0	-701.2283	-701.2169	-0.01144196	0.01144196
361	1	-701.1871	-701.1759	-0.01119951	0.01119951
362	0	-701.3427	-701.331	-0.01170988	0.01170988
363	1	-701.4816	-701.4697	-0.01192127	0.01192127
364	0	-702.6356	-702.626	-0.009594856	0.009594856
365	1	-701.8676	-701.8575	-0.01006781	0.01006781
366	0	-701.6136	-701.6015	-0.0120805	0.0120805
367	1	-701.274	-701.2632	-0.01075734	0.01075734
368	0	-704.8856	-704.8716	-0.01402952	0.01402952
369	1	-701.6013	-701.5892	-0.01206677	0.01206677
370	0	-701.6835	-701.6713	-0.01215539	0.01215539
371	1	-702.4111	-702.3983	-0.0127515	0.0127515
372	0	-701.1862	-701.175	-0.01116473	0.01116473
373	1	-701.3756	-701.3638	-0.01176616	0.01176616
374	0	-701.2233	-701.2125	-0.01089608	0.01089608
375	1	-702.723	-702.71	-0.01295347	0.01295347
376	0	-701.8938	-701.8814	-0.01235494	0.01235494
377	1	-701.1874	-701.1763	-0.01111019	0.01111019
378	0	-702.0878	-702.0753	-0.01251567	0.01251567
379	1	-701.2074	-701.1961	-0.01135911	0.01135911
380	0	-701.4429	-701.431	-0.01186824	0.01186824
381	1	-702.4933	-702.4836	-0.009669517	0.009669517
382	0	-701.188	-701.1768	-0.01121737	0.01121737
383	1	-701.5229	-701.5125	-0.01038318	0.01038318
384	0	-703.3684	-703.3591	-0.009263467	0.009263467
385	1	-701.6043	-701.5922	-0.01207013	0.01207013
386	0	-702.083	-702.0705	-0.01251184	0.01251184
387	1	-701.1961	-701.185	-0.01102235	0.01102235
388	0	-701.2332	-701.2223	-0.01086372	0.01086372
389	1	-701.2347	-701.2238	-0.01085925	0.01085925
390	0	-701.4235	-701.413	-0.01050476	0.01050476
391	1	-701.2094	-701.1985	-0.01095049	0.01095049
392	0	-702.256	-702.2461	-0.0098048	0.0098048
393	1	-701.8593	-701.8492	-0.01007424	0.01007424
394	0	-701.2008	-701.1898	-0.01099345	0.01099345
395	1	-701.2231	-701.2122	-0.01089689	0.01089689
396	0	-701.5367	-701.5263	-0.01036788	0.01036788
397	1	-701.1862	-701.175	-0.01116411	0.01116411
398	0	-701.2425	-701.231	-0.01148672	0.01148672
399	1	-701.4073	-701.3955	-0.01181613	0.01181613
400	0	-701.1872	-701.176	-0.01120155	0.01120155
401	1	-701.7018	-701.6897	-0.0121742	0.0121742
402	0	-701.221	-701.2096	-0.01141598	0.01141598
403	1	-701.2662	-701.2546	-0.01155059	0.01155059
404	0	-701.4431	-701.4327	-0.01047892	0.01047892
405	1	-701.8957	-701.8833	-0.01235659	0.01235659
406	0	-702.3817	-702.369	-0.01273136	0.01273136
407	1	-702.0775	-702.065	-0.01250755	0.01250755
408	0	-701.2649	-701.2533	-0.01154738	0.01154738
409	1	-701.2042	-701.1932	-0.0109751	0.0109751
410	0	-701.3096	-701.2989	-0.01068407	0.01068407
411	1	-701.5858	-701.5738	-0.01204919	0.01204919
412	0	-701.3917	-701.3799	-0.01179195	0.01179195
413	1	-701.6096	-701.5993	-0.01029187	0.01029187
414	0	-701.2044	-701.193	-0.01134396	0.01134396
415	1	-701.4763	-701.4659	-0.01043742	0.01043742
416	0	-701.8519	-701.8396	-0.01231768	0.01231768
417	1	-701.1923	-701.181	-0.01126567	0.01126567
418	0	-701.7131	-701.701	-0.01218564	0.01218564
419	1	-701.8591	-701.849	-0.01007443	0.01007443
420	0	-701.4001	-701.3895	-0.01053718	0.01053718
421	1	-701.4756	-701.4637	-0.01191322	0.01191322
422	0	-702.2318	-702.2192	-0.01262482	0.01262482
423	1	-701.3577	-701.3459	-0.01173616	0.01173616
424	0	-701.26	-701.2492	-0.01079028	0.01079028
425	1	-702.5922	-702.5793	-0.01287126	0.01287126
426	0	-702.6635	-702.6506	-0.01291648	0.01291648
427	1	-701.2543	-701.2435	-0.01080441	0.01080441
428	0	-702.2198	-702.2099	-0.009826828	0.009826828
429	1	-701.4908	-701.4803	-0.01042014	0.01042014
430	0	-702.0586	-702.0487	-0.009930457	0.009930457
431	1	-701.3313	-701.3196	-0.01168908	0.01168908
432	0	-701.4393	-701.4274	-0.01186316	0.01186316
433	1	-701.304	-701.2924	-0.01163573	0.01163573
434	0	-701.2092	-701.1978	-0.01136717	0.01136717
435	1	-701.2387	-701.2279	-0.01084705	0.01084705
436	0	-701.3981	-701.3863	-0.01180201	0.01180201
437	1	-701.3891	-701.3773	-0.01178796	0.01178796
438	0	-701.7646	-701.7524	-0.01223631	0.01223631
439	1	-701.277	-701.2654	-0.01157664	0.01157664
440	0	-701.1998	-701.1884	-0.01131857	0.01131857
441	1	-702.3287	-702.316	-0.01269439	0.01269439
442	0	-701.4158	-701.4053	-0.01051527	0.01051527
443	1	-701.1882	-701.1771	-0.01109723	0.01109723
444	0	-701.3733	-701.3627	-0.01057663	0.01057663
445	1	-701.5895	-701.5774	-0.0120534	0.0120534
446	0	-701.4922	-701.4818	-0.01041841	0.01041841
447	1	-701.1966	-701.1856	-0.01101862	0.01101862
448	0	-701.2373	-701.2264	-0.01085139	0.01085139
449	1	-701.1976	-701.1863	-0.01130536	0.01130536
450	0	-701.2736	-701.262	-0.01156858	0.01156858
451	1	-702.1024	-702.0925	-0.009901302	0.009901302
452	0	-701.2647	-701.2532	-0.01154701	0.01154701
453	1	-701.2266	-701.2157	-0.01088497	0.01088497
454	0	-702.9525	-702.9431	-0.00944209	0.00944209
455	1	-702.2874	-702.2777	-0.009785963	0.009785963
456	0	-701.2943	-701.2826	-0.01161523	0.01161523
457	1	-701.8584	-701.846	-0.01232349	0.01232349
458	0	-701.1892	-701.1781	-0.01108311	0.01108311
459	1	-701.5524	-701.5404	-0.01201007	0.01201007
460	0	-701.3048	-701.2932	-0.01163742	0.01163742
461	1	-701.519	-701.507	-0.01196927	0.01196927
462	0	-701.3649	-701.3532	-0.01174845	0.01174845
463	1	-701.1869	-701.1757	-0.0111947	0.0111947
464	0	-701.2058	-701.1948	-0.01096737	0.01096737
465	1	-701.1877	-701.1764	-0.01121069	0.01121069
466	0	-701.1922	-701.181	-0.01126513	0.01126513
467	1	-701.1865	-701.1754	-0.01118408	0.01118408
468	0	-701.2675	-701.256	-0.01155394	0.01155394
469	1	-701.1862	-701.1751	-0.01116916	0.01116916
470	0	-701.1879	-701.1768	-0.01110114	0.01110114
471	1	-701.4276	-701.4171	-0.01049932	0.01049932
472	0	-701.1882	-701.1771	-0.01109687	0.01109687
473	1	-701.5653	-701.555	-0.01033713	0.01033713
474	0	-701.2796	-701.2688	-0.01074488	0.01074488
475	1	-701.4857	-701.4738	-0.01192661	0.01192661
476	0	-701.2717	-701.261	-0.01076236	0.01076236
477	1	-701.3153	-701.3037	-0.01165852	0.01165852
478	0	-701.2842	-701.2735	-0.01073483	0.01073483
479	1	-701.2773	-701.2657	-0.01157725	0.01157725
480	0	-701.273	-701.2622	-0.01075952	0.01075952
481	1	-701.1871	-701.1759	-0.0111174	0.0111174
482	0	-701.4518	-701.4399	-0.01188081	0.01188081
483	1	-701.2806	-701.269	-0.01158502	0.01158502
484	0	-701.1949	-701.1836	-0.01128655	0.01128655
485	1	-701.1862	-701.1751	-0.01114987	0.01114987
486	0	-701.2748	-701.264	-0.01075551	0.01075551
487	1	-701.5164	-701.5061	-0.01039045	0.01039045
488	0	-703.3066	-703.2973	-0.00928872	0.00928872
489	1	-701.4944	-701.4824	-0.01193792	0.01193792
490	0	-701.7222	-701.71	-0.01219469	0.01219469
491	1	-701.7385	-701.7263	-0.01221087	0.01221087
492	0	-701.3778	-701.3673	-0.0105697	0.0105697
493	1	-701.5306	-701.5187	-0.01198373	0.01198373
494	0	-701.3267	-701.315	-0.01168045	0.01168045
495	1	-701.4358	-701.4253	-0.01048852	0.01048852
496	0	-701.2602	-701.2494	-0.01078972	0.01078972
497	1	-701.1893	-701.1782	-0.01108183	0.01108183
498	0	-701.2023	-701.1913	-0.01098508	0.01098508
499	1	-701.3453	-701.3336	-0.0117146	0.0117146
500	0	-701.1957	-701.1847	-0.01102481	0.01102481
501	1	-702.2045	-702.1947	-0.009836255	0.009836255
502	0	-701.3285	-701.3168	-0.01168374	0.01168374
503	1	-701.5194	-701.5075	-0.01196984	0.01196984
504	0	-701.2109	-701.2	-0.01094388	0.01094388
505	1	-701.8664	-701.8563	-0.01006877	0.01006877
506	0	-701.4098	-701.3993	-0.01052356	0.01052356
507	1	-701.3725	-701.3619	-0.01057783	0.01057783
508	0	-701.2655	-701.2547	-0.01077687	0.01077687
509	1	-701.2382	-701.2267	-0.01147369	0.01147369
510	0	-701.4984	-701.4864	-0.01194308	0.01194308
511	1	-701.4801	-701.4697	-0.01043282	0.01043282
512	0	-701.1983	-701.1873	-0.01100769	0.01100769
513	1	-701.1955	-701.1842	-0.011291	0.011291
514	0	-701.9497	-701.9373	-0.01240311	0.01240311
515	1	-701.3404	-701.3298	-0.01062921	0.01062921
516	0	-702.2103	-702.1977	-0.01260899	0.01260899
517	1	-701.4367	-701.4248	-0.01185941	0.01185941
518	0	-706.4236	-706.4089	-0.01463034	0.01463034
519	1	-702.0343	-702.0219	-0.0124731	0.0124731
520	0	-701.349	-701.3384	-0.01061493	0.01061493
521	1	-701.2137	-701.2023	-0.01138719	0.01138719
522	0	-701.1974	-701.1861	-0.01130386	0.01130386
523	1	-701.2841	-701.2734	-0.0107351	0.0107351
524	0	-702.1048	-702.0923	-0.01252895	0.01252895
525	1	-701.43	-701.4181	-0.01184978	0.01184978
526	0	-701.8265	-701.8142	-0.01229457	0.01229457
527	1	-701.4356	-701.4238	-0.01185796	0.01185796
528	0	-702.2903	-702.2777	-0.01266718	0.01266718
529	1	-701.8166	-701.8065	-0.01010791	0.01010791
530	0	-701.5562	-701.5442	-0.01201468	0.01201468
531	1	-702.2102	-702.2003	-0.009832736	0.009832736
532	0	-701.6368	-701.6266	-0.01026527	0.01026527
533	1	-701.5483	-701.538	-0.01035522	0.01035522
534	0	-701.8892	-701.8769	-0.01235094	0.01235094
535	1	-701.3191	-701.3084	-0.01066651	0.01066651
536	0	-701.1942	-701.1831	-0.01103595	0.01103595
537	1	-701.4498	-701.4379	-0.01187803	0.01187803
538	0	-702.8894	-702.8763	-0.01305368	0.01305368
539	1	-701.1862	-701.1751	-0.01115053	0.01115053
540	0	-701.3783	-701.3677	-0.01056903	0.01056903
541	1	-701.7475	-701.7353	-0.01221971	0.01221971
542	0	-701.4013	-701.3895	-0.01180697	0.01180697
543	1	-703.0825	-703.0693	-0.01316465	0.01316465
544	0	-701.7047	-701.6945	-0.01020247	0.01020247
545	1	-701.2078	-701.1969	-0.01095776	0.01095776
546	0	-701.661	-701.6508	-0.01024236	0.01024236
547	1	-702.0548	-702.0423	-0.01248952	0.01248952
548	0	-701.3709	-701.3592	-0.01175853	0.01175853
549	1	-702.1063	-702.0964	-0.009898767	0.009898767
550	0	-701.1899	-701.1788	-0.01107454	0.01107454
551	1	-701.336	-701.3254	-0.0106367	0.0106367
552	0	-701.2067	-701.1953	-0.01135547	0.01135547
553	1	-701.9321	-701.9197	-0.01238817	0.01238817
554	0	-702.1943	-702.1817	-0.01259709	0.01259709
555	1	-701.3373	-701.3256	-0.01170013	0.01170013
556	0	-701.5394	-701.5274	-0.01199438	0.01199438
557	1	-701.3887	-701.3769	-0.01178735	0.01178735
558	0	-701.8279	-701.8178	-0.01009893	0.01009893
559	1	-702.1266	-702.1141	-0.01254579	0.01254579
560	0	-701.206	-701.1947	-0.01135224	0.01135224
561	1	-701.4798	-701.4679	-0.01191885	0.01191885
562	0	-703.7464	-703.7329	-0.01351284	0.01351284
563	1	-701.2363	-701.2254	-0.01085439	0.01085439
564	0	-702.1405	-702.128	-0.01255647	0.01255647
565	1	-702.1959	-702.1861	-0.009841586	0.009841586
566	0	-701.1878	-701.1767	-0.01110368	0.01110368
567	1	-701.3877	-701.3759	-0.01178572	0.01178572
568	0	-701.2205	-701.2091	-0.0114139	0.0114139
569	1	-701.2375	-701.226	-0.0114716	0.0114716
570	0	-701.4724	-701.4605	-0.01190891	0.01190891
571	1	-701.1899	-701.1787	-0.01124189	0.01124189
572	0	-702.4721	-702.4624	-0.009681038	0.009681038
573	1	-701.2292	-701.2177	-0.01144481	0.01144481
574	0	-701.1878	-701.1767	-0.01110368	0.01110368
575	1	-703.1813	-703.168	-0.0132195	0.0132195
576	0	-701.2419	-701.2311	-0.01083783	0.01083783
577	1	-701.1906	-701.1794	-0.01124948	0.01124948
578	0	-701.617	-701.6068	-0.01028452	0.01028452
579	1	-701.239	-701.2276	-0.01147635	0.01147635
580	0	-701.2503	-701.2388	-0.01150894	0.01150894
581	1	-701.6619	-701.6498	-0.01213281	0.01213281
582	0	-702.2597	-702.2471	-0.01264513	0.01264513
583	1	-701.2256	-701.2142	-0.01143268	0.01143268
584	0	-701.5653	-701.5533	-0.01202535	0.01202535
585	1	-702.4532	-702.4435	-0.009691361	0.009691361
586	0	-701.369	-701.3584	-0.01058315	0.01058315
587	1	-701.1863	-701.1751	-0.01114636	0.01114636
588	0	-701.2312	-701.2197	-0.0114515	0.0114515
589	1	-701.1862	-701.1751	-0.01114932	0.01114932
590	0	-701.3676	-701.3559	-0.01175303	0.01175303
591	1	-701.2028	-701.1919	-0.01098216	0.01098216
592	0	-701.1863	-701.1751	-0.01117051	0.01117051
593	1	-701.2123	-701.2009	-0.01138102	0.01138102
594	0	-701.188	-701.1768	-0.01121677	0.01121677
595	1	-701.2854	-701.2747	-0.01073235	0.01073235
596	0	-701.2425	-701.2316	-0.01083632	0.01083632
597	1	-701.1923	-701.1813	-0.0110509	0.0110509
598	0	-701.188	-701.1768	-0.01121646	0.01121646
599	1	-701.4728	-701.4609	-0.01190947	0.01190947
600	0	-701.4374	-701.4255	-0.01186043	0.01186043
601	1	-701.4344	-701.4225	-0.01185618	0.01185618
602	0	-701.5957	-701.5837	-0.01206048	0.01206048
603	1	-701.2061	-701.1952	-0.01096561	0.01096561
604	0	-701.2492	-701.2377	-0.01150586	0.01150586
605	1	-702.5231	-702.5135	-0.009653512	0.009653512
606	0	-701.5711	-701.5608	-0.01033107	0.01033107
607	1	-701.2374	-701.2266	-0.01085087	0.01085087
608	0	-701.4038	-701.3933	-0.01053191	0.01053191
609	1	-701.6556	-701.6453	-0.01024749	0.01024749
610	0	-701.6568	-701.6447	-0.01212742	0.01212742
611	1	-701.3149	-701.3032	-0.01165761	0.01165761
612	0	-701.505	-701.4946	-0.01040347	0.01040347
613	1	-703.5899	-703.5765	-0.01343472	0.01343472
614	0	-701.9387	-701.9263	-0.01239383	0.01239383
615	1	-703.4218	-703.4084	-0.01334827	0.01334827
616	0	-702.1998	-702.19	-0.009839144	0.009839144
617	1	-703.4233	-703.414	-0.009241388	0.009241388
618	0	-701.2216	-701.2107	-0.01090224	0.01090224
619	1	-701.6964	-701.6862	-0.0102099	0.0102099
620	0	-701.1872	-701.1761	-0.01111334	0.01111334
621	1	-701.2113	-701.2004	-0.01094214	0.01094214
622	0	-702.084	-702.0715	-0.01251265	0.01251265
623	1	-701.7155	-701.7033	-0.01218802	0.01218802
624	0	-701.7514	-701.7392	-0.01222355	0.01222355
625	1	-701.3139	-701.3032	-0.01067604	0.01067604
626	0	-702.77	-702.757	-0.01298224	0.01298224
627	1	-701.1945	-701.1832	-0.01128374	0.01128374
628	0	-701.8618	-701.8494	-0.01232655	0.01232655
629	1	-701.8581	-701.848	-0.01007516	0.01007516
630	0	-701.5533	-701.5413	-0.01201115	0.01201115
631	1	-701.3653	-701.3536	-0.01174914	0.01174914
632	0	-701.279	-701.2682	-0.01074622	0.01074622
633	1	-701.9698	-701.9598	-0.009992047	0.009992047
634	0	-701.2788	-701.2673	-0.01158091	0.01158091
635	1	-701.8588	-701.8488	-0.01007458	0.01007458
636	0	-701.3568	-701.3462	-0.01060233	0.01060233
637	1	-701.6739	-701.6637	-0.01023042	0.01023042
638	0	-701.3262	-701.3146	-0.01167955	0.01167955
639	1	-701.2889	-701.2782	-0.01072498	0.01072498
640	0	-702.6616	-702.6487	-0.01291529	0.01291529
641	1	-701.4306	-701.4187	-0.01185067	0.01185067
642	0	-701.9396	-701.9296	-0.01001384	0.01001384
643	1	-701.1919	-701.1808	-0.01105503	0.01105503
644	0	-701.3834	-701.3716	-0.01177887	0.01177887
645	1	-701.2749	-701.2633	-0.01157169	0.01157169
646	0	-701.1946	-701.1833	-0.01128393	0.01128393
647	1	-701.3729	-701.3623	-0.01057722	0.01057722
648	0	-701.2447	-701.2333	-0.01149331	0.01149331
649	1	-702.1445	-702.1346	-0.00987404	0.00987404
650	0	-701.2565	-701.2457	-0.01079883	0.01079883
651	1	-701.3138	-701.3031	-0.01067627	0.01067627
652	0	-701.8631	-701.853	-0.01007132	0.01007132
653	1	-701.3457	-701.334	-0.0117153	0.0117153
654	0	-702.4737	-702.4641	-0.009680118	0.009680118
655	1	-702.1744	-702.1619	-0.01258219	0.01258219
656	0	-703.6212	-703.612	-0.009164231	0.009164231
657	1	-702.1227	-702.1128	-0.009888092	0.009888092
658	0	-701.1896	-701.1785	-0.01107854	0.01107854
659	1	-702.232	-702.2194	-0.01262493	0.01262493
660	0	-702.2152	-702.2053	-0.009829653	0.009829653
661	1	-704.2561	-704.2424	-0.01375405	0.01375405
662	0	-701.232	-701.2211	-0.01086762	0.01086762
663	1	-702.5948	-702.5852	-0.009615833	0.009615833
664	0	-701.2251	-701.2137	-0.01143081	0.01143081
665	1	-701.2573	-701.2465	-0.01079677	0.01079677
666	0	-702.9716	-702.9622	-0.009433394	0.009433394
667	1	-702.1884	-702.1758	-0.01259265	0.01259265
668	0	-701.2193	-701.2079	-0.01140953	0.01140953
669	1	-701.2079	-701.1966	-0.01136151	0.01136151
670	0	-701.3734	-701.3628	-0.01057648	0.01057648
671	1	-701.7951	-701.7828	-0.01226535	0.01226535
672	0	-701.2324	-701.2215	-0.01086631	0.01086631
673	1	-702.8931	-702.88	-0.01305587	0.01305587
674	0	-702.2185	-702.2086	-0.009827625	0.009827625
675	1	-701.3251	-701.3135	-0.01167747	0.01167747
676	0	-701.1899	-701.1787	-0.01124204	0.01124204
677	1	-703.8875	-703.8785	-0.00906589	0.00906589
678	0	-701.1923	-701.1811	-0.0112659	0.0112659
679	1	-701.2214	-701.21	-0.01141745	0.01141745
680	0	-701.3904	-701.3787	-0.01179005	0.01179005
681	1	-701.6703	-701.6601	-0.0102337	0.0102337
682	0	-701.9376	-701.9276	-0.01001531	0.01001531
683	1	-701.1872	-701.176	-0.01120101	0.01120101
684	0	-701.9573	-701.9473	-0.01000106	0.01000106
685	1	-701.2711	-701.2595	-0.01156261	0.01156261
686	0	-701.4476	-701.4358	-0.01187498	0.01187498
687	1	-701.2025	-701.1915	-0.01098384	0.01098384
688	0	-701.1864	-701.1752	-0.01117792	0.01117792
689	1	-701.34	-701.3294	-0.01062988	0.01062988
690	0	-702.8788	-702.8658	-0.01304747	0.01304747
691	1	-701.2562	-701.2454	-0.01079959	0.01079959
692	0	-701.2373	-701.2264	-0.01085142	0.01085142
693	1	-701.4117	-701.3999	-0.0118228	0.0118228
694	0	-701.2898	-701.2782	-0.01160556	0.01160556
695	1	-701.9237	-701.9113	-0.01238095	0.01238095
696	0	-701.6205	-701.6102	-0.01028117	0.01028117
697	1	-701.1875	-701.1763	-0.01120725	0.01120725
698	0	-701.1921	-701.1808	-0.0112638	0.0112638
699	1	-701.2089	-701.1979	-0.01095299	0.01095299
700	0	-701.3746	-701.3628	-0.01176452	0.01176452
701	1	-701.7958	-701.7857	-0.01012476	0.01012476
702	0	-701.1941	-701.1831	-0.01103657	0.01103657
703	1	-701.1994	-701.188	-0.0113162	0.0113162
704	0	-701.2718	-701.2602	-0.0115642	0.0115642
705	1	-701.2068	-701.1959	-0.01096233	0.01096233
706	0	-702.3188	-702.3062	-0.01268746	0.01268746
707	1	-702.8723	-702.8592	-0.01304358	0.01304358
708	0	-701.2498	-701.239	-0.01081615	0.01081615
709	1	-703.7883	-703.7747	-0.01353337	0.01353337
710	0	-701.2163	-701.2049	-0.01139781	0.01139781
711	1	-701.7515	-701.7413	-0.01016178	0.01016178
712	0	-702.2261	-702.2163	-0.009822925	0.009822925
713	1	-701.3528	-701.3422	-0.0106088	0.0106088
714	0	-702.2409	-702.2283	-0.01263148	0.01263148
715	1	-701.1922	-701.1811	-0.01105222	0.01105222
716	0	-701.1982	-701.1872	-0.01100833	0.01100833
717	1	-701.588	-701.576	-0.01205174	0.01205174
718	0	-701.2196	-701.2087	-0.01090949	0.01090949
719	1	-701.9443	-701.9319	-0.01239854	0.01239854
720	0	-701.8244	-701.8143	-0.0101017	0.0101017
721	1	-701.5586	-701.5482	-0.01034428	0.01034428
722	0	-701.5062	-701.4958	-0.01040214	0.01040214
723	1	-702.5039	-702.4911	-0.01281383	0.01281383
724	0	-701.6928	-701.6826	-0.01021321	0.01021321
725	1	-701.8756	-701.8633	-0.01233891	0.01233891
726	0	-701.1901	-701.179	-0.01107275	0.01107275
727	1	-701.2565	-701.245	-0.01152589	0.01152589
728	0	-702.1338	-702.1213	-0.01255133	0.01255133
729	1	-701.2121	-701.2007	-0.01138013	0.01138013
730	0	-701.3049	-701.2932	-0.01163751	0.01163751
731	1	-701.5892	-701.5789	-0.01031243	0.01031243
732	0	-701.1923	-701.181	-0.01126551	0.01126551
733	1	-702.9254	-702.9159	-0.009454554	0.009454554
734	0	-701.7711	-701.7589	-0.01224255	0.01224255
735	1	-701.6424	-701.6303	-0.01211207	0.01211207
736	0	-701.6134	-701.6014	-0.01208036	0.01208036
737	1	-701.1885	-701.1773	-0.01122406	0.01122406
738	0	-701.5318	-701.5198	-0.01198509	0.01198509
739	1	-701.1935	-701.1823	-0.01127612	0.01127612
740	0	-701.1883	-701.1771	-0.01122148	0.01122148
741	1	-702.629	-702.6194	-0.009598232	0.009598232
742	0	-702.2916	-702.2818	-0.009783517	0.009783517
743	1	-701.7657	-701.7535	-0.0122374	0.0122374
744	0	-701.1875	-701.1763	-0.01120764	0.01120764
745	1	-702.2297	-702.2198	-0.009820764	0.009820764
746	0	-701.4507	-701.4402	-0.01046921	0.01046921
747	1	-701.948	-701.938	-0.01000772	0.01000772
748	0	-701.4118	-701.4013	-0.01052072	0.01052072
749	1	-701.2163	-701.2049	-0.01139781	0.01139781
750	0	-701.4366	-701.4261	-0.01048737	0.01048737
751	1	-701.7337	-701.7235	-0.01017706	0.01017706
752	0	-702.0034	-701.9935	-0.00996829	0.00996829
753	1	-701.1866	-701.1754	-0.01118559	0.01118559
754	0	-701.1865	-701.1754	-0.01113249	0.01113249
755	1	-701.3046	-701.2929	-0.01163686	0.01163686
756	0	-703.4084	-703.3992	-0.009247329	0.009247329
757	1	-701.5049	-701.4945	-0.01040365	0.01040365
758	0	-701.1981	-701.1871	-0.01100919	0.01100919
759	1	-701.459	-701.4471	-0.01189077	0.01189077
760	0	-701.1975	-701.1862	-0.01130432	0.01130432
761	1	-701.2244	-701.2129	-0.01142817	0.01142817
762	0	-701.1866	-701.1754	-0.01113124	0.01113124
763	1	-701.323	-701.3123	-0.01065947	0.01065947
764	0	-702.0099	-701.9999	-0.009963799	0.009963799
765	1	-702.9556	-702.9462	-0.009440684	0.009440684
766	0	-702.8053	-702.7923	-0.0130036	0.0130036
767	1	-702.1524	-702.1399	-0.01256555	0.01256555
768	0	-701.3423	-701.3306	-0.01170912	0.01170912
769	1	-702.2236	-702.211	-0.0126188	0.0126188
770	0	-701.2525	-701.241	-0.01151508	0.01151508
771	1	-701.1927	-701.1814	-0.01126895	0.01126895
772	0	-702.2616	-702.2489	-0.01264649	0.01264649
773	1	-701.2952	-701.2836	-0.01161727	0.01161727
774	0	-701.9551	-701.9451	-0.01000259	0.01000259
775	1	-701.6509	-701.6388	-0.01212118	0.01212118
776	0	-701.1953	-701.184	-0.01128953	0.01128953
777	1	-701.2283	-701.2169	-0.01144193	0.01144193
778	0	-701.242	-701.2311	-0.01083778	0.01083778
779	1	-701.1886	-701.1775	-0.01109086	0.01109086
780	0	-701.4512	-701.4394	-0.01188002	0.01188002
781	1	-701.2753	-701.2638	-0.01157272	0.01157272
782	0	-701.7955	-701.7832	-0.01226572	0.01226572
783	1	-701.6539	-701.6418	-0.01212433	0.01212433
784	0	-701.1863	-701.1751	-0.01117416	0.01117416
785	1	-701.6812	-701.6691	-0.01215305	0.01215305
786	0	-701.6957	-701.6836	-0.01216798	0.01216798
787	1	-701.2431	-701.2316	-0.01148844	0.01148844
788	0	-701.1868	-701.1757	-0.01119349	0.01119349
789	1	-701.4934	-701.4814	-0.01193663	0.01193663
790	0	-701.4926	-701.4807	-0.01193562	0.01193562
791	1	-701.3891	-701.3774	-0.011788	0.011788
792	0	-701.7473	-701.7351	-0.01221949	0.01221949
793	1	-701.3804	-701.3686	-0.01177394	0.01177394
794	0	-701.6425	-701.6304	-0.01211219	0.01211219
795	1	-701.1978	-701.1868	-0.01101116	0.01101116
796	0	-701.1866	-701.1755	-0.01112984	0.01112984
797	1	-702.6547	-702.6451	-0.009585146	0.009585146
798	0	-701.3283	-701.3176	-0.01065008	0.01065008
799	1	-701.5815	-701.5712	-0.01032029	0.01032029
800	0	-701.6631	-701.6528	-0.01024047	0.01024047
801	1	-701.4032	-701.3927	-0.01053273	0.01053273
802	0	-702.3284	-702.3187	-0.009761872	0.009761872
803	1	-701.2365	-701.2256	-0.01085373	0.01085373
804	0	-702.0978	-702.0879	-0.009904321	0.009904321
805	1	-701.1942	-701.1832	-0.01103583	0.01103583
806	0	-701.1935	-701.1824	-0.01104136	0.01104136
807	1	-701.7203	-701.7101	-0.0101887	0.0101887
808	0	-701.5819	-701.5699	-0.01204473	0.01204473
809	1	-702.2035	-702.1909	-0.0126039	0.0126039
810	0	-701.1964	-701.1854	-0.0110201	0.0110201
811	1	-701.587	-701.5767	-0.01031465	0.01031465
812	0	-701.1939	-701.1826	-0.01127873	0.01127873
813	1	-701.4494	-701.4375	-0.01187745	0.01187745
814	0	-701.1895	-701.1782	-0.01123703	0.01123703
815	1	-701.395	-701.3832	-0.01179718	0.01179718
816	0	-701.5521	-701.5418	-0.01035116	0.01035116
817	1	-703.1167	-703.1073	-0.009369013	0.009369013
818	0	-701.1911	-701.1799	-0.01125474	0.01125474
819	1	-701.8987	-701.8887	-0.01004412	0.01004412
820	0	-701.9915	-701.979	-0.01243809	0.01243809
821	1	-701.248	-701.2372	-0.01082102	0.01082102
822	0	-701.2097	-701.1988	-0.01094906	0.01094906
823	1	-701.2783	-701.2676	-0.01074764	0.01074764
824	0	-701.4318	-701.42	-0.01185249	0.01185249
825	1	-701.2165	-701.2056	-0.01092121	0.01092121
826	0	-702.4096	-702.3968	-0.01275048	0.01275048
827	1	-701.2006	-701.1896	-0.01099418	0.01099418
828	0	-701.1939	-701.1826	-0.01127901	0.01127901
829	1	-701.228	-701.2165	-0.01144083	0.01144083
830	0	-701.9601	-701.9501	-0.009998971	0.009998971
831	1	-701.2288	-701.2174	-0.0114437	0.0114437
832	0	-701.2035	-701.1925	-0.01097887	0.01097887
833	1	-701.3265	-701.3148	-0.01168009	0.01168009
834	0	-702.3572	-702.3445	-0.01271436	0.01271436
835	1	-702.3199	-702.3101	-0.009766876	0.009766876
836	0	-702.2944	-702.2817	-0.01267008	0.01267008
837	1	-701.4924	-701.4805	-0.0119354	0.0119354
838	0	-701.2984	-701.2867	-0.01162396	0.01162396
839	1	-701.2002	-701.1889	-0.01132144	0.01132144
840	0	-701.4278	-701.4173	-0.01049909	0.01049909
841	1	-701.2127	-701.2018	-0.01093631	0.01093631
842	0	-701.591	-701.5807	-0.01031059	0.01031059
843	1	-701.2829	-701.2722	-0.01073772	0.01073772
844	0	-701.9166	-701.9066	-0.01003077	0.01003077
845	1	-705.6142	-705.5999	-0.01432487	0.01432487
846	0	-702.5135	-702.5038	-0.009658659	0.009658659
847	1	-701.2033	-701.1923	-0.01097991	0.01097991
848	0	-701.726	-701.7158	-0.0101837	0.0101837
849	1	-701.6423	-701.6302	-0.01211195	0.01211195
850	0	-701.2086	-701.1977	-0.01095406	0.01095406
851	1	-702.0222	-702.0097	-0.01246326	0.01246326
852	0	-701.1868	-701.1757	-0.01112339	0.01112339
853	1	-701.427	-701.4165	-0.0105001	0.0105001
854	0	-701.7912	-701.7789	-0.01226167	0.01226167
855	1	-701.5346	-701.5226	-0.01198852	0.01198852
856	0	-701.3088	-701.2971	-0.01164543	0.01164543
857	1	-701.8985	-701.8862	-0.01235909	0.01235909
858	0	-701.2253	-701.2139	-0.01143154	0.01143154
859	1	-701.2183	-701.2069	-0.01140573	0.01140573
860	0	-702.4945	-702.4848	-0.009668887	0.009668887
861	1	-701.3913	-701.3808	-0.01054976	0.01054976
862	0	-701.4893	-701.4774	-0.01193132	0.01193132
863	1	-703.5212	-703.512	-0.009202742	0.009202742
864	0	-701.5042	-701.4922	-0.01195056	0.01195056
865	1	-701.1998	-701.1888	-0.01099871	0.01099871
866	0	-701.2516	-701.2401	-0.01151255	0.01151255
867	1	-702.3375	-702.3277	-0.009756613	0.009756613
868	0	-702.8413	-702.8283	-0.0130252	0.0130252
869	1	-701.349	-701.3383	-0.01061499	0.01061499
870	0	-701.3888	-701.377	-0.01178749	0.01178749
871	1	-701.2036	-701.1926	-0.01097837	0.01097837
872	0	-701.6721	-701.6619	-0.01023208	0.01023208
873	1	-701.2149	-701.2035	-0.01139219	0.01139219
874	0	-702.9797	-702.9666	-0.01310624	0.01310624
875	1	-701.2878	-701.2762	-0.01160116	0.01160116
876	0	-701.3868	-701.375	-0.0117843	0.0117843
877	1	-701.1883	-701.177	-0.01122077	0.01122077
878	0	-702.5748	-702.5651	-0.009626247	0.009626247
879	1	-701.7063	-701.6961	-0.01020104	0.01020104
880	0	-701.7802	-701.768	-0.01225125	0.01225125
881	1	-701.6884	-701.6762	-0.01216046	0.01216046
882	0	-701.2571	-701.2463	-0.01079748	0.01079748
883	1	-701.1989	-701.1879	-0.01100401	0.01100401
884	0	-701.574	-701.5637	-0.01032799	0.01032799
885	1	-702.0396	-702.0271	-0.01247734	0.01247734
886	0	-701.4708	-701.4589	-0.01190679	0.01190679
887	1	-701.5631	-701.5511	-0.01202282	0.01202282
888	0	-702.6956	-702.6827	-0.01293654	0.01293654
889	1	-701.4744	-701.4625	-0.01191158	0.01191158
890	0	-701.4275	-701.4156	-0.01184613	0.01184613
891	1	-701.3577	-701.3471	-0.0106008	0.0106008
892	0	-701.562	-701.55	-0.01202148	0.01202148
893	1	-702.8747	-702.8616	-0.013045	0.013045
894	0	-701.1984	-701.1871	-0.01131004	0.01131004
895	1	-701.1866	-701.1755	-0.01112903	0.01112903
896	0	-701.1876	-701.1765	-0.01110567	0.01110567
897	1	-702.5338	-702.5242	-0.009647819	0.009647819
898	0	-701.201	-701.1897	-0.01132566	0.01132566
899	1	-702.0356	-702.0231	-0.0124741	0.0124741
900	0	-701.9946	-701.9821	-0.01244064	0.01244064
901	1	-701.3739	-701.3633	-0.01057569	0.01057569
902	0	-701.6501	-701.6379	-0.01212026	0.01212026
903	1	-701.212	-701.2006	-0.01137963	0.01137963
904	0	-701.1968	-701.1858	-0.01101747	0.01101747
905	1	-701.8931	-701.8807	-0.0123543	0.0123543
906	0	-702.4376	-702.4248	-0.0127695	0.0127695
907	1	-701.3736	-701.363	-0.01057612	0.01057612
908	0	-701.3115	-701.3008	-0.01068054	0.01068054
909	1	-702.0106	-701.9982	-0.01245383	0.01245383
910	0	-701.2143	-701.2034	-0.0109299	0.0109299
911	1	-701.2598	-701.249	-0.01079075	0.01079075
912	0	-701.2632	-701.2524	-0.01078239	0.01078239
913	1	-704.0972	-704.0882	-0.008992338	0.008992338
914	0	-702.6647	-702.6518	-0.01291725	0.01291725
915	1	-701.1862	-701.175	-0.01116607	0.01116607
916	0	-701.4058	-701.3939	-0.01181379	0.01181379
917	1	-701.1941	-701.183	-0.01103688	0.01103688
918	0	-701.4195	-701.4077	-0.01183447	0.01183447
919	1	-701.4084	-701.3965	-0.01181775	0.01181775
920	0	-701.318	-701.3064	-0.01166383	0.01166383
921	1	-702.2658	-702.256	-0.009798901	0.009798901
922	0	-701.2553	-701.2438	-0.01152269	0.01152269
923	1	-703.0955	-703.0823	-0.01317197	0.01317197
924	0	-702.6139	-702.6043	-0.00960595	0.00960595
925	1	-701.1874	-701.1762	-0.0111111	0.0111111
926	0	-701.4224	-701.4119	-0.01050633	0.01050633
927	1	-701.2164	-701.205	-0.01139827	0.01139827
928	0	-701.8951	-701.8827	-0.01235609	0.01235609
929	1	-701.3665	-701.356	-0.01058697	0.01058697
930	0	-701.1862	-701.175	-0.01116058	0.01116058
931	1	-701.5496	-701.5376	-0.01200673	0.01200673
932	0	-701.3722	-701.3616	-0.01057831	0.01057831
933	1	-701.5975	-701.5854	-0.01206246	0.01206246
934	0	-701.3519	-701.3413	-0.01061012	0.01061012
935	1	-701.239	-701.2275	-0.01147614	0.01147614
936	0	-702.5488	-702.5391	-0.009639899	0.009639899
937	1	-701.6707	-701.6605	-0.01023333	0.01023333
938	0	-701.2635	-701.2527	-0.01078168	0.01078168
939	1	-701.9377	-701.9253	-0.0123929	0.0123929
940	0	-703.2357	-703.2264	-0.009318184	0.009318184
941	1	-701.2105	-701.1991	-0.01137334	0.01137334
942	0	-701.2864	-701.2757	-0.0107303	0.0107303
943	1	-701.8915	-701.8791	-0.01235294	0.01235294
944	0	-701.2543	-701.2435	-0.0108044	0.0108044
945	1	-701.22	-701.2086	-0.01141205	0.01141205
946	0	-703.3085	-703.2992	-0.009287917	0.009287917
947	1	-701.2214	-701.2105	-0.01090293	0.01090293
948	0	-701.9264	-701.914	-0.01238327	0.01238327
949	1	-701.1877	-701.1765	-0.01121106	0.01121106
950	0	-701.7848	-701.7746	-0.01013384	0.01013384
951	1	-701.5268	-701.5148	-0.01197892	0.01197892
952	0	-701.5185	-701.5065	-0.01196868	0.01196868
953	1	-702.0384	-702.0284	-0.00994419	0.00994419
954	0	-701.713	-701.7008	-0.0121855	0.0121855
955	1	-701.2658	-701.255	-0.01077616	0.01077616
956	0	-701.1864	-701.1752	-0.01117929	0.01117929
957	1	-701.1878	-701.1767	-0.01110371	0.01110371
958	0	-701.1985	-701.1871	-0.01131061	0.01131061
959	1	-701.2664	-701.2549	-0.01155114	0.01155114
960	0	-701.3715	-701.3597	-0.01175938	0.01175938
961	1	-702.4671	-702.4574	-0.009683732	0.009683732
962	0	-701.2358	-701.2249	-0.01085591	0.01085591
963	1	-701.6205	-701.6084	-0.01208814	0.01208814
964	0	-701.2004	-701.1894	-0.01099542	0.01099542
965	1	-701.4548	-701.4443	-0.01046406	0.01046406
966	0	-701.9121	-701.9021	-0.0100341	0.0100341
967	1	-701.5681	-701.5578	-0.01033416	0.01033416
968	0	-702.249	-702.2392	-0.009808978	0.009808978
969	1	-701.994	-701.984	-0.009974896	0.009974896
970	0	-701.1908	-701.1797	-0.01106507	0.01106507
971	1	-702.0759	-702.0659	-0.009918887	0.009918887
972	0	-701.5273	-701.5154	-0.01197966	0.01197966
973	1	-702.3961	-702.3863	-0.009723155	0.009723155
974	0	-701.8459	-701.8358	-0.01008471	0.01008471
975	1	-701.762	-701.7518	-0.01015288	0.01015288
976	0	-701.249	-701.2382	-0.01081826	0.01081826
977	1	-701.1955	-701.1842	-0.0112912	0.0112912
978	0	-702.8128	-702.8032	-0.009507401	0.009507401
979	1	-701.2294	-701.218	-0.01144572	0.01144572
980	0	-701.1875	-701.1763	-0.01120881	0.01120881
981	1	-701.1926	-701.1813	-0.01126794	0.01126794
982	0	-701.1897	-701.1787	-0.01107635	0.01107635
983	1	-701.3663	-701.3557	-0.0105873	0.0105873
984	0	-701.2197	-701.2083	-0.01141086	0.01141086
985	1	-701.2022	-701.1912	-0.01098559	0.01098559
986	0	-701.3131	-701.3024	-0.01067754	0.01067754
987	1	-702.7439	-702.7309	-0.01296631	0.01296631
988	0	-701.969	-701.9566	-0.01241939	0.01241939
989	1	-701.1877	-701.1765	-0.01121136	0.01121136
990	0	-702.0453	-702.0354	-0.009939432	0.009939432
991	1	-701.1921	-701.181	-0.01105337	0.01105337
992	0	-701.6945	-701.6824	-0.01216676	0.01216676
993	1	-705.1589	-705.1502	-0.008660669	0.008660669
994	0	-704.5255	-704.5116	-0.0138746	0.0138746
995	1	-701.4575	-701.4456	-0.01188872	0.01188872
996	0	-701.79	-701.7798	-0.01012957	0.01012957
997	1	-701.305	-701.2934	-0.0116378	0.0116378
998	0	-703.4415	-703.4323	-0.009234114	0.009234114
999	1	-701.1908	-701.1795	-0.01125113	0.01125113
1000	0	-703.2877	-703.2744	-0.01327725	0.01327725
1001	1	-701.2153	-701.204	-0.01139387	0.01139387
1002	0	-701.1903	-701.179	-0.01124595	0.01124595
1003	1	-701.2372	-701.2257	-0.01147058	0.01147058
1004	0	-701.3229	-701.3123	-0.01065956	0.01065956
1005	1	-701.3658	-701.354	-0.01174991	0.01174991
1006	0	-701.2745	-701.2637	-0.0107562	0.0107562
1007	1	-701.4123	-701.4018	-0.01052007	0.01052007
1008	0	-701.3622	-701.3504	-0.01174384	0.01174384
1009	1	-705.409	-705.4004	-0.008590433	0.008590433
1010	0	-701.4009	-701.3891	-0.01180632	0.01180632
1011	1	-703.5915	-703.5824	-0.009175556	0.009175556
1012	0	-702.7561	-702.7465	-0.009534785	0.009534785
1013	1	-701.4358	-701.424	-0.01185824	0.01185824
1014	0	-701.9513	-701.9413	-0.01000539	0.01000539
1015	1	-701.2162	-701.2053	-0.01092231	0.01092231
1016	0	-702.2979	-702.2881	-0.009779775	0.009779775
1017	1	-701.3719	-701.3602	-0.01176017	0.01176017
1018	0	-701.3413	-701.3296	-0.0117073	0.0117073
1019	1	-701.3037	-701.2921	-0.01163518	0.01163518
1020	0	-701.3359	-701.3252	-0.0106369	0.0106369
1021	1	-701.2064	-701.1954	-0.01096452	0.01096452
1022	0	-701.8743	-701.8619	-0.01233771	0.01233771
1023	1	-701.2913	-701.2806	-0.01071999	0.01071999
1024	0	-701.3439	-701.3322	-0.011712	0.011712
1025	1	-701.2242	-701.2128	-0.01142773	0.01142773
1026	0	-701.6897	-701.6776	-0.01216182	0.01216182
1027	1	-702.2695	-702.2568	-0.01265221	0.01265221
1028	0	-701.5123	-701.5004	-0.01196089	0.01196089
1029	1	-701.7204	-701.7082	-0.01219291	0.01219291
1030	0	-702.0189	-702.0089	-0.009957577	0.009957577
1031	1	-702.8251	-702.812	-0.01301549	0.01301549
1032	0	-703.9961	-703.987	-0.009027417	0.009027417
1033	1	-701.2378	-701.2263	-0.01147262	0.01147262
1034	0	-701.2661	-701.2553	-0.01077552	0.01077552
1035	1	-701.1978	-701.1865	-0.01130668	0.01130668
1036	0	-701.2626	-701.2511	-0.01154171	0.01154171
1037	1	-701.4356	-701.4238	-0.01185796	0.01185796
1038	0	-701.7357	-701.7255	-0.01017532	0.01017532
1039	1	-701.3689	-701.3572	-0.01175517	0.01175517
1040	0	-703.1214	-703.1121	-0.009366941	0.009366941
1041	1	-701.4032	-701.3914	-0.01180992	0.01180992
1042	0	-701.8323	-701.82	-0.01229983	0.01229983
1043	1	-701.2328	-701.2213	-0.01145678	0.01145678
1044	0	-701.2614	-701.2498	-0.01153847	0.01153847
1045	1	-702.0565	-702.0466	-0.009931846	0.009931846
1046	0	-701.7956	-701.7833	-0.01226578	0.01226578
1047	1	-701.2245	-701.2131	-0.01142866	0.01142866
1048	0	-701.4644	-701.454	-0.01045199	0.01045199
1049	1	-701.1865	-701.1753	-0.01118197	0.01118197
1050	0	-701.3326	-701.322	-0.0106425	0.0106425
1051	1	-702.4841	-702.4745	-0.009674476	0.009674476
1052	0	-702.0753	-702.0653	-0.009919287	0.009919287
1053	1	-701.1905	-701.1794	-0.01106809	0.01106809
1054	0	-701.3396	-701.3279	-0.01170426	0.01170426
1055	1	-701.2433	-701.2325	-0.01083401	0.01083401
1056	0	-701.3607	-701.3501	-0.01059613	0.01059613
1057	1	-701.3371	-701.3265	-0.01063479	0.01063479
1058	0	-702.6413	-702.6284	-0.01290254	0.01290254
1059	1	-705.3194	-705.3052	-0.01420797	0.01420797
1060	0	-701.7939	-701.7838	-0.01012633	0.01012633
1061	1	-701.3024	-701.2917	-0.01069795	0.01069795
1062	0	-701.3037	-701.2921	-0.01163519	0.01163519
1063	1	-701.7283	-701.7161	-0.01220078	0.01220078
1064	0	-702.0054	-701.993	-0.01244956	0.01244956
1065	1	-701.1976	-701.1866	-0.01101236	0.01101236
1066	0	-702.7346	-702.7216	-0.01296063	0.01296063
1067	1	-701.3579	-701.3473	-0.01060057	0.01060057
1068	0	-701.5279	-701.5175	-0.0103776	0.0103776
1069	1	-702.0964	-702.0865	-0.009905252	0.009905252
1070	0	-701.8363	-701.8262	-0.01009224	0.01009224
1071	1	-701.9047	-701.8946	-0.01003967	0.01003967
1072	0	-701.4731	-701.4627	-0.01044128	0.01044128
1073	1	-702.1563	-702.1465	-0.009866476	0.009866476
1074	0	-701.6288	-701.6185	-0.01027306	0.01027306
1075	1	-702.0177	-702.0053	-0.01245962	0.01245962
1076	0	-701.3664	-701.3547	-0.01175101	0.01175101
1077	1	-701.1871	-701.1759	-0.01119968	0.01119968
1078	0	-702.4493	-702.4396	-0.00969348	0.00969348
1079	1	-701.5425	-701.5321	-0.01036159	0.01036159
1080	0	-701.211	-701.1996	-0.01137535	0.01137535
1081	1	-701.1962	-701.1851	-0.01102171	0.01102171
1082	0	-701.5805	-701.5685	-0.01204312	0.01204312
1083	1	-701.3204	-701.3088	-0.01166846	0.01166846
1084	0	-701.2565	-701.2457	-0.01079895	0.01079895
1085	1	-701.3625	-701.3507	-0.01174435	0.01174435
1086	0	-701.2008	-701.1894	-0.01132443	0.01132443
1087	1	-701.7617	-701.7494	-0.01223349	0.01223349
1088	0	-702.1972	-702.1874	-0.009840774	0.009840774
1089	1	-701.9033	-701.8909	-0.01236327	0.01236327
1090	0	-701.2422	-701.2313	-0.01083713	0.01083713
1091	1	-701.5325	-701.5205	-0.01198599	0.01198599
1092	0	-701.2061	-701.1948	-0.01135283	0.01135283
1093	1	-701.7472	-701.7349	-0.01221938	0.01221938
1094	0	-701.2946	-701.2839	-0.01071338	0.01071338
1095	1	-701.6895	-701.6773	-0.01216157	0.01216157
1096	0	-701.5348	-701.5228	-0.0119888	0.0119888
1097	1	-701.4255	-701.415	-0.01050217	0.01050217
1098	0	-701.6173	-701.6052	-0.01208465	0.01208465
1099	1	-701.7269	-701.7167	-0.01018297	0.01018297
1100	0	-703.1095	-703.1001	-0.009372147	0.009372147
1101	1	-701.1953	-701.184	-0.01128939	0.01128939
1102	0	-701.2745	-701.2629	-0.01157071	0.01157071
1103	1	-701.3157	-701.3051	-0.01067263	0.01067263
1104	0	-701.6615	-701.6493	-0.01213237	0.01213237
1105	1	-701.2684	-701.2576	-0.01077014	0.01077014
1106	0	-701.2903	-701.2796	-0.01072204	0.01072204
1107	1	-701.398	-701.3862	-0.01180188	0.01180188
1108	0	-701.2258	-701.2144	-0.01143342	0.01143342
1109	1	-701.3817	-701.3699	-0.01177602	0.01177602
1110	0	-702.7876	-702.7781	-0.009519472	0.009519472
1111	1	-701.3791	-701.3674	-0.01177197	0.01177197
1112	0	-701.656	-701.6439	-0.01212659	0.01212659
1113	1	-702.2068	-702.1942	-0.01260633	0.01260633
1114	0	-701.4579	-701.446	-0.01188925	0.01188925
1115	1	-701.1901	-701.1789	-0.01124461	0.01124461
1116	0	-701.4716	-701.4611	-0.0104432	0.0104432
1117	1	-701.6359	-701.6238	-0.01210498	0.01210498
1118	0	-701.3735	-701.3617	-0.01176274	0.01176274
1119	1	-701.3336	-701.323	-0.01064075	0.01064075
1120	0	-702.6995	-702.6899	-0.009562669	0.009562669
1121	1	-701.3584	-701.3478	-0.01059968	0.01059968
1122	0	-701.7154	-701.7052	-0.01019298	0.01019298
1123	1	-701.766	-701.7538	-0.01223769	0.01223769
1124	0	-701.9007	-701.8906	-0.01004266	0.01004266
1125	1	-701.2657	-701.2549	-0.01077647	0.01077647
1126	0	-701.3258	-701.3142	-0.0116788	0.0116788
1127	1	-701.6215	-701.6094	-0.01208929	0.01208929
1128	0	-701.3487	-701.337	-0.01172064	0.01172064
1129	1	-702.4043	-702.3946	-0.009718498	0.009718498
1130	0	-701.1862	-701.175	-0.01116287	0.01116287
1131	1	-701.1932	-701.182	-0.01127364	0.01127364
1132	0	-701.5626	-701.5506	-0.01202226	0.01202226
1133	1	-701.4169	-701.4064	-0.01051378	0.01051378
1134	0	-701.678	-701.6659	-0.01214971	0.01214971
1135	1	-701.6077	-701.5974	-0.01029381	0.01029381
1136	0	-701.1882	-701.1771	-0.01109619	0.01109619
1137	1	-701.1863	-701.1751	-0.0111453	0.0111453
1138	0	-701.5379	-701.5276	-0.01036654	0.01036654
1139	1	-702.2163	-702.2037	-0.01261341	0.01261341
1140	0	-701.3087	-701.298	-0.01068573	0.01068573
1141	1	-701.1874	-701.1763	-0.01110943	0.01110943
1142	0	-702.1564	-702.1465	-0.009866444	0.009866444
1143	1	-702.1897	-702.1771	-0.01259362	0.01259362
1144	0	-701.2965	-701.2858	-0.0107095	0.0107095
1145	1	-701.607	-701.595	-0.01207322	0.01207322
1146	0	-701.3626	-701.3509	-0.01174457	0.01174457
1147	1	-702.0448	-702.0349	-0.009939795	0.009939795
1148	0	-701.8219	-701.8096	-0.01229033	0.01229033
1149	1	-702.2516	-702.2389	-0.01263923	0.01263923
1150	0	-701.2041	-701.1927	-0.01134238	0.01134238
1151	1	-701.3453	-701.3347	-0.01062101	0.01062101
1152	0	-701.2338	-701.2223	-0.01146	0.01146
1153	1	-704.3012	-704.2923	-0.008923674	0.008923674
1154	0	-701.6796	-701.6693	-0.01022521	0.01022521
1155	1	-701.4678	-701.4559	-0.01190281	0.01190281
1156	0	-701.4222	-701.4116	-0.01050662	0.01050662
1157	1	-701.1882	-701.1771	-0.01109723	0.01109723
1158	0	-701.1927	-701.1815	-0.01126935	0.01126935
1159	1	-702.3756	-702.3659	-0.009734726	0.009734726
1160	0	-701.7	-701.6878	-0.01217235	0.01217235
1161	1	-702.201	-702.1911	-0.009838433	0.009838433
1162	0	-701.2241	-701.2132	-0.01089348	0.01089348
1163	1	-701.5243	-701.5123	-0.01197584	0.01197584
1164	0	-701.9557	-701.9433	-0.01240818	0.01240818
1165	1	-701.2015	-701.1902	-0.01132852	0.01132852
1166	0	-702.0955	-702.0856	-0.009905876	0.009905876
1167	1	-701.5094	-701.4974	-0.01195714	0.01195714
1168	0	-701.703	-701.6909	-0.01217543	0.01217543
1169	1	-701.5611	-701.5508	-0.01034155	0.01034155
1170	0	-701.3247	-701.313	-0.01167666	0.01167666
1171	1	-701.1952	-701.1842	-0.01102832	0.01102832
1172	0	-702.9395	-702.9264	-0.01308299	0.01308299
1173	1	-701.2204	-701.2095	-0.01090645	0.01090645
1174	0	-702.0313	-702.0188	-0.01247065	0.01247065
1175	1	-701.1996	-701.1883	-0.01131773	0.01131773
1176	0	-701.2031	-701.1918	-0.01133731	0.01133731
1177	1	-703.1141	-703.1009	-0.01318236	0.01318236
1178	0	-701.1867	-701.1755	-0.01119018	0.01119018
1179	1	-701.1986	-701.1873	-0.01131177	0.01131177
1180	0	-701.202	-701.1907	-0.01133141	0.01133141
1181	1	-701.345	-701.3333	-0.011714	0.011714
1182	0	-701.1868	-701.1757	-0.01112289	0.01112289
1183	1	-701.1875	-701.1764	-0.01110866	0.01110866
1184	0	-701.1938	-701.1827	-0.01103901	0.01103901
1185	1	-701.6331	-701.621	-0.01210193	0.01210193
1186	0	-701.5601	-701.5497	-0.01034266	0.01034266
1187	1	-703.8765	-703.8629	-0.01357622	0.01357622
1188	0	-701.7493	-701.7392	-0.01016359	0.01016359
1189	1	-703.8608	-703.8473	-0.01356866	0.01356866
1190	0	-701.9073	-701.8973	-0.0100377	0.0100377
1191	1	-701.6357	-701.6254	-0.01026641	0.01026641
1192	0	-701.3421	-701.3315	-0.01062628	0.01062628
1193	1	-701.3481	-701.3375	-0.01061638	0.01061638
1194	0	-701.1974	-701.1861	-0.01130389	0.01130389
1195	1	-704.4073	-704.3935	-0.01382225	0.01382225
1196	0	-701.4705	-701.4586	-0.01190642	0.01190642
1197	1	-701.2764	-701.2657	-0.01075185	0.01075185
1198	0	-701.3298	-701.3192	-0.01064736	0.01064736
1199	1	-702.3166	-702.3068	-0.00976879	0.00976879
1200	0	-701.7322	-701.7221	-0.0101783	0.0101783
1201	1	-701.2123	-701.2014	-0.01093814	0.01093814
1202	0	-701.2589	-701.2481	-0.01079281	0.01079281
1203	1	-701.2075	-701.1965	-0.0109592	0.0109592
1204	0	-701.8184	-701.8061	-0.01228703	0.01228703
1205	1	-701.194	-701.1827	-0.0112795	0.0112795
1206	0	-701.2575	-701.246	-0.01152855	0.01152855
1207	1	-701.7703	-701.7581	-0.01224178	0.01224178
1208	0	-701.901	-701.891	-0.01004241	0.01004241
1209	1	-701.3358	-701.3241	-0.0116973	0.0116973
1210	0	-701.2336	-701.2228	-0.01086238	0.01086238
1211	1	-701.9064	-701.8963	-0.0100384	0.0100384
1212	0	-701.5596	-701.5476	-0.01201866	0.01201866
1213	1	-701.7237	-701.7135	-0.01018574	0.01018574
1214	0	-702.5595	-702.5499	-0.009634234	0.009634234
1215	1	-701.187	-701.1758	-0.01119627	0.01119627
1216	0	-701.2001	-701.1891	-0.01099705	0.01099705
1217	1	-701.2925	-701.2818	-0.01071754	0.01071754
1218	0	-701.277	-701.2654	-0.01157656	0.01157656
1219	1	-701.3668	-701.3562	-0.01058652	0.01058652
1220	0	-701.2989	-701.2882	-0.01070467	0.01070467
1221	1	-701.2676	-701.2569	-0.01077183	0.01077183
1222	0	-702.617	-702.6074	-0.009604388	0.009604388
1223	1	-702.0478	-702.0378	-0.009937785	0.009937785
1224	0	-701.3242	-701.3135	-0.01065728	0.01065728
1225	1	-701.472	-701.4601	-0.01190847	0.01190847
1226	0	-702.2812	-702.2686	-0.01266065	0.01266065
1227	1	-701.34	-701.3294	-0.01062988	0.01062988
1228	0	-701.376	-701.3654	-0.01057253	0.01057253
1229	1	-701.8146	-701.8045	-0.01010954	0.01010954
1230	0	-708.8736	-708.8581	-0.01545582	0.01545582
1231	1	-702.9189	-702.9059	-0.01307102	0.01307102
1232	0	-701.5555	-701.5435	-0.01201375	0.01201375
1233	1	-701.3525	-701.3408	-0.01172724	0.01172724
1234	0	-701.565	-701.5546	-0.0103375	0.0103375
1235	1	-703.0431	-703.0337	-0.009401302	0.009401302
1236	0	-701.6333	-701.6231	-0.01026864	0.01026864
1237	1	-703.5556	-703.5464	-0.009189395	0.009189395
1238	0	-702.5616	-702.5487	-0.01285154	0.01285154
1239	1	-701.7268	-701.7146	-0.01219931	0.01219931
1240	0	-701.3478	-701.3371	-0.01061697	0.01061697
1241	1	-701.19	-701.179	-0.01107322	0.01107322
1242	0	-701.5509	-701.5389	-0.01200834	0.01200834
1243	1	-701.2788	-701.268	-0.01074663	0.01074663
1244	0	-702.3968	-702.3871	-0.00972272	0.00972272
1245	1	-702.8118	-702.7987	-0.01300751	0.01300751
1246	0	-702.6718	-702.6589	-0.01292172	0.01292172
1247	1	-701.1863	-701.1752	-0.01117583	0.01117583
1248	0	-705.3299	-705.3213	-0.008612366	0.008612366
1249	1	-702.5486	-702.5357	-0.01284308	0.01284308
1250	0	-701.1911	-701.1799	-0.01125463	0.01125463
1251	1	-701.7892	-701.7791	-0.0101302	0.0101302
1252	0	-701.2014	-701.1905	-0.01098961	0.01098961
1253	1	-702.5585	-702.5489	-0.009634776	0.009634776
1254	0	-701.3858	-701.3752	-0.01055787	0.01055787
1255	1	-701.2923	-701.2816	-0.01071794	0.01071794
1256	0	-702.4073	-702.3976	-0.009716834	0.009716834
1257	1	-701.2021	-701.1911	-0.01098592	0.01098592
1258	0	-701.8008	-701.7886	-0.01227071	0.01227071
1259	1	-701.4281	-701.4163	-0.01184713	0.01184713
1260	0	-701.7023	-701.6901	-0.01217465	0.01217465
1261	1	-701.188	-701.1767	-0.01121588	0.01121588
1262	0	-701.2329	-701.2221	-0.01086458	0.01086458
1263	1	-701.6428	-701.6306	-0.01211242	0.01211242
1264	0	-701.2571	-701.2463	-0.01079737	0.01079737
1265	1	-701.5767	-701.5647	-0.0120387	0.0120387
1266	0	-701.3473	-701.3356	-0.01171813	0.01171813
1267	1	-704.315	-704.3013	-0.01378079	0.01378079
1268	0	-701.4392	-701.4287	-0.01048407	0.01048407
1269	1	-701.2175	-701.2061	-0.01140261	0.01140261
1270	0	-701.3606	-701.3489	-0.0117412	0.0117412
1271	1	-701.2029	-701.1919	-0.01098174	0.01098174
1272	0	-701.2452	-701.2344	-0.01082866	0.01082866
1273	1	-701.6156	-701.6053	-0.01028591	0.01028591
1274	0	-702.2008	-702.191	-0.009838542	0.009838542
1275	1	-702.1579	-702.1453	-0.01256968	0.01256968
1276	0	-701.3137	-701.302	-0.01165523	0.01165523
1277	1	-701.4713	-701.4609	-0.01044348	0.01044348
1278	0	-701.1938	-701.1826	-0.01127838	0.01127838
1279	1	-701.3459	-701.3353	-0.01062005	0.01062005
1280	0	-701.419	-701.4072	-0.01183371	0.01183371
1281	1	-701.2426	-701.2318	-0.0108359	0.0108359
1282	0	-701.2693	-701.2585	-0.01076804	0.01076804
1283	1	-701.2711	-701.2603	-0.01076387	0.01076387
1284	0	-701.2515	-701.24	-0.01151227	0.01151227
1285	1	-701.2065	-701.1951	-0.0113544	0.0113544
1286	0	-701.2009	-701.1896	-0.01132535	0.01132535
1287	1	-701.6515	-701.6413	-0.0102513	0.0102513
1288	0	-703.3425	-703.3292	-0.01330653	0.01330653
1289	1	-706.3499	-706.3353	-0.01460339	0.01460339
1290	0	-701.2872	-701.2764	-0.01072864	0.01072864
1291	1	-701.7305	-701.7203	-0.01017978	0.01017978
1292	0	-701.4443	-701.4338	-0.01047742	0.01047742
1293	1	-701.3854	-701.3748	-0.01055848	0.01055848
1294	0	-701.5173	-701.5053	-0.01196713	0.01196713
1295	1	-701.21	-701.199	-0.0109481	0.0109481
1296	0	-701.6029	-701.5926	-0.01029857	0.01029857
1297	1	-701.4456	-701.4351	-0.01047574	0.01047574
1298	0	-701.2515	-701.2407	-0.01081166	0.01081166
1299	1	-702.7091	-702.6962	-0.01294492	0.01294492
1300	0	-701.9535	-701.941	-0.01240632	0.01240632
1301	1	-701.1994	-701.1884	-0.01100134	0.01100134
1302	0	-702.0486	-702.0361	-0.01248457	0.01248457
1303	1	-701.3892	-701.3774	-0.011788	0.011788
1304	0	-702.4365	-702.4237	-0.01276879	0.01276879
1305	1	-701.2597	-701.2482	-0.01153424	0.01153424
1306	0	-703.1968	-703.1875	-0.009334593	0.009334593
1307	1	-701.4935	-701.4815	-0.01193675	0.01193675
1308	0	-704.4154	-704.4015	-0.01382583	0.01382583
1309	1	-701.3193	-701.3077	-0.01166633	0.01166633
1310	0	-701.582	-701.57	-0.01204485	0.01204485
1311	1	-701.4507	-701.4388	-0.01187924	0.01187924
1312	0	-703.0198	-703.0104	-0.009411685	0.009411685
1313	1	-701.3495	-701.3378	-0.01172199	0.01172199
1314	0	-701.5113	-701.5009	-0.01039626	0.01039626
1315	1	-703.2231	-703.2099	-0.01324239	0.01324239
1316	0	-701.1932	-701.1822	-0.01104324	0.01104324
1317	1	-702.3975	-702.3878	-0.009722324	0.009722324
1318	0	-701.7312	-701.721	-0.01017923	0.01017923
1319	1	-701.7321	-701.7199	-0.01220453	0.01220453
1320	0	-701.2472	-701.2363	-0.01082333	0.01082333
1321	1	-701.2638	-701.2522	-0.01154452	0.01154452
1322	0	-701.1901	-701.1789	-0.01124419	0.01124419
1323	1	-701.2294	-701.2186	-0.0108756	0.0108756
1324	0	-701.2583	-701.2467	-0.0115304	0.0115304
1325	1	-701.1863	-701.1751	-0.01114498	0.01114498
1326	0	-701.3771	-701.3665	-0.01057084	0.01057084
1327	1	-701.5157	-701.5053	-0.01039131	0.01039131
1328	0	-701.3765	-701.366	-0.01057166	0.01057166
1329	1	-701.5345	-701.5225	-0.01198848	0.01198848
1330	0	-701.4225	-701.412	-0.0105062	0.0105062
1331	1	-701.1915	-701.1805	-0.01105822	0.01105822
1332	0	-703.3553	-703.342	-0.01331331	0.01331331
1333	1	-701.3612	-701.3495	-0.01174223	0.01174223
1334	0	-701.4424	-701.4305	-0.01186759	0.01186759
1335	1	-702.2044	-702.1918	-0.01260461	0.01260461
1336	0	-701.2559	-701.2444	-0.01152417	0.01152417
1337	1	-701.3327	-701.322	-0.01064241	0.01064241
1338	0	-701.9292	-701.9168	-0.01238567	0.01238567
1339	1	-701.7438	-701.7337	-0.0101683	0.0101683
1340	0	-703.2395	-703.2301	-0.009316615	0.009316615
1341	1	-701.4009	-701.3904	-0.01053596	0.01053596
1342	0	-701.1931	-701.1818	-0.01127251	0.01127251
1343	1	-701.1945	-701.1832	-0.0112837	0.0112837
1344	0	-703.0459	-703.0365	-0.009400084	0.009400084
1345	1	-702.4995	-702.4867	-0.0128109	0.0128109
1346	0	-703.8825	-703.8734	-0.009067687	0.009067687
1347	1	-701.3641	-701.3535	-0.01059071	0.01059071
1348	0	-703.3696	-703.3603	-0.009262979	0.009262979
1349	1	-702.4623	-702.4526	-0.009686348	0.009686348
1350	0	-701.7998	-701.7876	-0.0122698	0.0122698
1351	1	-701.1876	-701.1764	-0.01121047	0.01121047
1352	0	-701.1991	-701.1881	-0.01100296	0.01100296
1353	1	-701.3885	-701.378	-0.01055386	0.01055386
1354	0	-701.4876	-701.4772	-0.01042384	0.01042384
1355	1	-701.7961	-701.786	-0.01012453	0.01012453
1356	0	-701.58	-701.5697	-0.0103218	0.0103218
1357	1	-701.3306	-701.3189	-0.01168783	0.01168783
1358	0	-701.2345	-701.2236	-0.0108598	0.0108598
1359	1	-702.3715	-702.3587	-0.01272428	0.01272428
1360	0	-701.207	-701.1961	-0.01096147	0.01096147
1361	1	-701.265	-701.2543	-0.01077796	0.01077796
1362	0	-701.1867	-701.1756	-0.01112706	0.01112706
1363	1	-701.7358	-701.7256	-0.01017522	0.01017522
1364	0	-701.2329	-701.2221	-0.01086455	0.01086455
1365	1	-701.4401	-701.4296	-0.01048282	0.01048282
1366	0	-701.2083	-701.1973	-0.01095563	0.01095563
1367	1	-701.65	-701.6397	-0.01025274	0.01025274
1368	0	-701.2857	-701.275	-0.01073165	0.01073165
1369	1	-701.1919	-701.1809	-0.0110544	0.0110544
1370	0	-701.3368	-701.3251	-0.01169921	0.01169921
1371	1	-701.7965	-701.7842	-0.01226664	0.01226664
1372	0	-706.4614	-706.4531	-0.008319537	0.008319537
1373	1	-701.2184	-701.2075	-0.01091408	0.01091408
1374	0	-703.211	-703.2016	-0.009328608	0.009328608
1375	1	-701.2492	-701.2377	-0.01150607	0.01150607
1376	0	-701.2335	-701.2227	-0.01086267	0.01086267
1377	1	-701.4728	-701.4609	-0.01190955	0.01190955
1378	0	-701.3931	-701.3813	-0.01179427	0.01179427
1379	1	-701.2842	-701.2735	-0.01073491	0.01073491
1380	0	-701.3481	-701.3375	-0.01061643	0.01061643
1381	1	-701.2599	-701.2483	-0.01153463	0.01153463
1382	0	-705.3123	-705.3037	-0.008617292	0.008617292
1383	1	-701.4827	-701.4708	-0.01192265	0.01192265
1384	0	-701.4258	-701.4153	-0.01050176	0.01050176
1385	1	-701.6309	-701.6207	-0.01027097	0.01027097
1386	0	-701.3908	-701.379	-0.01179064	0.01179064
1387	1	-701.1994	-701.1881	-0.01131628	0.01131628
1388	0	-703.3831	-703.3738	-0.009257538	0.009257538
1389	1	-701.5643	-701.5539	-0.01033823	0.01033823
1390	0	-701.3572	-701.3466	-0.01060169	0.01060169
1391	1	-701.663	-701.6509	-0.01213398	0.01213398
1392	0	-702.0624	-702.0499	-0.01249555	0.01249555
1393	1	-702.7769	-702.7639	-0.01298646	0.01298646
1394	0	-701.358	-701.3463	-0.01173671	0.01173671
1395	1	-701.6426	-701.6324	-0.01025973	0.01025973
1396	0	-702.4154	-702.4057	-0.009712288	0.009712288
1397	1	-701.5436	-701.5333	-0.0103603	0.0103603
1398	0	-701.1865	-701.1754	-0.01118393	0.01118393
1399	1	-701.1865	-701.1753	-0.0111834	0.0111834
1400	0	-702.0962	-702.0863	-0.00990542	0.00990542
1401	1	-703.9176	-703.9085	-0.009055141	0.009055141
1402	0	-701.1862	-701.1751	-0.01114789	0.01114789
1403	1	-701.1863	-701.1751	-0.01117087	0.01117087
1404	0	-701.6695	-701.6593	-0.01023446	0.01023446
1405	1	-701.255	-701.2435	-0.01152176	0.01152176
1406	0	-701.2987	-701.287	-0.01162458	0.01162458
1407	1	-701.899	-701.8866	-0.01235949	0.01235949
1408	0	-701.2381	-701.2272	-0.01084894	0.01084894
1409	1	-701.4517	-701.4412	-0.01046794	0.01046794
1410	0	-702.7211	-702.7082	-0.01295234	0.01295234
1411	1	-702.0619	-702.0494	-0.01249519	0.01249519
1412	0	-701.397	-701.3852	-0.01180032	0.01180032
1413	1	-701.2911	-701.2795	-0.01160849	0.01160849
1414	0	-701.3002	-701.2885	-0.01162774	0.01162774
1415	1	-702.3247	-702.312	-0.01269157	0.01269157
1416	0	-701.2526	-701.2418	-0.01080895	0.01080895
1417	1	-701.2551	-701.2443	-0.01080239	0.01080239
1418	0	-701.1863	-701.1751	-0.01114563	0.01114563
1419	1	-701.2468	-701.2353	-0.01149932	0.01149932
1420	0	-701.7485	-701.7363	-0.0122207	0.0122207
1421	1	-701.266	-701.2552	-0.01077581	0.01077581
1422	0	-702.1547	-702.1448	-0.009867554	0.009867554
1423	1	-701.2488	-701.2379	-0.01081902	0.01081902
1424	0	-701.2761	-701.2645	-0.01157458	0.01157458
1425	1	-704.057	-704.0433	-0.01366202	0.01366202
1426	0	-702.1318	-702.1193	-0.01254981	0.01254981
1427	1	-701.2789	-701.2681	-0.01074647	0.01074647
1428	0	-701.1882	-701.1771	-0.01109713	0.01109713
1429	1	-701.2167	-701.2058	-0.0109204	0.0109204
1430	0	-701.1941	-701.1828	-0.01128025	0.01128025
1431	1	-701.194	-701.183	-0.01103698	0.01103698
1432	0	-701.3677	-701.3559	-0.01175314	0.01175314
1433	1	-701.1933	-701.182	-0.01127398	0.01127398
1434	0	-701.8509	-701.8408	-0.01008075	0.01008075
1435	1	-701.204	-701.1931	-0.01097596	0.01097596
1436	0	-701.2622	-701.2514	-0.01078473	0.01078473
1437	1	-701.5512	-701.5409	-0.0103521	0.0103521
1438	0	-702.0166	-702.0066	-0.009959167	0.009959167
1439	1	-701.4991	-701.4871	-0.01194399	0.01194399
1440	0	-703.5834	-703.5699	-0.01343138	0.01343138
1441	1	-701.1876	-701.1765	-0.01110699	0.01110699
1442	0	-701.2016	-701.1903	-0.01132929	0.01132929
1443	1	-701.1993	-701.188	-0.01131584	0.01131584
1444	0	-701.2715	-701.2608	-0.01076287	0.01076287
1445	1	-701.9336	-701.9212	-0.0123894	0.0123894
1446	0	-701.3467	-701.3361	-0.01061868	0.01061868
1447	1	-701.3669	-701.3563	-0.01058636	0.01058636
1448	0	-701.3098	-701.2982	-0.01164758	0.01164758
1449	1	-701.2814	-701.2698	-0.01158677	0.01158677
1450	0	-701.2552	-701.2444	-0.01080225	0.01080225
1451	1	-701.2861	-701.2754	-0.01073094	0.01073094
1452	0	-702.0401	-702.0276	-0.01247774	0.01247774
1453	1	-701.4856	-701.4737	-0.01192652	0.01192652
1454	0	-701.1897	-701.1785	-0.01124005	0.01124005
1455	1	-701.5508	-701.5387	-0.01200813	0.01200813
1456	0	-701.2006	-701.1893	-0.01132366	0.01132366
1457	1	-701.243	-701.2322	-0.01083479	0.01083479
1458	0	-701.7973	-701.7851	-0.01226746	0.01226746
1459	1	-702.1125	-702.0999	-0.01253486	0.01253486
1460	0	-701.3649	-701.3532	-0.01174848	0.01174848
1461	1	-701.4951	-701.4832	-0.01193887	0.01193887
1462	0	-701.1886	-701.1775	-0.01109036	0.01109036
1463	1	-701.3533	-701.3416	-0.0117286	0.0117286
1464	0	-701.1891	-701.1781	-0.01108364	0.01108364
1465	1	-702.0159	-702.006	-0.009959622	0.009959622
1466	0	-703.4415	-703.4322	-0.009234135	0.009234135
1467	1	-701.2392	-701.2277	-0.01147672	0.01147672
1468	0	-701.7102	-701.6981	-0.01218272	0.01218272
1469	1	-701.4008	-701.389	-0.01180628	0.01180628
1470	0	-701.1872	-701.1761	-0.01111341	0.01111341
1471	1	-701.1901	-701.179	-0.01107275	0.01107275
1472	0	-702.652	-702.6424	-0.009586506	0.009586506
1473	1	-701.6778	-701.6676	-0.01022681	0.01022681
1474	0	-701.9793	-701.9693	-0.009985323	0.009985323
1475	1	-701.2669	-701.2562	-0.0107735	0.0107735
1476	0	-701.1862	-701.175	-0.0111622	0.0111622
1477	1	-702.9994	-702.9863	-0.01311755	0.01311755
1478	0	-702.6631	-702.6502	-0.01291625	0.01291625
1479	1	-701.2094	-701.198	-0.01136814	0.01136814
1480	0	-701.3234	-701.3117	-0.01167411	0.01167411
1481	1	-701.2955	-701.2839	-0.01161794	0.01161794
1482	0	-701.594	-701.5819	-0.01205851	0.01205851
1483	1	-701.2375	-701.2266	-0.0108507	0.0108507
1484	0	-701.2599	-701.2484	-0.0115347	0.0115347
1485	1	-701.566	-701.5556	-0.01033643	0.01033643
1486	0	-701.1938	-701.1825	-0.01127823	0.01127823
1487	1	-701.3552	-701.3435	-0.01173192	0.01173192
1488	0	-704.1826	-704.1737	-0.008963256	0.008963256
1489	1	-701.2765	-701.265	-0.01157556	0.01157556
1490	0	-701.2974	-701.2867	-0.01070779	0.01070779
1491	1	-701.2195	-701.208	-0.01141005	0.01141005
1492	0	-701.1879	-701.1767	-0.01121478	0.01121478
1493	1	-702.3226	-702.3099	-0.01269013	0.01269013
1494	0	-701.2686	-701.257	-0.01155655	0.01155655
1495	1	-701.3787	-701.3681	-0.01056847	0.01056847
1496	0	-701.192	-701.1808	-0.01126312	0.01126312
1497	1	-701.2462	-701.2347	-0.01149737	0.01149737
1498	0	-701.1863	-701.1751	-0.01114589	0.01114589
1499	1	-702.1434	-702.1335	-0.00987476	0.00987476
1500	0	-701.572	-701.56	-0.01203327	0.01203327
1501	1	-701.188	-701.1769	-0.01109893	0.01109893
1502	0	-701.2098	-701.1984	-0.01137013	0.01137013
1503	1	-703.1607	-703.1474	-0.01320817	0.01320817
1504	0	-701.1907	-701.1797	-0.01106599	0.01106599
1505	1	-702.5212	-702.5084	-0.01282524	0.01282524
1506	0	-701.1862	-701.175	-0.0111579	0.0111579
1507	1	-701.1914	-701.1804	-0.01105906	0.01105906
1508	0	-701.2451	-701.2336	-0.0114944	0.0114944
1509	1	-701.312	-701.3013	-0.01067952	0.01067952
1510	0	-701.836	-701.8237	-0.01230326	0.01230326
1511	1	-701.3952	-701.3847	-0.01054409	0.01054409
1512	0	-701.449	-701.4385	-0.01047142	0.01047142
1513	1	-701.4588	-701.4469	-0.01189051	0.01189051
1514	0	-701.9669	-701.9569	-0.00999416	0.00999416
1515	1	-702.5084	-702.4956	-0.0128168	0.0128168
1516	0	-702.0366	-702.0267	-0.009945384	0.009945384
1517	1	-701.1943	-701.1832	-0.01103518	0.01103518
1518	0	-703.1133	-703.1001	-0.01318191	0.01318191
1519	1	-701.8471	-701.8348	-0.01231334	0.01231334
1520	0	-702.3767	-702.364	-0.01272793	0.01272793
1521	1	-702.7951	-702.7821	-0.01299747	0.01299747
1522	0	-701.4792	-701.4688	-0.0104339	0.0104339
1523	1	-701.2559	-701.2444	-0.01152421	0.01152421
1524	0	-701.4862	-701.4743	-0.01192726	0.01192726
1525	1	-701.1926	-701.1814	-0.01126849	0.01126849
1526	0	-702.8277	-702.8147	-0.01301708	0.01301708
1527	1	-701.2343	-701.2234	-0.01086039	0.01086039
1528	0	-701.8878	-701.8778	-0.01005237	0.01005237
1529	1	-701.239	-701.2281	-0.01084637	0.01084637
1530	0	-701.8306	-701.8205	-0.01009675	0.01009675
1531	1	-701.9352	-701.9252	-0.01001706	0.01001706
1532	0	-701.2201	-701.2087	-0.01141269	0.01141269
1533	1	-702.4372	-702.4244	-0.01276926	0.01276926
1534	0	-701.4454	-701.4336	-0.01187188	0.01187188
1535	1	-701.6412	-701.6309	-0.01026109	0.01026109
1536	0	-701.442	-701.4301	-0.011867	0.011867
1537	1	-701.2583	-701.2475	-0.01079439	0.01079439
1538	0	-701.3757	-701.3651	-0.01057294	0.01057294
1539	1	-702.6492	-702.6396	-0.009587952	0.009587952
1540	0	-701.557	-701.5467	-0.01034589	0.01034589
1541	1	-701.2978	-701.2861	-0.01162269	0.01162269
1542	0	-702.2557	-702.2459	-0.009804943	0.009804943
1543	1	-702.7743	-702.7613	-0.01298486	0.01298486
1544	0	-701.3211	-701.3094	-0.01166967	0.01166967
1545	1	-703.3045	-703.2912	-0.01328626	0.01328626
1546	0	-701.1892	-701.178	-0.01123389	0.01123389
1547	1	-701.8364	-701.8263	-0.01009217	0.01009217
1548	0	-705.3502	-705.336	-0.01422035	0.01422035
1549	1	-701.2654	-701.2546	-0.01077713	0.01077713
1550	0	-701.4567	-701.4462	-0.01046169	0.01046169
1551	1	-701.188	-701.1769	-0.01110035	0.01110035
1552	0	-701.7547	-701.7425	-0.0122267	0.0122267
1553	1	-701.4873	-701.4753	-0.01192866	0.01192866
1554	0	-701.2007	-701.1897	-0.0109936	0.0109936
1555	1	-701.4809	-701.469	-0.01192031	0.01192031
1556	0	-701.2682	-701.2574	-0.01077049	0.01077049
1557	1	-701.3788	-701.367	-0.01177144	0.01177144
1558	0	-701.2027	-701.1917	-0.01098299	0.01098299
1559	1	-701.4696	-701.4591	-0.01044565	0.01044565
1560	0	-701.384	-701.3734	-0.01056052	0.01056052
1561	1	-701.6765	-701.6663	-0.01022799	0.01022799
1562	0	-702.4712	-702.4584	-0.0127921	0.0127921
1563	1	-701.7994	-701.7893	-0.01012182	0.01012182
1564	0	-701.3077	-701.297	-0.01068762	0.01068762
1565	1	-702.1803	-702.1677	-0.01258656	0.01258656
1566	0	-702.1435	-702.1309	-0.01255871	0.01255871
1567	1	-701.7225	-701.7103	-0.01219501	0.01219501
1568	0	-702.2367	-702.2268	-0.009816493	0.009816493
1569	1	-701.2916	-701.2809	-0.01071952	0.01071952
1570	0	-701.3107	-701.3001	-0.01068191	0.01068191
1571	1	-701.6151	-701.6048	-0.01028642	0.01028642
1572	0	-702.3476	-702.3349	-0.01270766	0.01270766
1573	1	-703.1088	-703.0956	-0.01317939	0.01317939
1574	0	-701.5191	-701.5087	-0.01038742	0.01038742
1575	1	-701.247	-701.2362	-0.01082377	0.01082377
1576	0	-701.2357	-701.2242	-0.01146594	0.01146594
1577	1	-701.2185	-701.2071	-0.01140652	0.01140652
1578	0	-702.3077	-702.2951	-0.01267959	0.01267959
1579	1	-701.8701	-701.8578	-0.01233399	0.01233399
1580	0	-701.2955	-701.2839	-0.01161792	0.01161792
1581	1	-701.2611	-701.2496	-0.01153775	0.01153775
1582	0	-702.2304	-702.2178	-0.01262379	0.01262379
1583	1	-701.204	-701.1926	-0.011342	0.011342
1584	0	-701.3744	-701.3638	-0.01057493	0.01057493
1585	1	-703.5404	-703.5312	-0.009195264	0.009195264
1586	0	-701.5212	-701.5108	-0.01038508	0.01038508
1587	1	-701.346	-701.3354	-0.01061981	0.01061981
1588	0	-701.4701	-701.4582	-0.01190583	0.01190583
1589	1	-703.119	-703.1096	-0.009368024	0.009368024
1590	0	-701.6045	-701.5942	-0.01029699	0.01029699
1591	1	-702.2675	-702.2549	-0.01265077	0.01265077
1592	0	-701.2993	-701.2886	-0.01070391	0.01070391
1593	1	-701.1865	-701.1753	-0.01118159	0.01118159
1594	0	-702.5679	-702.5583	-0.009629834	0.009629834
1595	1	-701.9924	-701.98	-0.01243888	0.01243888
1596	0	-701.5909	-701.5789	-0.01205504	0.01205504
1597	1	-701.8003	-701.788	-0.01227023	0.01227023
1598	0	-701.5097	-701.4993	-0.01039815	0.01039815
1599	1	-701.4757	-701.4653	-0.01043815	0.01043815
1600	0	-701.7915	-701.7813	-0.01012834	0.01012834
1601	1	-701.8382	-701.8259	-0.01230528	0.01230528
1602	0	-701.4297	-701.4193	-0.01049645	0.01049645
1603	1	-701.6891	-701.6788	-0.01021657	0.01021657
1604	0	-702.476	-702.4663	-0.009678891	0.009678891
1605	1	-702.188	-702.1781	-0.009846537	0.009846537
1606	0	-701.255	-701.2442	-0.01080261	0.01080261
1607	1	-701.6911	-701.6809	-0.0102147	0.0102147
1608	0	-702.3261	-702.3163	-0.009763246	0.009763246
1609	1	-701.8492	-701.8391	-0.01008209	0.01008209
1610	0	-704.9645	-704.9558	-0.008717074	0.008717074
1611	1	-702.418	-702.4052	-0.01275624	0.01275624
1612	0	-701.2005	-701.1891	-0.01132264	0.01132264
1613	1	-701.342	-701.3303	-0.01170869	0.01170869
1614	0	-701.6913	-701.6791	-0.0121634	0.0121634
1615	1	-703.5315	-703.5181	-0.01340498	0.01340498
1616	0	-701.2312	-701.2197	-0.0114515	0.0114515
1617	1	-702.7829	-702.7699	-0.01299011	0.01299011
1618	0	-701.936	-701.9236	-0.0123915	0.0123915
1619	1	-701.3559	-701.3442	-0.01173316	0.01173316
1620	0	-701.19	-701.179	-0.01107314	0.01107314
1621	1	-701.2001	-701.1888	-0.01132079	0.01132079
1622	0	-702.0744	-702.0619	-0.01250507	0.01250507
1623	1	-701.1862	-701.175	-0.01115501	0.01115501
1624	0	-701.2656	-701.254	-0.01154913	0.01154913
1625	1	-701.2283	-701.2174	-0.01087943	0.01087943
1626	0	-701.553	-701.5427	-0.01035016	0.01035016
1627	1	-701.6148	-701.6027	-0.01208189	0.01208189
1628	0	-701.2372	-701.2258	-0.01147085	0.01147085
1629	1	-701.2988	-701.2871	-0.01162481	0.01162481
1630	0	-701.2587	-701.2472	-0.01153163	0.01153163
1631	1	-702.544	-702.5311	-0.01284011	0.01284011
1632	0	-701.8954	-701.8854	-0.01004661	0.01004661
1633	1	-702.0498	-702.0399	-0.009936372	0.009936372
1634	0	-701.8936	-701.8813	-0.0123548	0.0123548
1635	1	-701.6695	-701.6593	-0.01023445	0.01023445
1636	0	-702.4849	-702.4721	-0.01280123	0.01280123
1637	1	-701.548	-701.5376	-0.01035558	0.01035558
1638	0	-701.1924	-701.1812	-0.01126666	0.01126666
1639	1	-701.1907	-701.1795	-0.01125068	0.01125068
1640	0	-701.3866	-701.376	-0.01055666	0.01055666
1641	1	-701.3583	-701.3466	-0.01173723	0.01173723
1642	0	-701.2397	-701.2289	-0.01084421	0.01084421
1643	1	-701.7404	-701.7281	-0.01221271	0.01221271
1644	0	-701.2372	-701.2264	-0.01085155	0.01085155
1645	1	-701.1956	-701.1843	-0.01129162	0.01129162
1646	0	-701.4489	-701.4384	-0.01047158	0.01047158
1647	1	-701.2945	-701.2829	-0.01161585	0.01161585
1648	0	-701.3319	-701.3213	-0.01064365	0.01064365
1649	1	-701.2439	-701.2324	-0.0114908	0.0114908
1650	0	-701.2742	-701.2627	-0.01157015	0.01157015
1651	1	-701.4423	-701.4304	-0.01186746	0.01186746
1652	0	-701.8744	-701.8621	-0.01233782	0.01233782
1653	1	-701.619	-701.6069	-0.01208647	0.01208647
1654	0	-701.226	-701.2151	-0.01088697	0.01088697
1655	1	-702.2516	-702.2389	-0.01263922	0.01263922
1656	0	-701.1895	-701.1784	-0.01107953	0.01107953
1657	1	-703.095	-703.0856	-0.00937846	0.00937846
1658	0	-701.2983	-701.2867	-0.01162386	0.01162386
1659	1	-701.3804	-701.3698	-0.01056587	0.01056587
1660	0	-701.8488	-701.8388	-0.01008237	0.01008237
1661	1	-701.2396	-701.2288	-0.0108444	0.0108444
1662	0	-701.2848	-701.2741	-0.01073365	0.01073365
1663	1	-701.2977	-701.287	-0.01070717	0.01070717
1664	0	-701.504	-701.4921	-0.01195037	0.01195037
1665	1	-701.993	-701.9806	-0.01243936	0.01243936
1666	0	-701.7127	-701.7025	-0.01019538	0.01019538
1667	1	-701.6275	-701.6154	-0.01209587	0.01209587
1668	0	-701.459	-701.4471	-0.01189076	0.01189076
1669	1	-701.5699	-701.5596	-0.01033233	0.01033233
1670	0	-702.0937	-702.0838	-0.009907041	0.009907041
1671	1	-701.1865	-701.1753	-0.01118223	0.01118223
1672	0	-701.8487	-701.8364	-0.01231477	0.01231477
1673	1	-701.4903	-701.4783	-0.01193258	0.01193258
1674	0	-701.3326	-701.3219	-0.01064257	0.01064257
1675	1	-701.1927	-701.1817	-0.01104769	0.01104769
1676	0	-701.3012	-701.2905	-0.01070022	0.01070022
1677	1	-702.7318	-702.7188	-0.01295891	0.01295891
1678	0	-701.6537	-701.6434	-0.01024927	0.01024927
1679	1	-701.3756	-701.3638	-0.01176615	0.01176615
1680	0	-701.6209	-701.6088	-0.01208865	0.01208865
1681	1	-701.1874	-701.1762	-0.01120683	0.01120683
1682	0	-701.9186	-701.9063	-0.01237658	0.01237658
1683	1	-701.1981	-701.1868	-0.01130856	0.01130856
1684	0	-701.1988	-701.1875	-0.01131262	0.01131262
1685	1	-701.2382	-701.2274	-0.01084852	0.01084852
1686	0	-702.2291	-702.2193	-0.00982108	0.00982108
1687	1	-703.4108	-703.3975	-0.01334252	0.01334252
1688	0	-701.7274	-701.7152	-0.01219992	0.01219992
1689	1	-701.2118	-701.2008	-0.01094043	0.01094043
1690	0	-701.2531	-701.2423	-0.01080759	0.01080759
1691	1	-701.9147	-701.9023	-0.01237316	0.01237316
1692	0	-701.2847	-701.2739	-0.01073396	0.01073396
1693	1	-701.2164	-701.2055	-0.01092168	0.01092168
1694	0	-701.259	-701.2475	-0.01153242	0.01153242
1695	1	-701.4344	-701.4239	-0.01049028	0.01049028
1696	0	-701.2203	-701.2094	-0.01090692	0.01090692
1697	1	-701.2041	-701.1931	-0.0109756	0.0109756
1698	0	-701.3555	-701.3437	-0.01173238	0.01173238
1699	1	-705.1319	-705.1232	-0.008668403	0.008668403
1700	0	-701.3437	-701.3331	-0.01062371	0.01062371
1701	1	-701.3035	-701.2928	-0.01069578	0.01069578
1702	0	-701.7436	-701.7314	-0.01221586	0.01221586
1703	1	-701.7267	-701.7145	-0.01219918	0.01219918
1704	0	-701.2153	-701.2039	-0.01139364	0.01139364
1705	1	-701.2123	-701.2014	-0.01093793	0.01093793
1706	0	-703.244	-703.2307	-0.01325372	0.01325372
1707	1	-701.3383	-701.3266	-0.01170199	0.01170199
1708	0	-703.9443	-703.9352	-0.009045675	0.009045675
1709	1	-701.2043	-701.1933	-0.01097487	0.01097487
1710	0	-701.5788	-701.5685	-0.01032306	0.01032306
1711	1	-701.1923	-701.1812	-0.01105159	0.01105159
1712	0	-701.2066	-701.1956	-0.01096347	0.01096347
1713	1	-701.1867	-701.1755	-0.01118927	0.01118927
1714	0	-701.2158	-701.2048	-0.01092415	0.01092415
1715	1	-702.1491	-702.1392	-0.009871102	0.009871102
1716	0	-701.3365	-701.3248	-0.01169858	0.01169858
1717	1	-701.3351	-701.3234	-0.0116961	0.0116961
1718	0	-701.1873	-701.1761	-0.01120424	0.01120424
1719	1	-701.7972	-701.7871	-0.01012361	0.01012361
1720	0	-701.8239	-701.8138	-0.01010207	0.01010207
1721	1	-701.5174	-701.507	-0.01038934	0.01038934
1722	0	-701.3698	-701.3592	-0.0105819	0.0105819
1723	1	-701.4633	-701.4514	-0.01189668	0.01189668
1724	0	-702.016	-702.0035	-0.01245823	0.01245823
1725	1	-701.2352	-701.2237	-0.01146439	0.01146439
1726	0	-701.5527	-701.5407	-0.01201041	0.01201041
1727	1	-701.83	-701.8199	-0.01009723	0.01009723
1728	0	-702.7263	-702.7168	-0.00954937	0.00954937
1729	1	-701.6448	-701.6327	-0.01211459	0.01211459
1730	0	-702.3956	-702.3829	-0.01274092	0.01274092
1731	1	-702.2552	-702.2454	-0.009805244	0.009805244
1732	0	-701.2562	-701.2454	-0.01079959	0.01079959
1733	1	-702.3244	-702.3117	-0.01269139	0.01269139
1734	0	-701.4361	-701.4242	-0.01185861	0.01185861
1735	1	-701.3663	-701.3557	-0.01058737	0.01058737
1736	0	-702.3979	-702.3882	-0.009722114	0.009722114
1737	1	-701.2092	-701.1978	-0.01136744	0.01136744
1738	0	-701.2122	-701.2013	-0.01093834	0.01093834
1739	1	-704.5925	-704.5837	-0.008830046	0.008830046
1740	0	-701.5023	-701.4919	-0.01040668	0.01040668
1741	1	-701.8644	-701.8543	-0.01007032	0.01007032
1742	0	-701.2216	-701.2107	-0.01090216	0.01090216
1743	1	-702.7184	-702.7089	-0.009553265	0.009553265
1744	0	-701.3376	-701.327	-0.01063389	0.01063389
1745	1	-701.2017	-701.1904	-0.01132978	0.01132978
1746	0	-701.2821	-701.2705	-0.01158834	0.01158834
1747	1	-702.1416	-702.129	-0.01255728	0.01255728
1748	0	-701.2679	-701.2571	-0.01077133	0.01077133
1749	1	-702.7897	-702.7801	-0.009518489	0.009518489
1750	0	-702.3863	-702.3765	-0.009728686	0.009728686
1751	1	-702.4317	-702.422	-0.00970323	0.00970323
1752	0	-701.4543	-701.4425	-0.01188432	0.01188432
1753	1	-701.9601	-701.9477	-0.01241191	0.01241191
1754	0	-701.3843	-701.3738	-0.01056003	0.01056003
1755	1	-701.2283	-701.2168	-0.01144175	0.01144175
1756	0	-701.1907	-701.1794	-0.01125005	0.01125005
1757	1	-702.7806	-702.7711	-0.009522866	0.009522866
1758	0	-701.3618	-701.3512	-0.01059441	0.01059441
1759	1	-701.1926	-701.1813	-0.01126786	0.01126786
1760	0	-701.218	-701.2071	-0.01091548	0.01091548
1761	1	-702.2115	-702.1989	-0.01260981	0.01260981
1762	0	-701.1868	-701.1757	-0.0111244	0.0111244
1763	1	-701.4079	-701.3961	-0.01181701	0.01181701
1764	0	-701.533	-701.521	-0.01198661	0.01198661
1765	1	-701.6426	-701.6323	-0.01025975	0.01025975
1766	0	-701.631	-701.6207	-0.01027094	0.01027094
1767	1	-701.3728	-701.361	-0.01176161	0.01176161
1768	0	-702.154	-702.1441	-0.009867984	0.009867984
1769	1	-701.4887	-701.4783	-0.01042256	0.01042256
1770	0	-701.208	-701.1967	-0.01136194	0.01136194
1771	1	-701.1862	-701.175	-0.01116307	0.01116307
1772	0	-701.3491	-701.3374	-0.01172124	0.01172124
1773	1	-701.2255	-701.2146	-0.01088867	0.01088867
1774	0	-701.8377	-701.8254	-0.01230482	0.01230482
1775	1	-701.7171	-701.7049	-0.01218964	0.01218964
1776	0	-701.8103	-701.8002	-0.01011296	0.01011296
1777	1	-701.2246	-701.2132	-0.01142912	0.01142912
1778	0	-701.1865	-701.1753	-0.01118214	0.01118214
1779	1	-701.1869	-701.1758	-0.01112089	0.01112089
1780	0	-701.3055	-701.2938	-0.01163873	0.01163873
1781	1	-701.1886	-701.1774	-0.01122603	0.01122603
1782	0	-701.431	-701.4205	-0.01049477	0.01049477
1783	1	-702.5169	-702.5073	-0.009656827	0.009656827
1784	0	-701.1865	-701.1753	-0.01118139	0.01118139
1785	1	-701.1862	-701.1751	-0.01114686	0.01114686
1786	0	-701.6707	-701.6604	-0.0102334	0.0102334
1787	1	-701.568	-701.556	-0.0120286	0.0120286
1788	0	-701.1865	-701.1753	-0.01113502	0.01113502
1789	1	-702.2791	-702.2664	-0.0126591	0.0126591
1790	0	-701.2491	-701.2383	-0.01081806	0.01081806
1791	1	-701.3725	-701.3619	-0.01057786	0.01057786
1792	0	-703.5841	-703.5749	-0.009178412	0.009178412
1793	1	-701.7648	-701.7547	-0.01015047	0.01015047
1794	0	-701.6128	-701.6007	-0.01207964	0.01207964
1795	1	-701.2141	-701.2031	-0.01093093	0.01093093
1796	0	-702.3481	-702.3384	-0.009750474	0.009750474
1797	1	-701.3774	-701.3668	-0.01057041	0.01057041
1798	0	-701.1897	-701.1787	-0.01107647	0.01107647
1799	1	-701.262	-701.2505	-0.01154011	0.01154011
1800	0	-701.215	-701.2041	-0.01092694	0.01092694
1801	1	-701.3817	-701.3699	-0.01177613	0.01177613
1802	0	-701.1862	-701.1751	-0.01116831	0.01116831
1803	1	-701.9657	-701.9533	-0.01241664	0.01241664
1804	0	-701.4034	-701.3929	-0.01053243	0.01053243
1805	1	-702.412	-702.4023	-0.009714201	0.009714201
1806	0	-701.2961	-701.2854	-0.01071038	0.01071038
1807	1	-701.519	-701.5086	-0.01038755	0.01038755
1808	0	-702.4036	-702.3909	-0.01274643	0.01274643
1809	1	-701.2851	-701.2735	-0.01159509	0.01159509
1810	0	-701.2491	-701.2376	-0.01150575	0.01150575
1811	1	-701.2793	-701.2677	-0.01158203	0.01158203
1812	0	-701.4931	-701.4812	-0.01193631	0.01193631
1813	1	-701.1968	-701.1858	-0.01101719	0.01101719
1814	0	-701.6911	-701.6809	-0.01021469	0.01021469
1815	1	-701.4553	-701.4448	-0.01046341	0.01046341
1816	0	-701.5014	-701.4894	-0.01194699	0.01194699
1817	1	-701.6123	-701.6002	-0.01207909	0.01207909
1818	0	-701.5212	-701.5093	-0.01197207	0.01197207
1819	1	-701.3099	-701.2983	-0.01164777	0.01164777
1820	0	-701.2127	-701.2017	-0.01093653	0.01093653
1821	1	-702.5917	-702.5821	-0.009617451	0.009617451
1822	0	-702.5956	-702.5827	-0.01287346	0.01287346
1823	1	-701.2691	-701.2583	-0.01076847	0.01076847
1824	0	-701.8614	-701.8491	-0.01232624	0.01232624
1825	1	-702.9653	-702.9559	-0.009436262	0.009436262
1826	0	-701.3171	-701.3055	-0.01166207	0.01166207
1827	1	-701.7531	-701.7408	-0.01222514	0.01222514
1828	0	-703.8782	-703.8691	-0.009069241	0.009069241
1829	1	-702.6216	-702.6087	-0.01289003	0.01289003
1830	0	-701.3536	-701.3429	-0.01060752	0.01060752
1831	1	-701.2855	-701.2739	-0.01159609	0.01159609
1832	0	-701.2876	-701.276	-0.01160069	0.01160069
1833	1	-701.5287	-701.5183	-0.01037672	0.01037672
1834	0	-701.5401	-701.5281	-0.01199524	0.01199524
1835	1	-702.21	-702.2001	-0.009832857	0.009832857
1836	0	-701.2475	-701.236	-0.01150111	0.01150111
1837	1	-702.9002	-702.8872	-0.01306006	0.01306006
1838	0	-702.62	-702.6071	-0.01288903	0.01288903
1839	1	-701.9823	-701.9699	-0.01243049	0.01243049
1840	0	-701.4301	-701.4182	-0.01184996	0.01184996
1841	1	-701.319	-701.3073	-0.01166561	0.01166561
1842	0	-701.3154	-701.3037	-0.01165865	0.01165865
1843	1	-701.3968	-701.3862	-0.01054191	0.01054191
1844	0	-701.7277	-701.7155	-0.01220021	0.01220021
1845	1	-702.184	-702.1714	-0.01258938	0.01258938
1846	0	-701.4257	-701.4152	-0.01050183	0.01050183
1847	1	-701.6055	-701.5934	-0.01207151	0.01207151
1848	0	-701.9907	-701.9807	-0.009977248	0.009977248
1849	1	-701.7701	-701.76	-0.01014601	0.01014601
1850	0	-703.0706	-703.0574	-0.01315798	0.01315798
1851	1	-701.1875	-701.1764	-0.01110823	0.01110823
1852	0	-704.0627	-704.049	-0.01366469	0.01366469
1853	1	-703.2654	-703.2561	-0.009305749	0.009305749
1854	0	-703.6906	-703.6771	-0.01348521	0.01348521
1855	1	-702.0112	-702.0012	-0.009962913	0.009962913
1856	0	-701.1867	-701.1755	-0.01119037	0.01119037
1857	1	-701.1929	-701.1816	-0.0112705	0.0112705
1858	0	-703.2806	-703.2674	-0.01327349	0.01327349
1859	1	-701.2041	-701.1928	-0.01134284	0.01134284
1860	0	-701.7481	-701.7359	-0.01222033	0.01222033
1861	1	-701.2789	-701.2673	-0.01158097	0.01158097
1862	0	-701.7363	-701.7241	-0.0122087	0.0122087
1863	1	-701.3853	-701.3747	-0.01055862	0.01055862
1864	0	-701.2098	-701.1985	-0.01137023	0.01137023
1865	1	-701.1963	-701.185	-0.01129632	0.01129632
1866	0	-701.3043	-701.2936	-0.01069429	0.01069429
1867	1	-702.0266	-702.0166	-0.009952252	0.009952252
1868	0	-702.1069	-702.097	-0.009898359	0.009898359
1869	1	-701.5461	-701.5357	-0.01035765	0.01035765
1870	0	-701.213	-701.202	-0.01093529	0.01093529
1871	1	-701.3573	-701.3467	-0.01060154	0.01060154
1872	0	-701.9614	-701.9514	-0.00999805	0.00999805
1873	1	-701.2947	-701.283	-0.01161608	0.01161608
1874	0	-701.6165	-701.6044	-0.01208372	0.01208372
1875	1	-701.2067	-701.1957	-0.01096298	0.01096298
1876	0	-701.1956	-701.1843	-0.01129189	0.01129189
1877	1	-701.2769	-701.2653	-0.01157643	0.01157643
1878	0	-701.255	-701.2442	-0.01080267	0.01080267
1879	1	-702.0249	-702.015	-0.009953391	0.009953391
1880	0	-702.1752	-702.1654	-0.009854516	0.009854516
1881	1	-701.3491	-701.3385	-0.01061471	0.01061471
1882	0	-701.247	-701.2361	-0.01082389	0.01082389
1883	1	-702.941	-702.9279	-0.01308387	0.01308387
1884	0	-701.5456	-701.5353	-0.01035814	0.01035814
1885	1	-701.4427	-701.4323	-0.01047944	0.01047944
1886	0	-701.1863	-701.1752	-0.01117497	0.01117497
1887	1	-701.4916	-701.4797	-0.01193439	0.01193439
1888	0	-701.2411	-701.2296	-0.01148258	0.01148258
1889	1	-701.2214	-701.21	-0.01141758	0.01141758
1890	0	-701.5701	-701.558	-0.01203096	0.01203096
1891	1	-703.0134	-703.0003	-0.01312558	0.01312558
1892	0	-701.9118	-701.9018	-0.01003433	0.01003433
1893	1	-702.5856	-702.576	-0.009620588	0.009620588
1894	0	-705.0863	-705.0776	-0.008681541	0.008681541
1895	1	-701.1869	-701.1757	-0.01112235	0.01112235
1896	0	-701.188	-701.1768	-0.01121688	0.01121688
1897	1	-701.2173	-701.2064	-0.010918	0.010918
1898	0	-701.8752	-701.8628	-0.01233851	0.01233851
1899	1	-701.3222	-701.3105	-0.01167185	0.01167185
1900	0	-703.4127	-703.3993	-0.01334351	0.01334351
1901	1	-701.7768	-701.7666	-0.01014046	0.01014046
1902	0	-701.8073	-701.795	-0.01227676	0.01227676
1903	1	-701.6679	-701.6577	-0.01023596	0.01023596
1904	0	-701.1927	-701.1817	-0.01104736	0.01104736
1905	1	-701.1869	-701.1757	-0.01119524	0.01119524
1906	0	-701.2133	-701.2019	-0.01138546	0.01138546
1907	1	-702.2012	-702.1886	-0.01260223	0.01260223
1908	0	-701.4298	-701.4193	-0.01049644	0.01049644
1909	1	-701.7769	-701.7647	-0.0122481	0.0122481
1910	0	-701.5152	-701.5033	-0.01196456	0.01196456
1911	1	-702.1682	-702.1584	-0.009858929	0.009858929
1912	0	-701.3609	-701.3503	-0.01059584	0.01059584
1913	1	-702.1719	-702.1621	-0.009856609	0.009856609
1914	0	-701.1916	-701.1804	-0.01125945	0.01125945
1915	1	-701.3441	-701.3324	-0.01171241	0.01171241
1916	0	-701.4588	-701.4469	-0.01189051	0.01189051
1917	1	-702.1103	-702.1004	-0.009896129	0.009896129
1918	0	-701.2965	-701.2858	-0.01070961	0.01070961
1919	1	-701.4818	-701.4699	-0.01192149	0.01192149
1920	0	-701.206	-701.1946	-0.01135204	0.01135204
1921	1	-701.7475	-701.7352	-0.01221967	0.01221967
1922	0	-701.1913	-701.18	-0.01125631	0.01125631
1923	1	-701.1862	-701.175	-0.01116219	0.01116219
1924	0	-701.1876	-701.1765	-0.01110723	0.01110723
1925	1	-703.4612	-703.4479	-0.0133688	0.0133688
1926	0	-701.2643	-701.2536	-0.01077963	0.01077963
1927	1	-701.1983	-701.187	-0.0113096	0.0113096
1928	0	-701.2599	-701.2491	-0.01079048	0.01079048
1929	1	-702.0668	-702.0568	-0.009924974	0.009924974
1930	0	-701.4203	-701.4085	-0.01183564	0.01183564
1931	1	-701.187	-701.1758	-0.01119709	0.01119709
1932	0	-702.7042	-702.6912	-0.01294186	0.01294186
1933	1	-701.7196	-701.7094	-0.01018936	0.01018936
1934	0	-701.232	-701.2212	-0.01086738	0.01086738
1935	1	-701.3166	-701.3059	-0.01067103	0.01067103
1936	0	-701.4366	-701.4261	-0.01048737	0.01048737
1937	1	-702.2541	-702.2443	-0.00980593	0.00980593
1938	0	-701.8981	-701.888	-0.01004461	0.01004461
1939	1	-702.1978	-702.1879	-0.009840437	0.009840437
1940	0	-702.5052	-702.4923	-0.01281465	0.01281465
1941	1	-701.2042	-701.1932	-0.01097526	0.01097526
1942	0	-701.6993	-701.6891	-0.01020736	0.01020736
1943	1	-701.1892	-701.1781	-0.01108338	0.01108338
1944	0	-702.2515	-702.2389	-0.0126392	0.0126392
1945	1	-701.414	-701.4022	-0.01182626	0.01182626
1946	0	-701.4736	-701.4617	-0.01191059	0.01191059
1947	1	-701.2257	-701.2142	-0.01143282	0.01143282
1948	0	-701.7287	-701.7165	-0.01220115	0.01220115
1949	1	-701.6755	-701.6652	-0.01022896	0.01022896
1950	0	-701.4278	-701.4174	-0.01049897	0.01049897
1951	1	-701.5358	-701.5238	-0.01198999	0.01198999
1952	0	-701.4479	-701.4374	-0.0104728	0.0104728
1953	1	-701.1866	-701.1754	-0.01118572	0.01118572
1954	0	-701.4854	-701.4735	-0.01192628	0.01192628
1955	1	-701.1868	-701.1756	-0.01119209	0.01119209
1956	0	-701.3999	-701.3893	-0.0105375	0.0105375
1957	1	-701.1869	-701.1757	-0.01119505	0.01119505
1958	0	-703.6645	-703.651	-0.0134722	0.0134722
1959	1	-701.2122	-701.2008	-0.01138058	0.01138058
1960	0	-701.2186	-701.2077	-0.01091325	0.01091325
1961	1	-701.8608	-701.8485	-0.01232572	0.01232572
1962	0	-701.5556	-701.5436	-0.01201392	0.01201392
1963	1	-701.2269	-701.2154	-0.01143697	0.01143697
1964	0	-701.7105	-701.6983	-0.01218296	0.01218296
1965	1	-701.733	-701.7228	-0.01017763	0.01017763
1966	0	-706.1482	-706.1337	-0.01452874	0.01452874
1967	1	-703.3993	-703.39	-0.009250994	0.009250994
1968	0	-702.3902	-702.3774	-0.0127372	0.0127372
1969	1	-701.2318	-701.221	-0.01086794	0.01086794
1970	0	-701.3693	-701.3587	-0.01058269	0.01058269
1971	1	-701.246	-701.2352	-0.01082649	0.01082649
1972	0	-701.4945	-701.4841	-0.01041568	0.01041568
1973	1	-704.5679	-704.554	-0.0138932	0.0138932
1974	0	-701.2247	-701.2132	-0.01142927	0.01142927
1975	1	-701.2352	-701.2243	-0.01085768	0.01085768
1976	0	-701.3242	-701.3135	-0.01065732	0.01065732
1977	1	-701.401	-701.3904	-0.01053591	0.01053591
1978	0	-702.8422	-702.8292	-0.01302575	0.01302575
1979	1	-701.1865	-701.1754	-0.01113365	0.01113365
1980	0	-701.5925	-701.5804	-0.01205682	0.01205682
1981	1	-701.2382	-701.2267	-0.01147379	0.01147379
1982	0	-702.0472	-702.0373	-0.009938165	0.009938165
1983	1	-701.8149	-701.8048	-0.01010932	0.01010932
1984	0	-701.1877	-701.1764	-0.01121081	0.01121081
1985	1	-701.2588	-701.2481	-0.01079301	0.01079301
1986	0	-701.9895	-701.9796	-0.009978047	0.009978047
1987	1	-701.3104	-701.2988	-0.01164876	0.01164876
1988	0	-702.0375	-702.025	-0.01247564	0.01247564
1989	1	-702.0293	-702.0193	-0.009950392	0.009950392
1990	0	-702.3304	-702.3177	-0.01269562	0.01269562
1991	1	-701.5889	-701.5786	-0.01031267	0.01031267
1992	0	-701.8182	-701.8081	-0.01010665	0.01010665
1993	1	-701.816	-701.8037	-0.01228487	0.01228487
1994	0	-701.4539	-701.4421	-0.01188377	0.01188377
1995	1	-702.0724	-702.0599	-0.01250349	0.01250349
1996	0	-702.0624	-702.0499	-0.01249557	0.01249557
1997	1	-701.1888	-701.1777	-0.01108836	0.01108836
1998	0	-701.6416	-701.6295	-0.01211118	0.01211118
1999	1	-701.2049	-701.1939	-0.01097155	0.01097155
2000	0	-701.1977	-701.1866	-0.01101192	0.01101192
2001	1	-701.721	-701.7088	-0.01219348	0.01219348
